


materialPath: D:\Software\Steam\steamapps\common\Team Fortress 2\tf\materials
Loading z:\dovahkiin-warrior\firehost-redux-custom\maps_src\ashtonsworld_alpha005.vmf
fixing up env_cubemap materials on brush sides...
0...1...2...3...4...5...6...7...8...9...100...1...2...3...4...5...6...7...8...9...10Processing areas...done (0)
Building Faces...done (1)
Chop Details...done (0)
Find Visible Detail Sides...
Merged 1078 detail faces...done (0)
Merging details...done (0)
FixTjuncs...
PruneNodes...
WriteBSP...
done (0)
writing z:\dovahkiin-warrior\firehost-redux-custom\maps_src\ashtonsworld_alpha005.prt...Building visibility clusters...
done (1)
WARNING: node without a volume
WARNING: node without a volume
Creating default LDR cubemaps for env_cubemap using skybox materials:
   skybox/sky_fantasy*.vmt
 ! Run buildcubemaps in the engine to get the correct cube maps.
Creating default HDR cubemaps for env_cubemap using skybox materials:
   skybox/sky_fantasy*.vmt
 ! Run buildcubemaps in the engine to get the correct cube maps.
Finding displacement neighbors...
Finding lightmap sample positions...
Displacement Alpha : 0...1...2...3...4...5...6...7...8...9...10
Building Physics collision data...
done (1) (842803 bytes)
Placing detail props : 0...1...2...3...4...5...6...7...8...9...10
Compacting texture/material tables...
Reduced 7130 texinfos to 4214
Reduced 313 texdatas to 272 (18591 bytes to 16555)
Writing z:\dovahkiin-warrior\firehost-redux-custom\maps_src\ashtonsworld_alpha005.bsp
Wrote ZIP buffer, estimated size 4736892, actual size 4686696
13 seconds elapsed



6 threads
reading z:\dovahkiin-warrior\firehost-redux-custom\maps_src\ashtonsworld_alpha005.bsp
reading z:\dovahkiin-warrior\firehost-redux-custom\maps_src\ashtonsworld_alpha005.prt
1683 portalclusters
4537 numportals
0...1...2...3...4...5...6...7...8...9...10Optimized: 26306 visible clusters (0.98%)
Total clusters visible: 2684563
Average clusters visible: 1595
Building PAS...
Average clusters audible: 1667
visdatasize:717493  compressed from 727056
writing z:\dovahkiin-warrior\firehost-redux-custom\maps_src\ashtonsworld_alpha005.bsp
3 seconds elapsed



[Reading texlights from 'lights.rad']
[56 texlights parsed from 'lights.rad']

Loading z:\dovahkiin-warrior\firehost-redux-custom\maps_src\ashtonsworld_alpha005.bsp
11396 faces
6 degenerate faces
17748870 square feet [2555837184.00 square inches]
227 Displacements
3347336 Square Feet [482016416.00 Square Inches]
11390 patches before subdivision
171082 patches after subdivision
55 direct lights
0...1...2...3...4...5...6...7...8...9...100...1...2...3...4...5...6...7...8...9...10transfers 22760014, max 1601
transfer lists: 173.6 megs
0...1...2...3...4...5...6...7...8...9...10	Bounce #1 added RGB(121873, 42132, 7061)
0...1...2...3...4...5...6...7...8...9...10	Bounce #2 added RGB(20075, 15251, 3172)
Build Patch/Sample Hash Table(s).....Done<0.1658 sec>
0...1...2...3...4...5...6...7...8...9...10FinalLightFace Done
0 of 0 (0% of) surface lights went in leaf ambient cubes.
0...1...2...3...4...5...6...7...8...9...10Writing leaf ambient...done
Ready to Finish

Object names       Objects/Maxobjs  Memory / Maxmem  Fullness 
------------       ---------------  ---------------  -------- 
models                  45/1024         2160/49152    ( 4.4%) 
brushes               2172/8192        26064/98304    (26.5%) 
brushsides           19536/65536      156288/524288   (29.8%) 
planes               19298/65536      385960/1310720  (29.4%) 
vertexes             17986/65536      215832/786432   (27.4%) 
nodes                 4248/65536      135936/2097152  ( 6.5%) 
texinfos              4214/12288      303408/884736   (34.3%) 
texdata                272/2048         8704/65536    (13.3%) 
dispinfos              227/0           39952/0        ( 0.0%) 
disp_verts            9259/0          185180/0        ( 0.0%) 
disp_tris            13408/0           26816/0        ( 0.0%) 
disp_lmsamples     4268096/0         4268096/0        ( 0.0%) 
faces                11396/65536      638176/3670016  (17.4%) 
hdr faces                0/65536           0/3670016  ( 0.0%) 
origfaces             8051/65536      450856/3670016  (12.3%) 
leaves                4294/65536      137408/2097152  ( 6.6%) 
leaffaces            12361/65536       24722/131072   (18.9%) 
leafbrushes           4159/65536        8318/131072   ( 6.3%) 
areas                    3/256            24/2048     ( 1.2%) 
surfedges            88015/512000     352060/2048000  (17.2%) 
edges                55215/256000     220860/1024000  (21.6%) 
LDR worldlights         55/8192         4840/720896   ( 0.7%) 
HDR worldlights          0/8192            0/720896   ( 0.0%) 
leafwaterdata            2/32768          24/393216   ( 0.0%) 
waterstrips           1130/32768       11300/327680   ( 3.4%) 
waterverts               0/65536           0/786432   ( 0.0%) 
waterindices         24987/65536       49974/131072   (38.1%) 
cubemapsamples          55/1024          880/16384    ( 5.4%) 
overlays                 0/512             0/180224   ( 0.0%) 
LDR lightdata         [variable]    11276272/0        ( 0.0%) 
HDR lightdata         [variable]           0/0        ( 0.0%) 
visdata               [variable]      717493/16777216 ( 4.3%) 
entdata               [variable]      193785/393216   (49.3%) 
LDR ambient table     4294/65536       17176/262144   ( 6.6%) 
HDR ambient table     4294/65536       17176/262144   ( 6.6%) 
LDR leaf ambient     13877/65536      388556/1835008  (21.2%) 
HDR leaf ambient      4294/65536      120232/1835008  ( 6.6%) 
occluders                0/0               0/0        ( 0.0%) 
occluder polygons        0/0               0/0        ( 0.0%) 
occluder vert ind        0/0               0/0        ( 0.0%) 
detail props          [variable]           1/12       ( 8.3%) 
static props          [variable]           1/5568     ( 0.0%) 
pakfile               [variable]     4686696/0        ( 0.0%) 
physics               [variable]      842803/4194304  (20.1%) 
physics terrain       [variable]       52703/1048576  ( 5.0%) 

Level flags = 0

Total triangle count: 32795
Writing z:\dovahkiin-warrior\firehost-redux-custom\maps_src\ashtonsworld_alpha005.bsp
4 minutes, 31 seconds elapsed



materialPath: D:\Software\Steam\steamapps\common\Team Fortress 2\tf\materials
Loading z:\dovahkiin-warrior\firehost-redux-custom\maps_src\ashtonsworld_alpha005.vmf
fixing up env_cubemap materials on brush sides...
0...1...2...3...4...5...6...7...8...9...100...1...2...3...4...5...6...7...8...9...10Processing areas...done (0)
Building Faces...done (1)
Chop Details...done (0)
Find Visible Detail Sides...
Merged 1078 detail faces...done (0)
Merging details...done (0)
FixTjuncs...
PruneNodes...
WriteBSP...
done (1)
writing z:\dovahkiin-warrior\firehost-redux-custom\maps_src\ashtonsworld_alpha005.prt...Building visibility clusters...
done (0)
WARNING: node without a volume
WARNING: node without a volume
Creating default LDR cubemaps for env_cubemap using skybox materials:
   skybox/sky_fantasy*.vmt
 ! Run buildcubemaps in the engine to get the correct cube maps.
Creating default HDR cubemaps for env_cubemap using skybox materials:
   skybox/sky_fantasy*.vmt
 ! Run buildcubemaps in the engine to get the correct cube maps.
Finding displacement neighbors...
Finding lightmap sample positions...
Displacement Alpha : 0...1...2...3...4...5...6...7...8...9...10
Building Physics collision data...
done (0) (842803 bytes)
Placing detail props : 0...1...2...3...4...5...6...7...8...9...10
Compacting texture/material tables...
Reduced 7130 texinfos to 4214
Reduced 313 texdatas to 272 (18591 bytes to 16555)
Writing z:\dovahkiin-warrior\firehost-redux-custom\maps_src\ashtonsworld_alpha005.bsp
Wrote ZIP buffer, estimated size 4736892, actual size 4686696
13 seconds elapsed



6 threads
reading z:\dovahkiin-warrior\firehost-redux-custom\maps_src\ashtonsworld_alpha005.bsp
reading z:\dovahkiin-warrior\firehost-redux-custom\maps_src\ashtonsworld_alpha005.prt
1683 portalclusters
4537 numportals
0...1...2...3...4...5...6...7...8...9...10Optimized: 26306 visible clusters (0.98%)
Total clusters visible: 2684563
Average clusters visible: 1595
Building PAS...
Average clusters audible: 1667
visdatasize:717493  compressed from 727056
writing z:\dovahkiin-warrior\firehost-redux-custom\maps_src\ashtonsworld_alpha005.bsp
3 seconds elapsed



materialPath: D:\Software\Steam\steamapps\common\Team Fortress 2\tf\materials
Loading z:\dovahkiin-warrior\firehost-redux-custom\maps_src\ashtonsworld_alpha005.vmf
fixing up env_cubemap materials on brush sides...
0...1...2...3...4...5...6...7...8...9...100...1...2...3...4...5...6...7...8...9...10Processing areas...done (0)
Building Faces...done (1)
Chop Details...done (0)
Find Visible Detail Sides...
Merged 1078 detail faces...done (0)
Merging details...done (0)
FixTjuncs...
PruneNodes...
WriteBSP...
done (1)
writing z:\dovahkiin-warrior\firehost-redux-custom\maps_src\ashtonsworld_alpha005.prt...Building visibility clusters...
done (0)
WARNING: node without a volume
WARNING: node without a volume
Creating default LDR cubemaps for env_cubemap using skybox materials:
   skybox/sky_fantasy*.vmt
 ! Run buildcubemaps in the engine to get the correct cube maps.
Creating default HDR cubemaps for env_cubemap using skybox materials:
   skybox/sky_fantasy*.vmt
 ! Run buildcubemaps in the engine to get the correct cube maps.
Finding displacement neighbors...
Finding lightmap sample positions...
Displacement Alpha : 0...1...2...3...4...5...6...7...8...9...10
Building Physics collision data...
done (1) (842803 bytes)
Placing detail props : 0...1...2...3...4...5...6...7...8...9...10
Compacting texture/material tables...
Reduced 7130 texinfos to 4214
Reduced 313 texdatas to 272 (18591 bytes to 16555)
Writing z:\dovahkiin-warrior\firehost-redux-custom\maps_src\ashtonsworld_alpha005.bsp
Wrote ZIP buffer, estimated size 4736892, actual size 4686696
13 seconds elapsed



6 threads
reading z:\dovahkiin-warrior\firehost-redux-custom\maps_src\ashtonsworld_alpha005.bsp
reading z:\dovahkiin-warrior\firehost-redux-custom\maps_src\ashtonsworld_alpha005.prt
1683 portalclusters
4537 numportals
0...1...2...3...4...5...6...7...8...9...10Optimized: 26306 visible clusters (0.98%)
Total clusters visible: 2684563
Average clusters visible: 1595
Building PAS...
Average clusters audible: 1667
visdatasize:717493  compressed from 727056
writing z:\dovahkiin-warrior\firehost-redux-custom\maps_src\ashtonsworld_alpha005.bsp
3 seconds elapsed



materialPath: D:\Software\Steam\steamapps\common\Team Fortress 2\tf\materials
Loading z:\dovahkiin-warrior\firehost-redux-custom\maps_src\ashtonsworld_alpha005.vmf
fixing up env_cubemap materials on brush sides...
0...1...2...3...4...5...6...7...8...9...100...1...2...3...4...5...6...7...8...9...10Processing areas...done (0)
Building Faces...done (1)
Chop Details...done (0)
Find Visible Detail Sides...
Merged 1078 detail faces...done (1)
Merging details...done (0)
FixTjuncs...
PruneNodes...
WriteBSP...
done (1)
writing z:\dovahkiin-warrior\firehost-redux-custom\maps_src\ashtonsworld_alpha005.prt...Building visibility clusters...
done (0)
WARNING: node without a volume
WARNING: node without a volume
Creating default LDR cubemaps for env_cubemap using skybox materials:
   skybox/sky_fantasy*.vmt
 ! Run buildcubemaps in the engine to get the correct cube maps.
Creating default HDR cubemaps for env_cubemap using skybox materials:
   skybox/sky_fantasy*.vmt
 ! Run buildcubemaps in the engine to get the correct cube maps.
Finding displacement neighbors...
Finding lightmap sample positions...
Displacement Alpha : 0...1...2...3...4...5...6...7...8...9...10
Building Physics collision data...
done (0) (842803 bytes)
Placing detail props : 0...1...2...3...4...5...6...7...8...9...10
Compacting texture/material tables...
Reduced 7130 texinfos to 4214
Reduced 313 texdatas to 272 (18591 bytes to 16555)
Writing z:\dovahkiin-warrior\firehost-redux-custom\maps_src\ashtonsworld_alpha005.bsp
Wrote ZIP buffer, estimated size 4736892, actual size 4686696
15 seconds elapsed



6 threads
reading z:\dovahkiin-warrior\firehost-redux-custom\maps_src\ashtonsworld_alpha005.bsp
reading z:\dovahkiin-warrior\firehost-redux-custom\maps_src\ashtonsworld_alpha005.prt
1683 portalclusters
4537 numportals
0...1...2...3...4...5...6...7...8...9...10Optimized: 26306 visible clusters (0.98%)
Total clusters visible: 2684563
Average clusters visible: 1595
Building PAS...
Average clusters audible: 1667
visdatasize:717493  compressed from 727056
writing z:\dovahkiin-warrior\firehost-redux-custom\maps_src\ashtonsworld_alpha005.bsp
3 seconds elapsed



materialPath: D:\Software\Steam\steamapps\common\Team Fortress 2\tf\materials
Loading z:\dovahkiin-warrior\firehost-redux-custom\maps_src\ashtonsworld_alpha005.vmf
fixing up env_cubemap materials on brush sides...
0...1...2...3...4...5...6...7...8...9...100...1...2...3...4...5...6...7...8...9...10Processing areas...done (0)
Building Faces...done (1)
Chop Details...done (0)
Find Visible Detail Sides...
Merged 1078 detail faces...done (0)
Merging details...done (0)
FixTjuncs...
PruneNodes...
WriteBSP...
done (1)
writing z:\dovahkiin-warrior\firehost-redux-custom\maps_src\ashtonsworld_alpha005.prt...Building visibility clusters...
done (0)
WARNING: node without a volume
WARNING: node without a volume
Creating default LDR cubemaps for env_cubemap using skybox materials:
   skybox/sky_fantasy*.vmt
 ! Run buildcubemaps in the engine to get the correct cube maps.
Creating default HDR cubemaps for env_cubemap using skybox materials:
   skybox/sky_fantasy*.vmt
 ! Run buildcubemaps in the engine to get the correct cube maps.
Finding displacement neighbors...
Finding lightmap sample positions...
Displacement Alpha : 0...1...2...3...4...5...6...7...8...9...10
Building Physics collision data...
done (1) (842803 bytes)
Placing detail props : 0...1...2...3...4...5...6...7...8...9...10
Compacting texture/material tables...
Reduced 7130 texinfos to 4214
Reduced 313 texdatas to 272 (18591 bytes to 16555)
Writing z:\dovahkiin-warrior\firehost-redux-custom\maps_src\ashtonsworld_alpha005.bsp
Wrote ZIP buffer, estimated size 4736892, actual size 4686696
14 seconds elapsed



6 threads
reading z:\dovahkiin-warrior\firehost-redux-custom\maps_src\ashtonsworld_alpha005.bsp
reading z:\dovahkiin-warrior\firehost-redux-custom\maps_src\ashtonsworld_alpha005.prt
1683 portalclusters
4537 numportals
0...1...2...3...4...5...6...7...8...9...10Optimized: 26306 visible clusters (0.98%)
Total clusters visible: 2684563
Average clusters visible: 1595
Building PAS...
Average clusters audible: 1667
visdatasize:717493  compressed from 727056
writing z:\dovahkiin-warrior\firehost-redux-custom\maps_src\ashtonsworld_alpha005.bsp
4 seconds elapsed



materialPath: D:\Software\Steam\steamapps\common\Team Fortress 2\tf\materials
Loading z:\dovahkiin-warrior\firehost-redux-custom\maps_src\ashtonsworld_alpha005.vmf
fixing up env_cubemap materials on brush sides...
0...1...2...3...4...5...6...7...8...9...100...1...2...3...4...5...6...7...8...9...10Processing areas...done (0)
Building Faces...done (1)
Chop Details...done (0)
Find Visible Detail Sides...
Merged 1078 detail faces...done (0)
Merging details...done (0)
FixTjuncs...
PruneNodes...
WriteBSP...
done (1)
writing z:\dovahkiin-warrior\firehost-redux-custom\maps_src\ashtonsworld_alpha005.prt...Building visibility clusters...
done (0)
WARNING: node without a volume
WARNING: node without a volume
Creating default LDR cubemaps for env_cubemap using skybox materials:
   skybox/sky_fantasy*.vmt
 ! Run buildcubemaps in the engine to get the correct cube maps.
Creating default HDR cubemaps for env_cubemap using skybox materials:
   skybox/sky_fantasy*.vmt
 ! Run buildcubemaps in the engine to get the correct cube maps.
Finding displacement neighbors...
Finding lightmap sample positions...
Displacement Alpha : 0...1...2...3...4...5...6...7...8...9...10
Building Physics collision data...
done (1) (842803 bytes)
Placing detail props : 0...1...2...3...4...5...6...7...8...9...10
Compacting texture/material tables...
Reduced 7130 texinfos to 4214
Reduced 313 texdatas to 272 (18591 bytes to 16555)



6 threads
reading z:\dovahkiin-warrior\firehost-redux-custom\maps_src\ashtonsworld_alpha005.bsp
reading z:\dovahkiin-warrior\firehost-redux-custom\maps_src\ashtonsworld_alpha005.prt
1683 portalclusters
4537 numportals
0...1...2...3...4...5...6...7...8...9...10Optimized: 26306 visible clusters (0.98%)
Total clusters visible: 2684563
Average clusters visible: 1595
Building PAS...
Average clusters audible: 1667
visdatasize:717493  compressed from 727056
writing z:\dovahkiin-warrior\firehost-redux-custom\maps_src\ashtonsworld_alpha005.bsp



materialPath: D:\Software\Steam\steamapps\common\Team Fortress 2\tf\materials
Loading z:\dovahkiin-warrior\firehost-redux-custom\maps_src\ashtonsworld_alpha005.vmf
fixing up env_cubemap materials on brush sides...
0...1...2...3...4...5...6...7...8...9...100...1...2...3...4...5...6...7...8...9...10Processing areas...done (0)
Building Faces...done (0)
Chop Details...done (0)
Find Visible Detail Sides...
Merged 1078 detail faces...done (0)
Merging details...done (1)
FixTjuncs...
PruneNodes...
WriteBSP...
done (0)
writing z:\dovahkiin-warrior\firehost-redux-custom\maps_src\ashtonsworld_alpha005.prt...Building visibility clusters...
done (0)
WARNING: node without a volume
WARNING: node without a volume
Creating default LDR cubemaps for env_cubemap using skybox materials:
   skybox/sky_fantasy*.vmt
 ! Run buildcubemaps in the engine to get the correct cube maps.
Creating default HDR cubemaps for env_cubemap using skybox materials:
   skybox/sky_fantasy*.vmt
 ! Run buildcubemaps in the engine to get the correct cube maps.
Finding displacement neighbors...
Finding lightmap sample positions...
Displacement Alpha : 0...1...2...3...4...5...6...7...8...9...10
Building Physics collision data...
done (0) (842803 bytes)
Placing detail props : 0...1...2...3...4...5...6...7...8...9...10
Compacting texture/material tables...
Reduced 7130 texinfos to 4214
Reduced 313 texdatas to 272 (18591 bytes to 16555)
Writing z:\dovahkiin-warrior\firehost-redux-custom\maps_src\ashtonsworld_alpha005.bsp
Wrote ZIP buffer, estimated size 4736892, actual size 4686696
11 seconds elapsed



6 threads
reading z:\dovahkiin-warrior\firehost-redux-custom\maps_src\ashtonsworld_alpha005.bsp
reading z:\dovahkiin-warrior\firehost-redux-custom\maps_src\ashtonsworld_alpha005.prt
1683 portalclusters
4537 numportals
0...1...2...3...4...5...6...7...8...9...10Optimized: 26306 visible clusters (0.98%)
Total clusters visible: 2684563
Average clusters visible: 1595
Building PAS...
Average clusters audible: 1667
visdatasize:717493  compressed from 727056
writing z:\dovahkiin-warrior\firehost-redux-custom\maps_src\ashtonsworld_alpha005.bsp
3 seconds elapsed



[Reading texlights from 'lights.rad']
[56 texlights parsed from 'lights.rad']

Loading z:\dovahkiin-warrior\firehost-redux-custom\maps_src\ashtonsworld_alpha005.bsp
11396 faces
6 degenerate faces
17748870 square feet [2555837184.00 square inches]
227 Displacements
3347336 Square Feet [482016416.00 Square Inches]
11390 patches before subdivision
171082 patches after subdivision
55 direct lights
0...1...2...3...4...5...6...7...8...9...100...1...2...3...4...5...6...7...8...9...10transfers 22760014, max 1601
transfer lists: 173.6 megs
0...1...2...3...4...5...6...7...8...9...10	Bounce #1 added RGB(121873, 42132, 7061)
0...1...2...3...4...5...6...7...8...9...10	Bounce #2 added RGB(20075, 15251, 3172)
Build Patch/Sample Hash Table(s).....Done<0.1330 sec>
0...1...2...3...4...5...6...7...8...9...10FinalLightFace Done
0 of 0 (0% of) surface lights went in leaf ambient cubes.
0...1...2...3...4...5...6...7...8...9...10Writing leaf ambient...done
Ready to Finish

Object names       Objects/Maxobjs  Memory / Maxmem  Fullness 
------------       ---------------  ---------------  -------- 
models                  45/1024         2160/49152    ( 4.4%) 
brushes               2172/8192        26064/98304    (26.5%) 
brushsides           19536/65536      156288/524288   (29.8%) 
planes               19298/65536      385960/1310720  (29.4%) 
vertexes             17986/65536      215832/786432   (27.4%) 
nodes                 4248/65536      135936/2097152  ( 6.5%) 
texinfos              4214/12288      303408/884736   (34.3%) 
texdata                272/2048         8704/65536    (13.3%) 
dispinfos              227/0           39952/0        ( 0.0%) 
disp_verts            9259/0          185180/0        ( 0.0%) 
disp_tris            13408/0           26816/0        ( 0.0%) 
disp_lmsamples     4268096/0         4268096/0        ( 0.0%) 
faces                11396/65536      638176/3670016  (17.4%) 
hdr faces                0/65536           0/3670016  ( 0.0%) 
origfaces             8051/65536      450856/3670016  (12.3%) 
leaves                4294/65536      137408/2097152  ( 6.6%) 
leaffaces            12361/65536       24722/131072   (18.9%) 
leafbrushes           4159/65536        8318/131072   ( 6.3%) 
areas                    3/256            24/2048     ( 1.2%) 
surfedges            88015/512000     352060/2048000  (17.2%) 
edges                55215/256000     220860/1024000  (21.6%) 
LDR worldlights         55/8192         4840/720896   ( 0.7%) 
HDR worldlights          0/8192            0/720896   ( 0.0%) 
leafwaterdata            2/32768          24/393216   ( 0.0%) 
waterstrips           1130/32768       11300/327680   ( 3.4%) 
waterverts               0/65536           0/786432   ( 0.0%) 
waterindices         24987/65536       49974/131072   (38.1%) 
cubemapsamples          55/1024          880/16384    ( 5.4%) 
overlays                 0/512             0/180224   ( 0.0%) 
LDR lightdata         [variable]    11276272/0        ( 0.0%) 
HDR lightdata         [variable]           0/0        ( 0.0%) 
visdata               [variable]      717493/16777216 ( 4.3%) 
entdata               [variable]      196251/393216   (49.9%) 
LDR ambient table     4294/65536       17176/262144   ( 6.6%) 
HDR ambient table     4294/65536       17176/262144   ( 6.6%) 
LDR leaf ambient     13877/65536      388556/1835008  (21.2%) 
HDR leaf ambient      4294/65536      120232/1835008  ( 6.6%) 
occluders                0/0               0/0        ( 0.0%) 
occluder polygons        0/0               0/0        ( 0.0%) 
occluder vert ind        0/0               0/0        ( 0.0%) 
detail props          [variable]           1/12       ( 8.3%) 
static props          [variable]           1/5568     ( 0.0%) 
pakfile               [variable]     4686696/0        ( 0.0%) 
physics               [variable]      842803/4194304  (20.1%) 
physics terrain       [variable]       52703/1048576  ( 5.0%) 

Level flags = 0

Total triangle count: 32795
Writing z:\dovahkiin-warrior\firehost-redux-custom\maps_src\ashtonsworld_alpha005.bsp
4 minutes, 26 seconds elapsed



materialPath: D:\Software\Steam\steamapps\common\Team Fortress 2\tf\materials
Loading Z:\Dovahkiin-Warrior\FireHost-Redux-Custom\maps_src\ashtonsworld_alpha005.vmf
fixing up env_cubemap materials on brush sides...
0...1...2...3...4...5...6...7...8...9...100...1...2...3...4...5...6...7...8...9...10Processing areas...done (0)
Building Faces...done (1)
Chop Details...done (0)
Find Visible Detail Sides...
Merged 1078 detail faces...done (0)
Merging details...done (0)
FixTjuncs...
PruneNodes...
WriteBSP...
done (1)
writing Z:\Dovahkiin-Warrior\FireHost-Redux-Custom\maps_src\ashtonsworld_alpha005.prt...Building visibility clusters...
done (0)
WARNING: node without a volume
WARNING: node without a volume
Creating default LDR cubemaps for env_cubemap using skybox materials:
   skybox/sky_fantasy*.vmt
 ! Run buildcubemaps in the engine to get the correct cube maps.
Creating default HDR cubemaps for env_cubemap using skybox materials:
   skybox/sky_fantasy*.vmt
 ! Run buildcubemaps in the engine to get the correct cube maps.
Finding displacement neighbors...
Finding lightmap sample positions...
Displacement Alpha : 0...1...2...3...4...5...6...7...8...9...10
Building Physics collision data...
done (1) (842803 bytes)
Placing detail props : 0...1...2...3...4...5...6...7...8...9...10
Compacting texture/material tables...
Reduced 7130 texinfos to 4214
Reduced 313 texdatas to 272 (18591 bytes to 16555)
Writing Z:\Dovahkiin-Warrior\FireHost-Redux-Custom\maps_src\ashtonsworld_alpha005.bsp
Wrote ZIP buffer, estimated size 4736892, actual size 4686696
14 seconds elapsed



6 threads
reading z:\dovahkiin-warrior\firehost-redux-custom\maps_src\ashtonsworld_alpha005.bsp
reading z:\dovahkiin-warrior\firehost-redux-custom\maps_src\ashtonsworld_alpha005.prt
1683 portalclusters
4537 numportals
0...1...2...3...4...5...6...7...8...9...100...1...2...3...


materialPath: D:\Software\Steam\steamapps\common\Team Fortress 2\tf\materials
Loading Z:\Dovahkiin-Warrior\FireHost-Redux-Custom\maps_src\ashtonsworld_alpha005.vmf
fixing up env_cubemap materials on brush sides...
0...1...2...3...4...5...6...7...8...9...100...1...2...3...4...5...6...7...8...9...10Processing areas...done (0)
Building Faces...done (0)
Chop Details...done (0)
Find Visible Detail Sides...
Merged 1078 detail faces...done (0)
Merging details...done (1)
FixTjuncs...
PruneNodes...
WriteBSP...
done (0)
writing Z:\Dovahkiin-Warrior\FireHost-Redux-Custom\maps_src\ashtonsworld_alpha005.prt...Building visibility clusters...
done (0)
WARNING: node without a volume
WARNING: node without a volume
Creating default LDR cubemaps for env_cubemap using skybox materials:
   skybox/sky_fantasy*.vmt
 ! Run buildcubemaps in the engine to get the correct cube maps.
Creating default HDR cubemaps for env_cubemap using skybox materials:
   skybox/sky_fantasy*.vmt
 ! Run buildcubemaps in the engine to get the correct cube maps.
Finding displacement neighbors...
Finding lightmap sample positions...
Displacement Alpha : 0...1...2...3...4...5...6...7...8...9...10
Building Physics collision data...
done (1) (842803 bytes)
Placing detail props : 0...1...2...3...4...5...6...7...8...9...10
Compacting texture/material tables...
Reduced 7130 texinfos to 4214
Reduced 313 texdatas to 272 (18591 bytes to 16555)
Writing Z:\Dovahkiin-Warrior\FireHost-Redux-Custom\maps_src\ashtonsworld_alpha005.bsp
Wrote ZIP buffer, estimated size 4736892, actual size 4686696
12 seconds elapsed



6 threads
reading z:\dovahkiin-warrior\firehost-redux-custom\maps_src\ashtonsworld_alpha005.bsp
reading z:\dovahkiin-warrior\firehost-redux-custom\maps_src\ashtonsworld_alpha005.prt
1683 portalclusters
4537 numportals
0...1...2...3...4...5...6...7...8...9...10Optimized: 26306 visible clusters (0.98%)
Total clusters visible: 2684563
Average clusters visible: 1595
Building PAS...
Average clusters audible: 1667
visdatasize:717493  compressed from 727056
writing z:\dovahkiin-warrior\firehost-redux-custom\maps_src\ashtonsworld_alpha005.bsp
3 seconds elapsed



[Reading texlights from 'lights.rad']
[56 texlights parsed from 'lights.rad']

Loading z:\dovahkiin-warrior\firehost-redux-custom\maps_src\ashtonsworld_alpha005.bsp
11396 faces
6 degenerate faces
17748870 square feet [2555837184.00 square inches]
227 Displacements
3347336 Square Feet [482016416.00 Square Inches]
11390 patches before subdivision
11390 patches after subdivision
55 direct lights
0...1...2...3...4...5...6...7...8...9...100...1...2...3...4...5...6...7...8...9...10transfers 2318866, max 1582
transfer lists:  17.7 megs
0...1...2...3...4...5...6...7...8...9...10	Bounce #1 added RGB(16061, 4131, 696)
0...1...2...3...4...5...6...7...8...9...10	Bounce #2 added RGB(1474, 304, 45)
0...1...2...3...4...5...6...7...8...9...10	Bounce #3 added RGB(148, 26, 4)
0...1...2...3...4...5...6...7...8...9...10	Bounce #4 added RGB(16, 3, 0)
Build Patch/Sample Hash Table(s).....Done<0.1248 sec>
0...1...2...3...4...5...6...7...8...9...10FinalLightFace Done
0 of 0 (0% of) surface lights went in leaf ambient cubes.
0...1...2...3...4...5...6...7...8...9...10Writing leaf ambient...done
Ready to Finish

Object names       Objects/Maxobjs  Memory / Maxmem  Fullness 
------------       ---------------  ---------------  -------- 
models                  45/1024         2160/49152    ( 4.4%) 
brushes               2172/8192        26064/98304    (26.5%) 
brushsides           19536/65536      156288/524288   (29.8%) 
planes               19298/65536      385960/1310720  (29.4%) 
vertexes             17986/65536      215832/786432   (27.4%) 
nodes                 4248/65536      135936/2097152  ( 6.5%) 
texinfos              4214/12288      303408/884736   (34.3%) 
texdata                272/2048         8704/65536    (13.3%) 
dispinfos              227/0           39952/0        ( 0.0%) 
disp_verts            9259/0          185180/0        ( 0.0%) 
disp_tris            13408/0           26816/0        ( 0.0%) 
disp_lmsamples     4268096/0         4268096/0        ( 0.0%) 
faces                11396/65536      638176/3670016  (17.4%) 
hdr faces                0/65536           0/3670016  ( 0.0%) 
origfaces             8051/65536      450856/3670016  (12.3%) 
leaves                4294/65536      137408/2097152  ( 6.6%) 
leaffaces            12361/65536       24722/131072   (18.9%) 
leafbrushes           4159/65536        8318/131072   ( 6.3%) 
areas                    3/256            24/2048     ( 1.2%) 
surfedges            88015/512000     352060/2048000  (17.2%) 
edges                55215/256000     220860/1024000  (21.6%) 
LDR worldlights         55/8192         4840/720896   ( 0.7%) 
HDR worldlights          0/8192            0/720896   ( 0.0%) 
leafwaterdata            2/32768          24/393216   ( 0.0%) 
waterstrips           1130/32768       11300/327680   ( 3.4%) 
waterverts               0/65536           0/786432   ( 0.0%) 
waterindices         24987/65536       49974/131072   (38.1%) 
cubemapsamples          55/1024          880/16384    ( 5.4%) 
overlays                 0/512             0/180224   ( 0.0%) 
LDR lightdata         [variable]    11276272/0        ( 0.0%) 
HDR lightdata         [variable]           0/0        ( 0.0%) 
visdata               [variable]      717493/16777216 ( 4.3%) 
entdata               [variable]      197266/393216   (50.2%) 
LDR ambient table     4294/65536       17176/262144   ( 6.6%) 
HDR ambient table     4294/65536       17176/262144   ( 6.6%) 
LDR leaf ambient     14025/65536      392700/1835008  (21.4%) 
HDR leaf ambient      4294/65536      120232/1835008  ( 6.6%) 
occluders                0/0               0/0        ( 0.0%) 
occluder polygons        0/0               0/0        ( 0.0%) 
occluder vert ind        0/0               0/0        ( 0.0%) 
detail props          [variable]           1/12       ( 8.3%) 
static props          [variable]           1/5568     ( 0.0%) 
pakfile               [variable]     4686696/0        ( 0.0%) 
physics               [variable]      842803/4194304  (20.1%) 
physics terrain       [variable]       52703/1048576  ( 5.0%) 

Level flags = 0

Total triangle count: 32795
Writing z:\dovahkiin-warrior\firehost-redux-custom\maps_src\ashtonsworld_alpha005.bsp
1 minute, 52 seconds elapsed



materialPath: D:\Software\Steam\steamapps\common\Team Fortress 2\tf\materials
Loading Z:\Dovahkiin-Warrior\FireHost-Redux-Custom\maps_src\ashtonsworld_alpha005.vmf
fixing up env_cubemap materials on brush sides...
0...1...2...3...4...5...6...7...8...9...100...1...2...3...4...5...6...7...8...9...10Processing areas...done (0)
Building Faces...done (1)
Chop Details...done (0)
Find Visible Detail Sides...
Merged 1078 detail faces...done (0)
Merging details...done (0)
FixTjuncs...
PruneNodes...
WriteBSP...
done (1)
writing Z:\Dovahkiin-Warrior\FireHost-Redux-Custom\maps_src\ashtonsworld_alpha005.prt...Building visibility clusters...
done (0)
WARNING: node without a volume
WARNING: node without a volume
Creating default LDR cubemaps for env_cubemap using skybox materials:
   skybox/sky_fantasy*.vmt
 ! Run buildcubemaps in the engine to get the correct cube maps.
Creating default HDR cubemaps for env_cubemap using skybox materials:
   skybox/sky_fantasy*.vmt
 ! Run buildcubemaps in the engine to get the correct cube maps.
Finding displacement neighbors...
Finding lightmap sample positions...
Displacement Alpha : 0...1...2...3...4...5...6...7...8...9...10
Building Physics collision data...
done (1) (842803 bytes)
Placing detail props : 0...1...2...3...4...5...6...7...8...9...10
Compacting texture/material tables...
Reduced 7130 texinfos to 4214
Reduced 313 texdatas to 272 (18591 bytes to 16555)
Writing Z:\Dovahkiin-Warrior\FireHost-Redux-Custom\maps_src\ashtonsworld_alpha005.bsp
Wrote ZIP buffer, estimated size 4736892, actual size 4686696
14 seconds elapsed



6 threads
reading z:\dovahkiin-warrior\firehost-redux-custom\maps_src\ashtonsworld_alpha005.bsp
reading z:\dovahkiin-warrior\firehost-redux-custom\maps_src\ashtonsworld_alpha005.prt
1683 portalclusters
4537 numportals
0...1...2...3...4...5...6...7...8...9...10Optimized: 26306 visible clusters (0.98%)
Total clusters visible: 2684563
Average clusters visible: 1595
Building PAS...
Average clusters audible: 1667
visdatasize:717493  compressed from 727056
writing z:\dovahkiin-warrior\firehost-redux-custom\maps_src\ashtonsworld_alpha005.bsp
3 seconds elapsed



[Reading texlights from 'lights.rad']
[56 texlights parsed from 'lights.rad']

Loading z:\dovahkiin-warrior\firehost-redux-custom\maps_src\ashtonsworld_alpha005.bsp
11396 faces
6 degenerate faces
17748870 square feet [2555837184.00 square inches]
227 Displacements
3347336 Square Feet [482016416.00 Square Inches]
11390 patches before subdivision
11390 patches after subdivision
55 direct lights
0...1...2...3...4...5...6...7...8...9...100...1...2...3...4...5...6...7...8...9...10transfers 2318866, max 1582
transfer lists:  17.7 megs
0...1...2...3...4...5...6...7...8...9...10	Bounce #1 added RGB(21809, 5462, 771)
0...1...2...3...4...5...6...7...8...9...10	Bounce #2 added RGB(1829, 364, 52)
0...1...2...3...4...5...6...7...8...9...10	Bounce #3 added RGB(168, 30, 5)
0...1...2...3...4...5...6...7...8...9...10	Bounce #4 added RGB(18, 3, 1)
Build Patch/Sample Hash Table(s).....Done<0.1364 sec>
0...1...2...3...4...5...6...7...8...9...10FinalLightFace Done
0 of 0 (0% of) surface lights went in leaf ambient cubes.
0...1...2...3...4...5...6...7...8...9...10Writing leaf ambient...done
Ready to Finish

Object names       Objects/Maxobjs  Memory / Maxmem  Fullness 
------------       ---------------  ---------------  -------- 
models                  45/1024         2160/49152    ( 4.4%) 
brushes               2172/8192        26064/98304    (26.5%) 
brushsides           19536/65536      156288/524288   (29.8%) 
planes               19298/65536      385960/1310720  (29.4%) 
vertexes             17986/65536      215832/786432   (27.4%) 
nodes                 4248/65536      135936/2097152  ( 6.5%) 
texinfos              4214/12288      303408/884736   (34.3%) 
texdata                272/2048         8704/65536    (13.3%) 
dispinfos              227/0           39952/0        ( 0.0%) 
disp_verts            9259/0          185180/0        ( 0.0%) 
disp_tris            13408/0           26816/0        ( 0.0%) 
disp_lmsamples     4268096/0         4268096/0        ( 0.0%) 
faces                11396/65536      638176/3670016  (17.4%) 
hdr faces                0/65536           0/3670016  ( 0.0%) 
origfaces             8051/65536      450856/3670016  (12.3%) 
leaves                4294/65536      137408/2097152  ( 6.6%) 
leaffaces            12361/65536       24722/131072   (18.9%) 
leafbrushes           4159/65536        8318/131072   ( 6.3%) 
areas                    3/256            24/2048     ( 1.2%) 
surfedges            88015/512000     352060/2048000  (17.2%) 
edges                55215/256000     220860/1024000  (21.6%) 
LDR worldlights         55/8192         4840/720896   ( 0.7%) 
HDR worldlights          0/8192            0/720896   ( 0.0%) 
leafwaterdata            2/32768          24/393216   ( 0.0%) 
waterstrips           1130/32768       11300/327680   ( 3.4%) 
waterverts               0/65536           0/786432   ( 0.0%) 
waterindices         24987/65536       49974/131072   (38.1%) 
cubemapsamples          55/1024          880/16384    ( 5.4%) 
overlays                 0/512             0/180224   ( 0.0%) 
LDR lightdata         [variable]    11276272/0        ( 0.0%) 
HDR lightdata         [variable]           0/0        ( 0.0%) 
visdata               [variable]      717493/16777216 ( 4.3%) 
entdata               [variable]      198162/393216   (50.4%) 
LDR ambient table     4294/65536       17176/262144   ( 6.6%) 
HDR ambient table     4294/65536       17176/262144   ( 6.6%) 
LDR leaf ambient     14018/65536      392504/1835008  (21.4%) 
HDR leaf ambient      4294/65536      120232/1835008  ( 6.6%) 
occluders                0/0               0/0        ( 0.0%) 
occluder polygons        0/0               0/0        ( 0.0%) 
occluder vert ind        0/0               0/0        ( 0.0%) 
detail props          [variable]           1/12       ( 8.3%) 
static props          [variable]           1/5568     ( 0.0%) 
pakfile               [variable]     4686696/0        ( 0.0%) 
physics               [variable]      842803/4194304  (20.1%) 
physics terrain       [variable]       52703/1048576  ( 5.0%) 

Level flags = 0

Total triangle count: 32795
Writing z:\dovahkiin-warrior\firehost-redux-custom\maps_src\ashtonsworld_alpha005.bsp
1 minute, 30 seconds elapsed
