PRT1
401
760
4 0 3 (10208 9216 5088 ) (9216 9216 5088 ) (9216 9216 -5088 ) (10208 9216 -5088 ) 
4 0 1 (9216 9216 -5088 ) (9216 9216 5088 ) (9216 10208 5088 ) (9216 10208 -5088 ) 
4 1 5 (9216 9216 -5088 ) (9216 9216 5088 ) (8192 9216 5088 ) (8192 9216 -5088 ) 
4 1 2 (8192 10208 -5088 ) (8192 9216 -5088 ) (8192 9216 5088 ) (8192 10208 5088 ) 
4 2 9 (7168 9216 -5088 ) (7168 9216 5088 ) (7168 10208 5088 ) (7168 10208 -5088 ) 
4 2 6 (8192 9216 -5088 ) (8192 9216 5088 ) (7168 9216 5088 ) (7168 9216 -5088 ) 
4 3 5 (9216 9216 5088 ) (9216 9216 -5088 ) (9216 8192 -5088 ) (9216 8192 5088 ) 
4 3 4 (10208 8192 5088 ) (9216 8192 5088 ) (9216 8192 -5088 ) (10208 8192 -5088 ) 
4 4 27 (10208 7168 5088 ) (9216 7168 5088 ) (9216 7168 -5088 ) (10208 7168 -5088 ) 
4 4 7 (9216 7168 -5088 ) (9216 7168 5088 ) (9216 8192 5088 ) (9216 8192 -5088 ) 
4 5 7 (9216 8192 -5088 ) (9216 8192 5088 ) (8192 8192 5088 ) (8192 8192 -5088 ) 
4 5 6 (8192 9216 5088 ) (8192 9216 -5088 ) (8192 8192 -5088 ) (8192 8192 5088 ) 
4 6 12 (7168 8192 -5088 ) (7168 8192 5088 ) (7168 9216 5088 ) (7168 9216 -5088 ) 
4 6 8 (8192 8192 -5088 ) (8192 8192 5088 ) (7168 8192 5088 ) (7168 8192 -5088 ) 
4 7 28 (9216 7168 -5088 ) (9216 7168 5088 ) (8192 7168 5088 ) (8192 7168 -5088 ) 
4 7 8 (8192 8192 5088 ) (8192 8192 -5088 ) (8192 7168 -5088 ) (8192 7168 5088 ) 
4 8 29 (8192 7168 -5088 ) (8192 7168 5088 ) (7168 7168 5088 ) (7168 7168 -5088 ) 
4 8 13 (7168 7168 -5088 ) (7168 7168 5088 ) (7168 8192 5088 ) (7168 8192 -5088 ) 
4 9 12 (7168 9216 -5088 ) (7168 9216 5088 ) (6144 9216 5088 ) (6144 9216 -5088 ) 
4 9 10 (6144 9216 -5088 ) (6144 9216 5088 ) (6144 10208 5088 ) (6144 10208 -5088 ) 
4 10 14 (6144 9216 -5088 ) (6144 9216 5088 ) (5120 9216 5088 ) (5120 9216 -5088 ) 
4 10 11 (5120 10208 -5088 ) (5120 9216 -5088 ) (5120 9216 5088 ) (5120 10208 5088 ) 
4 11 18 (4096 9216 -5088 ) (4096 9216 5088 ) (4096 10208 5088 ) (4096 10208 -5088 ) 
4 11 15 (5120 9216 -5088 ) (5120 9216 5088 ) (4096 9216 5088 ) (4096 9216 -5088 ) 
4 12 14 (6144 9216 5088 ) (6144 9216 -5088 ) (6144 8192 -5088 ) (6144 8192 5088 ) 
4 12 13 (7168 8192 -5088 ) (7168 8192 5088 ) (6144 8192 5088 ) (6144 8192 -5088 ) 
4 13 45 (7168 7168 -5088 ) (7168 7168 5088 ) (6144 7168 5088 ) (6144 7168 -5088 ) 
4 13 16 (6144 7168 -5088 ) (6144 7168 5088 ) (6144 8192 5088 ) (6144 8192 -5088 ) 
4 14 16 (6144 8192 -5088 ) (6144 8192 5088 ) (5120 8192 5088 ) (5120 8192 -5088 ) 
4 14 15 (5120 9216 5088 ) (5120 9216 -5088 ) (5120 8192 -5088 ) (5120 8192 5088 ) 
4 15 21 (4096 8192 -5088 ) (4096 8192 5088 ) (4096 9216 5088 ) (4096 9216 -5088 ) 
4 15 17 (5120 8192 -5088 ) (5120 8192 5088 ) (4096 8192 5088 ) (4096 8192 -5088 ) 
4 16 46 (6144 7168 -5088 ) (6144 7168 5088 ) (5120 7168 5088 ) (5120 7168 -5088 ) 
4 16 17 (5120 8192 5088 ) (5120 8192 -5088 ) (5120 7168 -5088 ) (5120 7168 5088 ) 
4 17 47 (5120 7168 -5088 ) (5120 7168 5088 ) (4096 7168 5088 ) (4096 7168 -5088 ) 
4 17 22 (4096 7168 -5088 ) (4096 7168 5088 ) (4096 8192 5088 ) (4096 8192 -5088 ) 
4 18 21 (4096 9216 -5088 ) (4096 9216 5088 ) (3072 9216 5088 ) (3072 9216 -5088 ) 
4 18 19 (3072 9216 -5088 ) (3072 9216 5088 ) (3072 10208 5088 ) (3072 10208 -5088 ) 
4 19 23 (3072 9216 -5088 ) (3072 9216 5088 ) (2048 9216 5088 ) (2048 9216 -5088 ) 
4 19 20 (2048 10208 -5088 ) (2048 9216 -5088 ) (2048 9216 5088 ) (2048 10208 5088 ) 
4 20 82 (1024 9216 -5088 ) (1024 9216 5088 ) (1024 10208 5088 ) (1024 10208 -5088 ) 
4 20 24 (2048 9216 -5088 ) (2048 9216 5088 ) (1024 9216 5088 ) (1024 9216 -5088 ) 
4 21 23 (3072 9216 5088 ) (3072 9216 -5088 ) (3072 8192 -5088 ) (3072 8192 5088 ) 
4 21 22 (4096 8192 -5088 ) (4096 8192 5088 ) (3072 8192 5088 ) (3072 8192 -5088 ) 
4 22 54 (4096 7168 -5088 ) (4096 7168 5088 ) (3072 7168 5088 ) (3072 7168 -5088 ) 
4 22 25 (3072 7168 -5088 ) (3072 7168 5088 ) (3072 8192 5088 ) (3072 8192 -5088 ) 
4 23 25 (3072 8192 -5088 ) (3072 8192 5088 ) (2048 8192 5088 ) (2048 8192 -5088 ) 
4 23 24 (2048 9216 5088 ) (2048 9216 -5088 ) (2048 8192 -5088 ) (2048 8192 5088 ) 
4 24 85 (1024 8192 -5088 ) (1024 8192 5088 ) (1024 9216 5088 ) (1024 9216 -5088 ) 
4 24 26 (2048 8192 -5088 ) (2048 8192 5088 ) (1024 8192 5088 ) (1024 8192 -5088 ) 
4 25 55 (3072 7168 -5088 ) (3072 7168 5088 ) (2048 7168 5088 ) (2048 7168 -5088 ) 
4 25 26 (2048 8192 5088 ) (2048 8192 -5088 ) (2048 7168 -5088 ) (2048 7168 5088 ) 
4 26 86 (1024 7168 -5088 ) (1024 7168 5088 ) (1024 8192 5088 ) (1024 8192 -5088 ) 
4 26 56 (2048 7168 -5088 ) (2048 7168 5088 ) (1024 7168 5088 ) (1024 7168 -5088 ) 
4 27 30 (10208 6144 5088 ) (9216 6144 5088 ) (9216 6144 -5088 ) (10208 6144 -5088 ) 
4 27 28 (9216 7168 5088 ) (9216 7168 -5088 ) (9216 6144 -5088 ) (9216 6144 5088 ) 
4 28 32 (9216 6144 -5088 ) (9216 6144 5088 ) (8192 6144 5088 ) (8192 6144 -5088 ) 
4 28 29 (8192 6144 -5088 ) (8192 6144 5088 ) (8192 7168 5088 ) (8192 7168 -5088 ) 
4 29 45 (7168 7168 5088 ) (7168 7168 -5088 ) (7168 6144 -5088 ) (7168 6144 5088 ) 
4 29 33 (8192 6144 -5088 ) (8192 6144 5088 ) (7168 6144 5088 ) (7168 6144 -5088 ) 
4 30 32 (9216 6144 5088 ) (9216 6144 -5088 ) (9216 5120 -5088 ) (9216 5120 5088 ) 
4 30 31 (10208 5120 5088 ) (9216 5120 5088 ) (9216 5120 -5088 ) (10208 5120 -5088 ) 
4 31 36 (10208 4096 5088 ) (9216 4096 5088 ) (9216 4096 -5088 ) (10208 4096 -5088 ) 
4 31 34 (9216 4096 -5088 ) (9216 4096 5088 ) (9216 5120 5088 ) (9216 5120 -5088 ) 
4 32 34 (9216 5120 -5088 ) (9216 5120 5088 ) (8192 5120 5088 ) (8192 5120 -5088 ) 
4 32 33 (8192 6144 5088 ) (8192 6144 -5088 ) (8192 5120 -5088 ) (8192 5120 5088 ) 
4 33 48 (7168 5120 -5088 ) (7168 5120 5088 ) (7168 6144 5088 ) (7168 6144 -5088 ) 
4 33 35 (8192 5120 -5088 ) (8192 5120 5088 ) (7168 5120 5088 ) (7168 5120 -5088 ) 
4 34 37 (9216 4096 -5088 ) (9216 4096 5088 ) (8192 4096 5088 ) (8192 4096 -5088 ) 
4 34 35 (8192 5120 5088 ) (8192 5120 -5088 ) (8192 4096 -5088 ) (8192 4096 5088 ) 
4 35 49 (7168 4096 -5088 ) (7168 4096 5088 ) (7168 5120 5088 ) (7168 5120 -5088 ) 
4 35 38 (8192 4096 -5088 ) (8192 4096 5088 ) (7168 4096 5088 ) (7168 4096 -5088 ) 
4 36 39 (10208 3072 5088 ) (9216 3072 5088 ) (9216 3072 -5088 ) (10208 3072 -5088 ) 
4 36 37 (9216 4096 5088 ) (9216 4096 -5088 ) (9216 3072 -5088 ) (9216 3072 5088 ) 
4 37 41 (9216 3072 -5088 ) (9216 3072 5088 ) (8192 3072 5088 ) (8192 3072 -5088 ) 
4 37 38 (8192 3072 -5088 ) (8192 3072 5088 ) (8192 4096 5088 ) (8192 4096 -5088 ) 
4 38 63 (7168 3072 -5088 ) (7168 3072 5088 ) (7168 4096 5088 ) (7168 4096 -5088 ) 
4 38 42 (8192 3072 -5088 ) (8192 3072 5088 ) (7168 3072 5088 ) (7168 3072 -5088 ) 
4 39 41 (9216 3072 5088 ) (9216 3072 -5088 ) (9216 2048 -5088 ) (9216 2048 5088 ) 
4 39 40 (10208 2048 5088 ) (9216 2048 5088 ) (9216 2048 -5088 ) (10208 2048 -5088 ) 
4 40 181 (10208 1024 5088 ) (9216 1024 5088 ) (9216 1024 -5088 ) (10208 1024 -5088 ) 
4 40 43 (9216 1024 -5088 ) (9216 1024 5088 ) (9216 2048 5088 ) (9216 2048 -5088 ) 
4 41 43 (9216 2048 -5088 ) (9216 2048 5088 ) (8192 2048 5088 ) (8192 2048 -5088 ) 
4 41 42 (8192 3072 5088 ) (8192 3072 -5088 ) (8192 2048 -5088 ) (8192 2048 5088 ) 
4 42 66 (7168 2048 -5088 ) (7168 2048 5088 ) (7168 3072 5088 ) (7168 3072 -5088 ) 
4 42 44 (8192 2048 -5088 ) (8192 2048 5088 ) (7168 2048 5088 ) (7168 2048 -5088 ) 
4 43 182 (9216 1024 -5088 ) (9216 1024 5088 ) (8192 1024 5088 ) (8192 1024 -5088 ) 
4 43 44 (8192 2048 5088 ) (8192 2048 -5088 ) (8192 1024 -5088 ) (8192 1024 5088 ) 
4 44 183 (8192 1024 -5088 ) (8192 1024 5088 ) (7168 1024 5088 ) (7168 1024 -5088 ) 
4 44 67 (7168 1024 -5088 ) (7168 1024 5088 ) (7168 2048 5088 ) (7168 2048 -5088 ) 
4 45 48 (7168 6144 -5088 ) (7168 6144 5088 ) (6144 6144 5088 ) (6144 6144 -5088 ) 
4 45 46 (6144 7168 5088 ) (6144 7168 -5088 ) (6144 6144 -5088 ) (6144 6144 5088 ) 
4 46 50 (6144 6144 -5088 ) (6144 6144 5088 ) (5120 6144 5088 ) (5120 6144 -5088 ) 
4 46 47 (5120 6144 -5088 ) (5120 6144 5088 ) (5120 7168 5088 ) (5120 7168 -5088 ) 
4 47 54 (4096 7168 5088 ) (4096 7168 -5088 ) (4096 6144 -5088 ) (4096 6144 5088 ) 
4 47 51 (5120 6144 -5088 ) (5120 6144 5088 ) (4096 6144 5088 ) (4096 6144 -5088 ) 
4 48 50 (6144 6144 5088 ) (6144 6144 -5088 ) (6144 5120 -5088 ) (6144 5120 5088 ) 
4 48 49 (7168 5120 -5088 ) (7168 5120 5088 ) (6144 5120 5088 ) (6144 5120 -5088 ) 
4 49 63 (7168 4096 -5088 ) (7168 4096 5088 ) (6144 4096 5088 ) (6144 4096 -5088 ) 
4 49 52 (6144 4096 -5088 ) (6144 4096 5088 ) (6144 5120 5088 ) (6144 5120 -5088 ) 
4 50 52 (6144 5120 -5088 ) (6144 5120 5088 ) (5120 5120 5088 ) (5120 5120 -5088 ) 
4 50 51 (5120 6144 5088 ) (5120 6144 -5088 ) (5120 5120 -5088 ) (5120 5120 5088 ) 
4 51 57 (4096 5120 -5088 ) (4096 5120 5088 ) (4096 6144 5088 ) (4096 6144 -5088 ) 
4 51 53 (5120 5120 -5088 ) (5120 5120 5088 ) (4096 5120 5088 ) (4096 5120 -5088 ) 
4 52 64 (6144 4096 -5088 ) (6144 4096 5088 ) (5120 4096 5088 ) (5120 4096 -5088 ) 
4 52 53 (5120 5120 5088 ) (5120 5120 -5088 ) (5120 4096 -5088 ) (5120 4096 5088 ) 
4 53 65 (5120 4096 -5088 ) (5120 4096 5088 ) (4096 4096 5088 ) (4096 4096 -5088 ) 
4 53 58 (4096 4096 -5088 ) (4096 4096 5088 ) (4096 5120 5088 ) (4096 5120 -5088 ) 
4 54 57 (4096 6144 -5088 ) (4096 6144 5088 ) (3072 6144 5088 ) (3072 6144 -5088 ) 
4 54 55 (3072 7168 5088 ) (3072 7168 -5088 ) (3072 6144 -5088 ) (3072 6144 5088 ) 
4 55 59 (3072 6144 -5088 ) (3072 6144 5088 ) (2048 6144 5088 ) (2048 6144 -5088 ) 
4 55 56 (2048 6144 -5088 ) (2048 6144 5088 ) (2048 7168 5088 ) (2048 7168 -5088 ) 
4 56 115 (1024 6144 -5088 ) (1024 6144 5088 ) (1024 7168 5088 ) (1024 7168 -5088 ) 
4 56 60 (2048 6144 -5088 ) (2048 6144 5088 ) (1024 6144 5088 ) (1024 6144 -5088 ) 
4 57 59 (3072 6144 5088 ) (3072 6144 -5088 ) (3072 5120 -5088 ) (3072 5120 5088 ) 
4 57 58 (4096 5120 -5088 ) (4096 5120 5088 ) (3072 5120 5088 ) (3072 5120 -5088 ) 
4 58 72 (4096 4096 -5088 ) (4096 4096 5088 ) (3072 4096 5088 ) (3072 4096 -5088 ) 
4 58 61 (3072 4096 -5088 ) (3072 4096 5088 ) (3072 5120 5088 ) (3072 5120 -5088 ) 
4 59 61 (3072 5120 -5088 ) (3072 5120 5088 ) (2048 5120 5088 ) (2048 5120 -5088 ) 
4 59 60 (2048 6144 5088 ) (2048 6144 -5088 ) (2048 5120 -5088 ) (2048 5120 5088 ) 
4 60 118 (1024 5120 -5088 ) (1024 5120 5088 ) (1024 6144 5088 ) (1024 6144 -5088 ) 
4 60 62 (2048 5120 -5088 ) (2048 5120 5088 ) (1024 5120 5088 ) (1024 5120 -5088 ) 
4 61 73 (3072 4096 -5088 ) (3072 4096 5088 ) (2048 4096 5088 ) (2048 4096 -5088 ) 
4 61 62 (2048 5120 5088 ) (2048 5120 -5088 ) (2048 4096 -5088 ) (2048 4096 5088 ) 
4 62 119 (1024 4096 -5088 ) (1024 4096 5088 ) (1024 5120 5088 ) (1024 5120 -5088 ) 
4 62 74 (2048 4096 -5088 ) (2048 4096 5088 ) (1024 4096 5088 ) (1024 4096 -5088 ) 
4 63 66 (7168 3072 -5088 ) (7168 3072 5088 ) (6144 3072 5088 ) (6144 3072 -5088 ) 
4 63 64 (6144 4096 5088 ) (6144 4096 -5088 ) (6144 3072 -5088 ) (6144 3072 5088 ) 
4 64 68 (6144 3072 -5088 ) (6144 3072 5088 ) (5120 3072 5088 ) (5120 3072 -5088 ) 
4 64 65 (5120 3072 -5088 ) (5120 3072 5088 ) (5120 4096 5088 ) (5120 4096 -5088 ) 
4 65 72 (4096 4096 5088 ) (4096 4096 -5088 ) (4096 3072 -5088 ) (4096 3072 5088 ) 
4 65 69 (5120 3072 -5088 ) (5120 3072 5088 ) (4096 3072 5088 ) (4096 3072 -5088 ) 
4 66 68 (6144 3072 5088 ) (6144 3072 -5088 ) (6144 2048 -5088 ) (6144 2048 5088 ) 
4 66 67 (7168 2048 -5088 ) (7168 2048 5088 ) (6144 2048 5088 ) (6144 2048 -5088 ) 
4 67 199 (7168 1024 -5088 ) (7168 1024 5088 ) (6144 1024 5088 ) (6144 1024 -5088 ) 
4 67 70 (6144 1024 -5088 ) (6144 1024 5088 ) (6144 2048 5088 ) (6144 2048 -5088 ) 
4 68 70 (6144 2048 -5088 ) (6144 2048 5088 ) (5120 2048 5088 ) (5120 2048 -5088 ) 
4 68 69 (5120 3072 5088 ) (5120 3072 -5088 ) (5120 2048 -5088 ) (5120 2048 5088 ) 
4 69 75 (4096 2048 -5088 ) (4096 2048 5088 ) (4096 3072 5088 ) (4096 3072 -5088 ) 
4 69 71 (5120 2048 -5088 ) (5120 2048 5088 ) (4096 2048 5088 ) (4096 2048 -5088 ) 
4 70 200 (6144 1024 -5088 ) (6144 1024 5088 ) (5120 1024 5088 ) (5120 1024 -5088 ) 
4 70 71 (5120 2048 5088 ) (5120 2048 -5088 ) (5120 1024 -5088 ) (5120 1024 5088 ) 
4 71 201 (5120 1024 -5088 ) (5120 1024 5088 ) (4096 1024 5088 ) (4096 1024 -5088 ) 
4 71 76 (4096 1024 -5088 ) (4096 1024 5088 ) (4096 2048 5088 ) (4096 2048 -5088 ) 
4 72 75 (4096 3072 -5088 ) (4096 3072 5088 ) (3072 3072 5088 ) (3072 3072 -5088 ) 
4 72 73 (3072 4096 5088 ) (3072 4096 -5088 ) (3072 3072 -5088 ) (3072 3072 5088 ) 
4 73 77 (3072 3072 -5088 ) (3072 3072 5088 ) (2048 3072 5088 ) (2048 3072 -5088 ) 
4 73 74 (2048 3072 -5088 ) (2048 3072 5088 ) (2048 4096 5088 ) (2048 4096 -5088 ) 
4 74 133 (1024 3072 -5088 ) (1024 3072 5088 ) (1024 4096 5088 ) (1024 4096 -5088 ) 
4 74 78 (2048 3072 -5088 ) (2048 3072 5088 ) (1024 3072 5088 ) (1024 3072 -5088 ) 
4 75 77 (3072 3072 5088 ) (3072 3072 -5088 ) (3072 2048 -5088 ) (3072 2048 5088 ) 
4 75 76 (4096 2048 -5088 ) (4096 2048 5088 ) (3072 2048 5088 ) (3072 2048 -5088 ) 
4 76 208 (4096 1024 -5088 ) (4096 1024 5088 ) (3072 1024 5088 ) (3072 1024 -5088 ) 
4 76 79 (3072 1024 -5088 ) (3072 1024 5088 ) (3072 2048 5088 ) (3072 2048 -5088 ) 
4 77 79 (3072 2048 -5088 ) (3072 2048 5088 ) (2048 2048 5088 ) (2048 2048 -5088 ) 
4 77 78 (2048 3072 5088 ) (2048 3072 -5088 ) (2048 2048 -5088 ) (2048 2048 5088 ) 
4 78 136 (1024 2048 -5088 ) (1024 2048 5088 ) (1024 3072 5088 ) (1024 3072 -5088 ) 
4 78 80 (2048 2048 -5088 ) (2048 2048 5088 ) (1024 2048 5088 ) (1024 2048 -5088 ) 
4 79 209 (3072 1024 -5088 ) (3072 1024 5088 ) (2048 1024 5088 ) (2048 1024 -5088 ) 
4 79 80 (2048 2048 5088 ) (2048 2048 -5088 ) (2048 1024 -5088 ) (2048 1024 5088 ) 
4 80 210 (2048 1024 -5088 ) (2048 1024 5088 ) (1024 1024 5088 ) (1024 1024 -5088 ) 
4 80 137 (1024 1024 -5088 ) (1024 1024 5088 ) (1024 2048 5088 ) (1024 2048 -5088 ) 
4 82 85 (1024 9216 -5088 ) (1024 9216 5088 ) (0 9216 5088 ) (0 9216 -5088 ) 
4 82 83 (0 10208 -5088 ) (0 9216 -5088 ) (0 9216 5088 ) (0 10208 5088 ) 
4 83 87 (0 9216 -5088 ) (0 9216 5088 ) (-1024 9216 5088 ) (-1024 9216 -5088 ) 
4 83 84 (-1024 9216 -5088 ) (-1024 9216 5088 ) (-1024 10208 5088 ) (-1024 10208 -5088 ) 
4 84 91 (-2048 10208 -5088 ) (-2048 9216 -5088 ) (-2048 9216 5088 ) (-2048 10208 5088 ) 
4 84 88 (-1024 9216 -5088 ) (-1024 9216 5088 ) (-2048 9216 5088 ) (-2048 9216 -5088 ) 
4 85 87 (0 9216 5088 ) (0 9216 -5088 ) (0 8192 -5088 ) (0 8192 5088 ) 
4 85 86 (1024 8192 -5088 ) (1024 8192 5088 ) (0 8192 5088 ) (0 8192 -5088 ) 
4 86 115 (1024 7168 -5088 ) (1024 7168 5088 ) (0 7168 5088 ) (0 7168 -5088 ) 
4 86 89 (0 7168 -5088 ) (0 7168 5088 ) (0 8192 5088 ) (0 8192 -5088 ) 
4 87 89 (0 8192 -5088 ) (0 8192 5088 ) (-1024 8192 5088 ) (-1024 8192 -5088 ) 
4 87 88 (-1024 9216 5088 ) (-1024 9216 -5088 ) (-1024 8192 -5088 ) (-1024 8192 5088 ) 
4 88 94 (-2048 8192 -5088 ) (-2048 8192 5088 ) (-2048 9216 5088 ) (-2048 9216 -5088 ) 
4 88 90 (-1024 8192 -5088 ) (-1024 8192 5088 ) (-2048 8192 5088 ) (-2048 8192 -5088 ) 
4 89 116 (0 7168 -5088 ) (0 7168 5088 ) (-1024 7168 5088 ) (-1024 7168 -5088 ) 
4 89 90 (-1024 8192 5088 ) (-1024 8192 -5088 ) (-1024 7168 -5088 ) (-1024 7168 5088 ) 
4 90 117 (-1024 7168 -5088 ) (-1024 7168 5088 ) (-2048 7168 5088 ) (-2048 7168 -5088 ) 
4 90 95 (-2048 7168 -5088 ) (-2048 7168 5088 ) (-2048 8192 5088 ) (-2048 8192 -5088 ) 
4 91 94 (-2048 9216 -5088 ) (-2048 9216 5088 ) (-3072 9216 5088 ) (-3072 9216 -5088 ) 
4 91 92 (-3072 10208 -5088 ) (-3072 9216 -5088 ) (-3072 9216 5088 ) (-3072 10208 5088 ) 
4 92 96 (-3072 9216 -5088 ) (-3072 9216 5088 ) (-4096 9216 5088 ) (-4096 9216 -5088 ) 
4 92 93 (-4096 9216 -5088 ) (-4096 9216 5088 ) (-4096 10208 5088 ) (-4096 10208 -5088 ) 
4 93 100 (-5120 9216 -5088 ) (-5120 9216 5088 ) (-5120 10208 5088 ) (-5120 10208 -5088 ) 
4 93 97 (-4096 9216 -5088 ) (-4096 9216 5088 ) (-5120 9216 5088 ) (-5120 9216 -5088 ) 
4 94 96 (-3072 9216 5088 ) (-3072 9216 -5088 ) (-3072 8192 -5088 ) (-3072 8192 5088 ) 
4 94 95 (-2048 8192 -5088 ) (-2048 8192 5088 ) (-3072 8192 5088 ) (-3072 8192 -5088 ) 
4 95 124 (-2048 7168 -5088 ) (-2048 7168 5088 ) (-3072 7168 5088 ) (-3072 7168 -5088 ) 
4 95 98 (-3072 7168 -5088 ) (-3072 7168 5088 ) (-3072 8192 5088 ) (-3072 8192 -5088 ) 
4 96 98 (-3072 8192 -5088 ) (-3072 8192 5088 ) (-4096 8192 5088 ) (-4096 8192 -5088 ) 
4 96 97 (-4096 9216 5088 ) (-4096 9216 -5088 ) (-4096 8192 -5088 ) (-4096 8192 5088 ) 
4 97 103 (-5120 8192 -5088 ) (-5120 8192 5088 ) (-5120 9216 5088 ) (-5120 9216 -5088 ) 
4 97 99 (-4096 8192 -5088 ) (-4096 8192 5088 ) (-5120 8192 5088 ) (-5120 8192 -5088 ) 
4 98 125 (-3072 7168 -5088 ) (-3072 7168 5088 ) (-4096 7168 5088 ) (-4096 7168 -5088 ) 
4 98 99 (-4096 8192 5088 ) (-4096 8192 -5088 ) (-4096 7168 -5088 ) (-4096 7168 5088 ) 
4 99 126 (-4096 7168 -5088 ) (-4096 7168 5088 ) (-5120 7168 5088 ) (-5120 7168 -5088 ) 
4 99 104 (-5120 7168 -5088 ) (-5120 7168 5088 ) (-5120 8192 5088 ) (-5120 8192 -5088 ) 
4 100 103 (-5120 9216 -5088 ) (-5120 9216 5088 ) (-6144 9216 5088 ) (-6144 9216 -5088 ) 
4 100 101 (-6144 9216 -5088 ) (-6144 9216 5088 ) (-6144 10208 5088 ) (-6144 10208 -5088 ) 
4 101 105 (-6144 9216 -5088 ) (-6144 9216 5088 ) (-7168 9216 5088 ) (-7168 9216 -5088 ) 
4 101 102 (-7168 10208 -5088 ) (-7168 9216 -5088 ) (-7168 9216 5088 ) (-7168 10208 5088 ) 
4 102 109 (-8192 9216 -5088 ) (-8192 9216 5088 ) (-8192 10208 5088 ) (-8192 10208 -5088 ) 
4 102 106 (-7168 9216 -5088 ) (-7168 9216 5088 ) (-8192 9216 5088 ) (-8192 9216 -5088 ) 
4 103 105 (-6144 9216 5088 ) (-6144 9216 -5088 ) (-6144 8192 -5088 ) (-6144 8192 5088 ) 
4 103 104 (-5120 8192 -5088 ) (-5120 8192 5088 ) (-6144 8192 5088 ) (-6144 8192 -5088 ) 
4 104 151 (-5120 7168 -5088 ) (-5120 7168 5088 ) (-6144 7168 5088 ) (-6144 7168 -5088 ) 
4 104 107 (-6144 7168 -5088 ) (-6144 7168 5088 ) (-6144 8192 5088 ) (-6144 8192 -5088 ) 
4 105 107 (-6144 8192 -5088 ) (-6144 8192 5088 ) (-7168 8192 5088 ) (-7168 8192 -5088 ) 
4 105 106 (-7168 9216 5088 ) (-7168 9216 -5088 ) (-7168 8192 -5088 ) (-7168 8192 5088 ) 
4 106 111 (-8192 8192 -5088 ) (-8192 8192 5088 ) (-8192 9216 5088 ) (-8192 9216 -5088 ) 
4 106 108 (-7168 8192 -5088 ) (-7168 8192 5088 ) (-8192 8192 5088 ) (-8192 8192 -5088 ) 
4 107 152 (-6144 7168 -5088 ) (-6144 7168 5088 ) (-7168 7168 5088 ) (-7168 7168 -5088 ) 
4 107 108 (-7168 8192 5088 ) (-7168 8192 -5088 ) (-7168 7168 -5088 ) (-7168 7168 5088 ) 
4 108 153 (-7168 7168 -5088 ) (-7168 7168 5088 ) (-8192 7168 5088 ) (-8192 7168 -5088 ) 
4 108 112 (-8192 7168 -5088 ) (-8192 7168 5088 ) (-8192 8192 5088 ) (-8192 8192 -5088 ) 
4 109 111 (-8192 9216 -5088 ) (-8192 9216 5088 ) (-9216 9216 5088 ) (-9216 9216 -5088 ) 
4 109 110 (-9216 9216 -5088 ) (-9216 9216 5088 ) (-9216 10208 5088 ) (-9216 10208 -5088 ) 
4 110 113 (-9216 9216 -5088 ) (-9216 9216 5088 ) (-10208 9216 5088 ) (-10208 9216 -5088 ) 
4 111 113 (-9216 9216 5088 ) (-9216 9216 -5088 ) (-9216 8192 -5088 ) (-9216 8192 5088 ) 
4 111 112 (-8192 8192 -5088 ) (-8192 8192 5088 ) (-9216 8192 5088 ) (-9216 8192 -5088 ) 
4 112 160 (-8192 7168 -5088 ) (-8192 7168 5088 ) (-9216 7168 5088 ) (-9216 7168 -5088 ) 
4 112 114 (-9216 7168 -5088 ) (-9216 7168 5088 ) (-9216 8192 5088 ) (-9216 8192 -5088 ) 
4 113 114 (-9216 8192 -5088 ) (-9216 8192 5088 ) (-10208 8192 5088 ) (-10208 8192 -5088 ) 
4 114 161 (-9216 7168 -5088 ) (-9216 7168 5088 ) (-10208 7168 5088 ) (-10208 7168 -5088 ) 
4 115 118 (1024 6144 -5088 ) (1024 6144 5088 ) (0 6144 5088 ) (0 6144 -5088 ) 
4 115 116 (0 7168 5088 ) (0 7168 -5088 ) (0 6144 -5088 ) (0 6144 5088 ) 
4 116 120 (0 6144 -5088 ) (0 6144 5088 ) (-1024 6144 5088 ) (-1024 6144 -5088 ) 
4 116 117 (-1024 6144 -5088 ) (-1024 6144 5088 ) (-1024 7168 5088 ) (-1024 7168 -5088 ) 
4 117 124 (-2048 7168 5088 ) (-2048 7168 -5088 ) (-2048 6144 -5088 ) (-2048 6144 5088 ) 
4 117 121 (-1024 6144 -5088 ) (-1024 6144 5088 ) (-2048 6144 5088 ) (-2048 6144 -5088 ) 
4 118 120 (0 6144 5088 ) (0 6144 -5088 ) (0 5120 -5088 ) (0 5120 5088 ) 
4 118 119 (1024 5120 -5088 ) (1024 5120 5088 ) (0 5120 5088 ) (0 5120 -5088 ) 
4 119 133 (1024 4096 -5088 ) (1024 4096 5088 ) (0 4096 5088 ) (0 4096 -5088 ) 
4 119 122 (0 4096 -5088 ) (0 4096 5088 ) (0 5120 5088 ) (0 5120 -5088 ) 
4 120 122 (0 5120 -5088 ) (0 5120 5088 ) (-1024 5120 5088 ) (-1024 5120 -5088 ) 
4 120 121 (-1024 6144 5088 ) (-1024 6144 -5088 ) (-1024 5120 -5088 ) (-1024 5120 5088 ) 
4 121 127 (-2048 5120 -5088 ) (-2048 5120 5088 ) (-2048 6144 5088 ) (-2048 6144 -5088 ) 
4 121 123 (-1024 5120 -5088 ) (-1024 5120 5088 ) (-2048 5120 5088 ) (-2048 5120 -5088 ) 
4 122 134 (0 4096 -5088 ) (0 4096 5088 ) (-1024 4096 5088 ) (-1024 4096 -5088 ) 
4 122 123 (-1024 5120 5088 ) (-1024 5120 -5088 ) (-1024 4096 -5088 ) (-1024 4096 5088 ) 
4 123 135 (-1024 4096 -5088 ) (-1024 4096 5088 ) (-2048 4096 5088 ) (-2048 4096 -5088 ) 
4 123 128 (-2048 4096 -5088 ) (-2048 4096 5088 ) (-2048 5120 5088 ) (-2048 5120 -5088 ) 
4 124 127 (-2048 6144 -5088 ) (-2048 6144 5088 ) (-3072 6144 5088 ) (-3072 6144 -5088 ) 
4 124 125 (-3072 7168 5088 ) (-3072 7168 -5088 ) (-3072 6144 -5088 ) (-3072 6144 5088 ) 
4 125 129 (-3072 6144 -5088 ) (-3072 6144 5088 ) (-4096 6144 5088 ) (-4096 6144 -5088 ) 
4 125 126 (-4096 6144 -5088 ) (-4096 6144 5088 ) (-4096 7168 5088 ) (-4096 7168 -5088 ) 
4 126 151 (-5120 7168 5088 ) (-5120 7168 -5088 ) (-5120 6144 -5088 ) (-5120 6144 5088 ) 
4 126 130 (-4096 6144 -5088 ) (-4096 6144 5088 ) (-5120 6144 5088 ) (-5120 6144 -5088 ) 
4 127 129 (-3072 6144 5088 ) (-3072 6144 -5088 ) (-3072 5120 -5088 ) (-3072 5120 5088 ) 
4 127 128 (-2048 5120 -5088 ) (-2048 5120 5088 ) (-3072 5120 5088 ) (-3072 5120 -5088 ) 
4 128 142 (-2048 4096 -5088 ) (-2048 4096 5088 ) (-3072 4096 5088 ) (-3072 4096 -5088 ) 
4 128 131 (-3072 4096 -5088 ) (-3072 4096 5088 ) (-3072 5120 5088 ) (-3072 5120 -5088 ) 
4 129 131 (-3072 5120 -5088 ) (-3072 5120 5088 ) (-4096 5120 5088 ) (-4096 5120 -5088 ) 
4 129 130 (-4096 6144 5088 ) (-4096 6144 -5088 ) (-4096 5120 -5088 ) (-4096 5120 5088 ) 
4 130 154 (-5120 5120 -5088 ) (-5120 5120 5088 ) (-5120 6144 5088 ) (-5120 6144 -5088 ) 
4 130 132 (-4096 5120 -5088 ) (-4096 5120 5088 ) (-5120 5120 5088 ) (-5120 5120 -5088 ) 
4 131 143 (-3072 4096 -5088 ) (-3072 4096 5088 ) (-4096 4096 5088 ) (-4096 4096 -5088 ) 
4 131 132 (-4096 5120 5088 ) (-4096 5120 -5088 ) (-4096 4096 -5088 ) (-4096 4096 5088 ) 
4 132 155 (-5120 4096 -5088 ) (-5120 4096 5088 ) (-5120 5120 5088 ) (-5120 5120 -5088 ) 
4 132 144 (-4096 4096 -5088 ) (-4096 4096 5088 ) (-5120 4096 5088 ) (-5120 4096 -5088 ) 
4 133 136 (1024 3072 -5088 ) (1024 3072 5088 ) (0 3072 5088 ) (0 3072 -5088 ) 
4 133 134 (0 4096 5088 ) (0 4096 -5088 ) (0 3072 -5088 ) (0 3072 5088 ) 
4 134 138 (0 3072 -5088 ) (0 3072 5088 ) (-1024 3072 5088 ) (-1024 3072 -5088 ) 
4 134 135 (-1024 3072 -5088 ) (-1024 3072 5088 ) (-1024 4096 5088 ) (-1024 4096 -5088 ) 
4 135 142 (-2048 4096 5088 ) (-2048 4096 -5088 ) (-2048 3072 -5088 ) (-2048 3072 5088 ) 
4 135 139 (-1024 3072 -5088 ) (-1024 3072 5088 ) (-2048 3072 5088 ) (-2048 3072 -5088 ) 
4 136 138 (0 3072 5088 ) (0 3072 -5088 ) (0 2048 -5088 ) (0 2048 5088 ) 
4 136 137 (1024 2048 -5088 ) (1024 2048 5088 ) (0 2048 5088 ) (0 2048 -5088 ) 
4 137 280 (1024 1024 -5088 ) (1024 1024 5088 ) (0 1024 5088 ) (0 1024 -5088 ) 
4 137 140 (0 1024 -5088 ) (0 1024 5088 ) (0 2048 5088 ) (0 2048 -5088 ) 
4 138 140 (0 2048 -5088 ) (0 2048 5088 ) (-1024 2048 5088 ) (-1024 2048 -5088 ) 
4 138 139 (-1024 3072 5088 ) (-1024 3072 -5088 ) (-1024 2048 -5088 ) (-1024 2048 5088 ) 
4 139 145 (-2048 2048 -5088 ) (-2048 2048 5088 ) (-2048 3072 5088 ) (-2048 3072 -5088 ) 
4 139 141 (-1024 2048 -5088 ) (-1024 2048 5088 ) (-2048 2048 5088 ) (-2048 2048 -5088 ) 
4 140 281 (0 1024 -5088 ) (0 1024 5088 ) (-1024 1024 5088 ) (-1024 1024 -5088 ) 
4 140 141 (-1024 2048 5088 ) (-1024 2048 -5088 ) (-1024 1024 -5088 ) (-1024 1024 5088 ) 
4 141 282 (-1024 1024 -5088 ) (-1024 1024 5088 ) (-2048 1024 5088 ) (-2048 1024 -5088 ) 
4 141 146 (-2048 1024 -5088 ) (-2048 1024 5088 ) (-2048 2048 5088 ) (-2048 2048 -5088 ) 
4 142 145 (-2048 3072 -5088 ) (-2048 3072 5088 ) (-3072 3072 5088 ) (-3072 3072 -5088 ) 
4 142 143 (-3072 4096 5088 ) (-3072 4096 -5088 ) (-3072 3072 -5088 ) (-3072 3072 5088 ) 
4 143 147 (-3072 3072 -5088 ) (-3072 3072 5088 ) (-4096 3072 5088 ) (-4096 3072 -5088 ) 
4 143 144 (-4096 3072 -5088 ) (-4096 3072 5088 ) (-4096 4096 5088 ) (-4096 4096 -5088 ) 
4 144 166 (-5120 3072 -5088 ) (-5120 3072 5088 ) (-5120 4096 5088 ) (-5120 4096 -5088 ) 
4 144 148 (-4096 3072 -5088 ) (-4096 3072 5088 ) (-5120 3072 5088 ) (-5120 3072 -5088 ) 
4 145 147 (-3072 3072 5088 ) (-3072 3072 -5088 ) (-3072 2048 -5088 ) (-3072 2048 5088 ) 
4 145 146 (-2048 2048 -5088 ) (-2048 2048 5088 ) (-3072 2048 5088 ) (-3072 2048 -5088 ) 
4 146 289 (-2048 1024 -5088 ) (-2048 1024 5088 ) (-3072 1024 5088 ) (-3072 1024 -5088 ) 
4 146 149 (-3072 1024 -5088 ) (-3072 1024 5088 ) (-3072 2048 5088 ) (-3072 2048 -5088 ) 
4 147 149 (-3072 2048 -5088 ) (-3072 2048 5088 ) (-4096 2048 5088 ) (-4096 2048 -5088 ) 
4 147 148 (-4096 3072 5088 ) (-4096 3072 -5088 ) (-4096 2048 -5088 ) (-4096 2048 5088 ) 
4 148 169 (-5120 2048 -5088 ) (-5120 2048 5088 ) (-5120 3072 5088 ) (-5120 3072 -5088 ) 
4 148 150 (-4096 2048 -5088 ) (-4096 2048 5088 ) (-5120 2048 5088 ) (-5120 2048 -5088 ) 
4 149 290 (-3072 1024 -5088 ) (-3072 1024 5088 ) (-4096 1024 5088 ) (-4096 1024 -5088 ) 
4 149 150 (-4096 2048 5088 ) (-4096 2048 -5088 ) (-4096 1024 -5088 ) (-4096 1024 5088 ) 
4 150 291 (-4096 1024 -5088 ) (-4096 1024 5088 ) (-5120 1024 5088 ) (-5120 1024 -5088 ) 
4 150 170 (-5120 1024 -5088 ) (-5120 1024 5088 ) (-5120 2048 5088 ) (-5120 2048 -5088 ) 
4 151 154 (-5120 6144 -5088 ) (-5120 6144 5088 ) (-6144 6144 5088 ) (-6144 6144 -5088 ) 
4 151 152 (-6144 7168 5088 ) (-6144 7168 -5088 ) (-6144 6144 -5088 ) (-6144 6144 5088 ) 
4 152 156 (-6144 6144 -5088 ) (-6144 6144 5088 ) (-7168 6144 5088 ) (-7168 6144 -5088 ) 
4 152 153 (-7168 6144 -5088 ) (-7168 6144 5088 ) (-7168 7168 5088 ) (-7168 7168 -5088 ) 
4 153 160 (-8192 7168 5088 ) (-8192 7168 -5088 ) (-8192 6144 -5088 ) (-8192 6144 5088 ) 
4 153 157 (-7168 6144 -5088 ) (-7168 6144 5088 ) (-8192 6144 5088 ) (-8192 6144 -5088 ) 
4 154 156 (-6144 6144 5088 ) (-6144 6144 -5088 ) (-6144 5120 -5088 ) (-6144 5120 5088 ) 
4 154 155 (-5120 5120 -5088 ) (-5120 5120 5088 ) (-6144 5120 5088 ) (-6144 5120 -5088 ) 
4 155 166 (-5120 4096 -5088 ) (-5120 4096 5088 ) (-6144 4096 5088 ) (-6144 4096 -5088 ) 
4 155 158 (-6144 4096 -5088 ) (-6144 4096 5088 ) (-6144 5120 5088 ) (-6144 5120 -5088 ) 
4 156 158 (-6144 5120 -5088 ) (-6144 5120 5088 ) (-7168 5120 5088 ) (-7168 5120 -5088 ) 
4 156 157 (-7168 6144 5088 ) (-7168 6144 -5088 ) (-7168 5120 -5088 ) (-7168 5120 5088 ) 
4 157 162 (-8192 5120 -5088 ) (-8192 5120 5088 ) (-8192 6144 5088 ) (-8192 6144 -5088 ) 
4 157 159 (-7168 5120 -5088 ) (-7168 5120 5088 ) (-8192 5120 5088 ) (-8192 5120 -5088 ) 
4 158 167 (-6144 4096 -5088 ) (-6144 4096 5088 ) (-7168 4096 5088 ) (-7168 4096 -5088 ) 
4 158 159 (-7168 5120 5088 ) (-7168 5120 -5088 ) (-7168 4096 -5088 ) (-7168 4096 5088 ) 
4 159 168 (-7168 4096 -5088 ) (-7168 4096 5088 ) (-8192 4096 5088 ) (-8192 4096 -5088 ) 
4 159 163 (-8192 4096 -5088 ) (-8192 4096 5088 ) (-8192 5120 5088 ) (-8192 5120 -5088 ) 
4 160 162 (-8192 6144 -5088 ) (-8192 6144 5088 ) (-9216 6144 5088 ) (-9216 6144 -5088 ) 
4 160 161 (-9216 7168 5088 ) (-9216 7168 -5088 ) (-9216 6144 -5088 ) (-9216 6144 5088 ) 
4 161 164 (-9216 6144 -5088 ) (-9216 6144 5088 ) (-10208 6144 5088 ) (-10208 6144 -5088 ) 
4 162 164 (-9216 6144 5088 ) (-9216 6144 -5088 ) (-9216 5120 -5088 ) (-9216 5120 5088 ) 
4 162 163 (-8192 5120 -5088 ) (-8192 5120 5088 ) (-9216 5120 5088 ) (-9216 5120 -5088 ) 
4 163 175 (-8192 4096 -5088 ) (-8192 4096 5088 ) (-9216 4096 5088 ) (-9216 4096 -5088 ) 
4 163 165 (-9216 4096 -5088 ) (-9216 4096 5088 ) (-9216 5120 5088 ) (-9216 5120 -5088 ) 
4 164 165 (-9216 5120 -5088 ) (-9216 5120 5088 ) (-10208 5120 5088 ) (-10208 5120 -5088 ) 
4 165 176 (-9216 4096 -5088 ) (-9216 4096 5088 ) (-10208 4096 5088 ) (-10208 4096 -5088 ) 
4 166 169 (-5120 3072 -5088 ) (-5120 3072 5088 ) (-6144 3072 5088 ) (-6144 3072 -5088 ) 
4 166 167 (-6144 4096 5088 ) (-6144 4096 -5088 ) (-6144 3072 -5088 ) (-6144 3072 5088 ) 
4 167 171 (-6144 3072 -5088 ) (-6144 3072 5088 ) (-7168 3072 5088 ) (-7168 3072 -5088 ) 
4 167 168 (-7168 3072 -5088 ) (-7168 3072 5088 ) (-7168 4096 5088 ) (-7168 4096 -5088 ) 
4 168 175 (-8192 4096 5088 ) (-8192 4096 -5088 ) (-8192 3072 -5088 ) (-8192 3072 5088 ) 
4 168 172 (-7168 3072 -5088 ) (-7168 3072 5088 ) (-8192 3072 5088 ) (-8192 3072 -5088 ) 
4 169 171 (-6144 3072 5088 ) (-6144 3072 -5088 ) (-6144 2048 -5088 ) (-6144 2048 5088 ) 
4 169 170 (-5120 2048 -5088 ) (-5120 2048 5088 ) (-6144 2048 5088 ) (-6144 2048 -5088 ) 
4 170 316 (-5120 1024 -5088 ) (-5120 1024 5088 ) (-6144 1024 5088 ) (-6144 1024 -5088 ) 
4 170 173 (-6144 1024 -5088 ) (-6144 1024 5088 ) (-6144 2048 5088 ) (-6144 2048 -5088 ) 
4 171 173 (-6144 2048 -5088 ) (-6144 2048 5088 ) (-7168 2048 5088 ) (-7168 2048 -5088 ) 
4 171 172 (-7168 3072 5088 ) (-7168 3072 -5088 ) (-7168 2048 -5088 ) (-7168 2048 5088 ) 
4 172 177 (-8192 2048 -5088 ) (-8192 2048 5088 ) (-8192 3072 5088 ) (-8192 3072 -5088 ) 
4 172 174 (-7168 2048 -5088 ) (-7168 2048 5088 ) (-8192 2048 5088 ) (-8192 2048 -5088 ) 
4 173 317 (-6144 1024 -5088 ) (-6144 1024 5088 ) (-7168 1024 5088 ) (-7168 1024 -5088 ) 
4 173 174 (-7168 2048 5088 ) (-7168 2048 -5088 ) (-7168 1024 -5088 ) (-7168 1024 5088 ) 
4 174 318 (-7168 1024 -5088 ) (-7168 1024 5088 ) (-8192 1024 5088 ) (-8192 1024 -5088 ) 
4 174 178 (-8192 1024 -5088 ) (-8192 1024 5088 ) (-8192 2048 5088 ) (-8192 2048 -5088 ) 
4 175 177 (-8192 3072 -5088 ) (-8192 3072 5088 ) (-9216 3072 5088 ) (-9216 3072 -5088 ) 
4 175 176 (-9216 4096 5088 ) (-9216 4096 -5088 ) (-9216 3072 -5088 ) (-9216 3072 5088 ) 
4 176 179 (-9216 3072 -5088 ) (-9216 3072 5088 ) (-10208 3072 5088 ) (-10208 3072 -5088 ) 
4 177 179 (-9216 3072 5088 ) (-9216 3072 -5088 ) (-9216 2048 -5088 ) (-9216 2048 5088 ) 
4 177 178 (-8192 2048 -5088 ) (-8192 2048 5088 ) (-9216 2048 5088 ) (-9216 2048 -5088 ) 
4 178 325 (-8192 1024 -5088 ) (-8192 1024 5088 ) (-9216 1024 5088 ) (-9216 1024 -5088 ) 
4 178 180 (-9216 1024 -5088 ) (-9216 1024 5088 ) (-9216 2048 5088 ) (-9216 2048 -5088 ) 
4 179 180 (-9216 2048 -5088 ) (-9216 2048 5088 ) (-10208 2048 5088 ) (-10208 2048 -5088 ) 
4 180 326 (-9216 1024 -5088 ) (-9216 1024 5088 ) (-10208 1024 5088 ) (-10208 1024 -5088 ) 
4 181 184 (10208 0 5088 ) (9216 0 5088 ) (9216 0 -5088 ) (10208 0 -5088 ) 
4 181 182 (9216 1024 5088 ) (9216 1024 -5088 ) (9216 0 -5088 ) (9216 0 5088 ) 
4 182 186 (9216 0 -5088 ) (9216 0 5088 ) (8192 0 5088 ) (8192 0 -5088 ) 
4 182 183 (8192 0 -5088 ) (8192 0 5088 ) (8192 1024 5088 ) (8192 1024 -5088 ) 
4 183 199 (7168 1024 5088 ) (7168 1024 -5088 ) (7168 0 -5088 ) (7168 0 5088 ) 
4 183 187 (8192 0 -5088 ) (8192 0 5088 ) (7168 0 5088 ) (7168 0 -5088 ) 
4 184 186 (9216 0 5088 ) (9216 0 -5088 ) (9216 -1024 -5088 ) (9216 -1024 5088 ) 
4 184 185 (10208 -1024 5088 ) (9216 -1024 5088 ) (9216 -1024 -5088 ) (10208 -1024 -5088 ) 
4 185 190 (10208 -2048 5088 ) (9216 -2048 5088 ) (9216 -2048 -5088 ) (10208 -2048 -5088 ) 
4 185 188 (9216 -2048 -5088 ) (9216 -2048 5088 ) (9216 -1024 5088 ) (9216 -1024 -5088 ) 
4 186 188 (9216 -1024 -5088 ) (9216 -1024 5088 ) (8192 -1024 5088 ) (8192 -1024 -5088 ) 
4 186 187 (8192 0 5088 ) (8192 0 -5088 ) (8192 -1024 -5088 ) (8192 -1024 5088 ) 
4 187 202 (7168 -1024 -5088 ) (7168 -1024 5088 ) (7168 0 5088 ) (7168 0 -5088 ) 
4 187 189 (8192 -1024 -5088 ) (8192 -1024 5088 ) (7168 -1024 5088 ) (7168 -1024 -5088 ) 
4 188 191 (9216 -2048 -5088 ) (9216 -2048 5088 ) (8192 -2048 5088 ) (8192 -2048 -5088 ) 
4 188 189 (8192 -1024 5088 ) (8192 -1024 -5088 ) (8192 -2048 -5088 ) (8192 -2048 5088 ) 
4 189 203 (7168 -2048 -5088 ) (7168 -2048 5088 ) (7168 -1024 5088 ) (7168 -1024 -5088 ) 
4 189 192 (8192 -2048 -5088 ) (8192 -2048 5088 ) (7168 -2048 5088 ) (7168 -2048 -5088 ) 
4 190 193 (10208 -3072 5088 ) (9216 -3072 5088 ) (9216 -3072 -5088 ) (10208 -3072 -5088 ) 
4 190 191 (9216 -2048 5088 ) (9216 -2048 -5088 ) (9216 -3072 -5088 ) (9216 -3072 5088 ) 
4 191 195 (9216 -3072 -5088 ) (9216 -3072 5088 ) (8192 -3072 5088 ) (8192 -3072 -5088 ) 
4 191 192 (8192 -3072 -5088 ) (8192 -3072 5088 ) (8192 -2048 5088 ) (8192 -2048 -5088 ) 
4 192 217 (7168 -3072 -5088 ) (7168 -3072 5088 ) (7168 -2048 5088 ) (7168 -2048 -5088 ) 
4 192 196 (8192 -3072 -5088 ) (8192 -3072 5088 ) (7168 -3072 5088 ) (7168 -3072 -5088 ) 
4 193 195 (9216 -3072 5088 ) (9216 -3072 -5088 ) (9216 -4096 -5088 ) (9216 -4096 5088 ) 
4 193 194 (10208 -4096 5088 ) (9216 -4096 5088 ) (9216 -4096 -5088 ) (10208 -4096 -5088 ) 
4 194 235 (10208 -5120 5088 ) (9216 -5120 5088 ) (9216 -5120 -5088 ) (10208 -5120 -5088 ) 
4 194 197 (9216 -5120 -5088 ) (9216 -5120 5088 ) (9216 -4096 5088 ) (9216 -4096 -5088 ) 
4 195 197 (9216 -4096 -5088 ) (9216 -4096 5088 ) (8192 -4096 5088 ) (8192 -4096 -5088 ) 
4 195 196 (8192 -3072 5088 ) (8192 -3072 -5088 ) (8192 -4096 -5088 ) (8192 -4096 5088 ) 
4 196 220 (7168 -4096 -5088 ) (7168 -4096 5088 ) (7168 -3072 5088 ) (7168 -3072 -5088 ) 
4 196 198 (8192 -4096 -5088 ) (8192 -4096 5088 ) (7168 -4096 5088 ) (7168 -4096 -5088 ) 
4 197 236 (9216 -5120 -5088 ) (9216 -5120 5088 ) (8192 -5120 5088 ) (8192 -5120 -5088 ) 
4 197 198 (8192 -4096 5088 ) (8192 -4096 -5088 ) (8192 -5120 -5088 ) (8192 -5120 5088 ) 
4 198 237 (8192 -5120 -5088 ) (8192 -5120 5088 ) (7168 -5120 5088 ) (7168 -5120 -5088 ) 
4 198 221 (7168 -5120 -5088 ) (7168 -5120 5088 ) (7168 -4096 5088 ) (7168 -4096 -5088 ) 
4 199 202 (7168 0 -5088 ) (7168 0 5088 ) (6144 0 5088 ) (6144 0 -5088 ) 
4 199 200 (6144 1024 5088 ) (6144 1024 -5088 ) (6144 0 -5088 ) (6144 0 5088 ) 
4 200 204 (6144 0 -5088 ) (6144 0 5088 ) (5120 0 5088 ) (5120 0 -5088 ) 
4 200 201 (5120 0 -5088 ) (5120 0 5088 ) (5120 1024 5088 ) (5120 1024 -5088 ) 
4 201 208 (4096 1024 5088 ) (4096 1024 -5088 ) (4096 0 -5088 ) (4096 0 5088 ) 
4 201 205 (5120 0 -5088 ) (5120 0 5088 ) (4096 0 5088 ) (4096 0 -5088 ) 
4 202 204 (6144 0 5088 ) (6144 0 -5088 ) (6144 -1024 -5088 ) (6144 -1024 5088 ) 
4 202 203 (7168 -1024 -5088 ) (7168 -1024 5088 ) (6144 -1024 5088 ) (6144 -1024 -5088 ) 
4 203 217 (7168 -2048 -5088 ) (7168 -2048 5088 ) (6144 -2048 5088 ) (6144 -2048 -5088 ) 
4 203 206 (6144 -2048 -5088 ) (6144 -2048 5088 ) (6144 -1024 5088 ) (6144 -1024 -5088 ) 
4 204 206 (6144 -1024 -5088 ) (6144 -1024 5088 ) (5120 -1024 5088 ) (5120 -1024 -5088 ) 
4 204 205 (5120 0 5088 ) (5120 0 -5088 ) (5120 -1024 -5088 ) (5120 -1024 5088 ) 
4 205 211 (4096 -1024 -5088 ) (4096 -1024 5088 ) (4096 0 5088 ) (4096 0 -5088 ) 
4 205 207 (5120 -1024 -5088 ) (5120 -1024 5088 ) (4096 -1024 5088 ) (4096 -1024 -5088 ) 
4 206 218 (6144 -2048 -5088 ) (6144 -2048 5088 ) (5120 -2048 5088 ) (5120 -2048 -5088 ) 
4 206 207 (5120 -1024 5088 ) (5120 -1024 -5088 ) (5120 -2048 -5088 ) (5120 -2048 5088 ) 
4 207 219 (5120 -2048 -5088 ) (5120 -2048 5088 ) (4096 -2048 5088 ) (4096 -2048 -5088 ) 
4 207 212 (4096 -2048 -5088 ) (4096 -2048 5088 ) (4096 -1024 5088 ) (4096 -1024 -5088 ) 
4 208 211 (4096 0 -5088 ) (4096 0 5088 ) (3072 0 5088 ) (3072 0 -5088 ) 
4 208 209 (3072 1024 5088 ) (3072 1024 -5088 ) (3072 0 -5088 ) (3072 0 5088 ) 
4 209 213 (3072 0 -5088 ) (3072 0 5088 ) (2048 0 5088 ) (2048 0 -5088 ) 
4 209 210 (2048 0 -5088 ) (2048 0 5088 ) (2048 1024 5088 ) (2048 1024 -5088 ) 
4 210 280 (1024 1024 5088 ) (1024 1024 -5088 ) (1024 0 -5088 ) (1024 0 5088 ) 
4 210 214 (2048 0 -5088 ) (2048 0 5088 ) (1024 0 5088 ) (1024 0 -5088 ) 
4 211 213 (3072 0 5088 ) (3072 0 -5088 ) (3072 -1024 -5088 ) (3072 -1024 5088 ) 
4 211 212 (4096 -1024 -5088 ) (4096 -1024 5088 ) (3072 -1024 5088 ) (3072 -1024 -5088 ) 
4 212 226 (4096 -2048 -5088 ) (4096 -2048 5088 ) (3072 -2048 5088 ) (3072 -2048 -5088 ) 
4 212 215 (3072 -2048 -5088 ) (3072 -2048 5088 ) (3072 -1024 5088 ) (3072 -1024 -5088 ) 
4 213 215 (3072 -1024 -5088 ) (3072 -1024 5088 ) (2048 -1024 5088 ) (2048 -1024 -5088 ) 
4 213 214 (2048 0 5088 ) (2048 0 -5088 ) (2048 -1024 -5088 ) (2048 -1024 5088 ) 
4 214 283 (1024 -1024 -5088 ) (1024 -1024 5088 ) (1024 0 5088 ) (1024 0 -5088 ) 
4 214 216 (2048 -1024 -5088 ) (2048 -1024 5088 ) (1024 -1024 5088 ) (1024 -1024 -5088 ) 
4 215 227 (3072 -2048 -5088 ) (3072 -2048 5088 ) (2048 -2048 5088 ) (2048 -2048 -5088 ) 
4 215 216 (2048 -1024 5088 ) (2048 -1024 -5088 ) (2048 -2048 -5088 ) (2048 -2048 5088 ) 
4 216 284 (1024 -2048 -5088 ) (1024 -2048 5088 ) (1024 -1024 5088 ) (1024 -1024 -5088 ) 
4 216 228 (2048 -2048 -5088 ) (2048 -2048 5088 ) (1024 -2048 5088 ) (1024 -2048 -5088 ) 
4 217 220 (7168 -3072 -5088 ) (7168 -3072 5088 ) (6144 -3072 5088 ) (6144 -3072 -5088 ) 
4 217 218 (6144 -2048 5088 ) (6144 -2048 -5088 ) (6144 -3072 -5088 ) (6144 -3072 5088 ) 
4 218 222 (6144 -3072 -5088 ) (6144 -3072 5088 ) (5120 -3072 5088 ) (5120 -3072 -5088 ) 
4 218 219 (5120 -3072 -5088 ) (5120 -3072 5088 ) (5120 -2048 5088 ) (5120 -2048 -5088 ) 
4 219 226 (4096 -2048 5088 ) (4096 -2048 -5088 ) (4096 -3072 -5088 ) (4096 -3072 5088 ) 
4 219 223 (5120 -3072 -5088 ) (5120 -3072 5088 ) (4096 -3072 5088 ) (4096 -3072 -5088 ) 
4 220 222 (6144 -3072 5088 ) (6144 -3072 -5088 ) (6144 -4096 -5088 ) (6144 -4096 5088 ) 
4 220 221 (7168 -4096 -5088 ) (7168 -4096 5088 ) (6144 -4096 5088 ) (6144 -4096 -5088 ) 
4 221 250 (7168 -5120 -5088 ) (7168 -5120 5088 ) (6144 -5120 5088 ) (6144 -5120 -5088 ) 
4 221 224 (6144 -5120 -5088 ) (6144 -5120 5088 ) (6144 -4096 5088 ) (6144 -4096 -5088 ) 
4 222 224 (6144 -4096 -5088 ) (6144 -4096 5088 ) (5120 -4096 5088 ) (5120 -4096 -5088 ) 
4 222 223 (5120 -3072 5088 ) (5120 -3072 -5088 ) (5120 -4096 -5088 ) (5120 -4096 5088 ) 
4 223 229 (4096 -4096 -5088 ) (4096 -4096 5088 ) (4096 -3072 5088 ) (4096 -3072 -5088 ) 
4 223 225 (5120 -4096 -5088 ) (5120 -4096 5088 ) (4096 -4096 5088 ) (4096 -4096 -5088 ) 
4 224 251 (6144 -5120 -5088 ) (6144 -5120 5088 ) (5120 -5120 5088 ) (5120 -5120 -5088 ) 
4 224 225 (5120 -4096 5088 ) (5120 -4096 -5088 ) (5120 -5120 -5088 ) (5120 -5120 5088 ) 
4 225 252 (5120 -5120 -5088 ) (5120 -5120 5088 ) (4096 -5120 5088 ) (4096 -5120 -5088 ) 
4 225 230 (4096 -5120 -5088 ) (4096 -5120 5088 ) (4096 -4096 5088 ) (4096 -4096 -5088 ) 
4 226 229 (4096 -3072 -5088 ) (4096 -3072 5088 ) (3072 -3072 5088 ) (3072 -3072 -5088 ) 
4 226 227 (3072 -2048 5088 ) (3072 -2048 -5088 ) (3072 -3072 -5088 ) (3072 -3072 5088 ) 
4 227 231 (3072 -3072 -5088 ) (3072 -3072 5088 ) (2048 -3072 5088 ) (2048 -3072 -5088 ) 
4 227 228 (2048 -3072 -5088 ) (2048 -3072 5088 ) (2048 -2048 5088 ) (2048 -2048 -5088 ) 
4 228 298 (1024 -3072 -5088 ) (1024 -3072 5088 ) (1024 -2048 5088 ) (1024 -2048 -5088 ) 
4 228 232 (2048 -3072 -5088 ) (2048 -3072 5088 ) (1024 -3072 5088 ) (1024 -3072 -5088 ) 
4 229 231 (3072 -3072 5088 ) (3072 -3072 -5088 ) (3072 -4096 -5088 ) (3072 -4096 5088 ) 
4 229 230 (4096 -4096 -5088 ) (4096 -4096 5088 ) (3072 -4096 5088 ) (3072 -4096 -5088 ) 
4 230 259 (4096 -5120 -5088 ) (4096 -5120 5088 ) (3072 -5120 5088 ) (3072 -5120 -5088 ) 
4 230 233 (3072 -5120 -5088 ) (3072 -5120 5088 ) (3072 -4096 5088 ) (3072 -4096 -5088 ) 
4 231 233 (3072 -4096 -5088 ) (3072 -4096 5088 ) (2048 -4096 5088 ) (2048 -4096 -5088 ) 
4 231 232 (2048 -3072 5088 ) (2048 -3072 -5088 ) (2048 -4096 -5088 ) (2048 -4096 5088 ) 
4 232 301 (1024 -4096 -5088 ) (1024 -4096 5088 ) (1024 -3072 5088 ) (1024 -3072 -5088 ) 
4 232 234 (2048 -4096 -5088 ) (2048 -4096 5088 ) (1024 -4096 5088 ) (1024 -4096 -5088 ) 
4 233 260 (3072 -5120 -5088 ) (3072 -5120 5088 ) (2048 -5120 5088 ) (2048 -5120 -5088 ) 
4 233 234 (2048 -4096 5088 ) (2048 -4096 -5088 ) (2048 -5120 -5088 ) (2048 -5120 5088 ) 
4 234 302 (1024 -5120 -5088 ) (1024 -5120 5088 ) (1024 -4096 5088 ) (1024 -4096 -5088 ) 
4 234 261 (2048 -5120 -5088 ) (2048 -5120 5088 ) (1024 -5120 5088 ) (1024 -5120 -5088 ) 
4 235 238 (10208 -6144 5088 ) (9216 -6144 5088 ) (9216 -6144 -5088 ) (10208 -6144 -5088 ) 
4 235 236 (9216 -5120 5088 ) (9216 -5120 -5088 ) (9216 -6144 -5088 ) (9216 -6144 5088 ) 
4 236 240 (9216 -6144 -5088 ) (9216 -6144 5088 ) (8192 -6144 5088 ) (8192 -6144 -5088 ) 
4 236 237 (8192 -6144 -5088 ) (8192 -6144 5088 ) (8192 -5120 5088 ) (8192 -5120 -5088 ) 
4 237 250 (7168 -5120 5088 ) (7168 -5120 -5088 ) (7168 -6144 -5088 ) (7168 -6144 5088 ) 
4 237 241 (8192 -6144 -5088 ) (8192 -6144 5088 ) (7168 -6144 5088 ) (7168 -6144 -5088 ) 
4 238 240 (9216 -6144 5088 ) (9216 -6144 -5088 ) (9216 -7168 -5088 ) (9216 -7168 5088 ) 
4 238 239 (10208 -7168 5088 ) (9216 -7168 5088 ) (9216 -7168 -5088 ) (10208 -7168 -5088 ) 
4 239 244 (10208 -8192 5088 ) (9216 -8192 5088 ) (9216 -8192 -5088 ) (10208 -8192 -5088 ) 
4 239 242 (9216 -8192 -5088 ) (9216 -8192 5088 ) (9216 -7168 5088 ) (9216 -7168 -5088 ) 
4 240 242 (9216 -7168 -5088 ) (9216 -7168 5088 ) (8192 -7168 5088 ) (8192 -7168 -5088 ) 
4 240 241 (8192 -6144 5088 ) (8192 -6144 -5088 ) (8192 -7168 -5088 ) (8192 -7168 5088 ) 
4 241 253 (7168 -7168 -5088 ) (7168 -7168 5088 ) (7168 -6144 5088 ) (7168 -6144 -5088 ) 
4 241 243 (8192 -7168 -5088 ) (8192 -7168 5088 ) (7168 -7168 5088 ) (7168 -7168 -5088 ) 
4 242 245 (9216 -8192 -5088 ) (9216 -8192 5088 ) (8192 -8192 5088 ) (8192 -8192 -5088 ) 
4 242 243 (8192 -7168 5088 ) (8192 -7168 -5088 ) (8192 -8192 -5088 ) (8192 -8192 5088 ) 
4 243 254 (7168 -8192 -5088 ) (7168 -8192 5088 ) (7168 -7168 5088 ) (7168 -7168 -5088 ) 
4 243 246 (8192 -8192 -5088 ) (8192 -8192 5088 ) (7168 -8192 5088 ) (7168 -8192 -5088 ) 
4 244 247 (10208 -9216 5088 ) (9216 -9216 5088 ) (9216 -9216 -5088 ) (10208 -9216 -5088 ) 
4 244 245 (9216 -8192 5088 ) (9216 -8192 -5088 ) (9216 -9216 -5088 ) (9216 -9216 5088 ) 
4 245 248 (9216 -9216 -5088 ) (9216 -9216 5088 ) (8192 -9216 5088 ) (8192 -9216 -5088 ) 
4 245 246 (8192 -9216 -5088 ) (8192 -9216 5088 ) (8192 -8192 5088 ) (8192 -8192 -5088 ) 
4 246 268 (7168 -9216 -5088 ) (7168 -9216 5088 ) (7168 -8192 5088 ) (7168 -8192 -5088 ) 
4 246 249 (8192 -9216 -5088 ) (8192 -9216 5088 ) (7168 -9216 5088 ) (7168 -9216 -5088 ) 
4 247 248 (9216 -9216 5088 ) (9216 -9216 -5088 ) (9216 -10208 -5088 ) (9216 -10208 5088 ) 
4 248 249 (8192 -9216 5088 ) (8192 -9216 -5088 ) (8192 -10208 -5088 ) (8192 -10208 5088 ) 
4 249 271 (7168 -10208 5088 ) (7168 -9216 5088 ) (7168 -9216 -5088 ) (7168 -10208 -5088 ) 
4 250 253 (7168 -6144 -5088 ) (7168 -6144 5088 ) (6144 -6144 5088 ) (6144 -6144 -5088 ) 
4 250 251 (6144 -5120 5088 ) (6144 -5120 -5088 ) (6144 -6144 -5088 ) (6144 -6144 5088 ) 
4 251 255 (6144 -6144 -5088 ) (6144 -6144 5088 ) (5120 -6144 5088 ) (5120 -6144 -5088 ) 
4 251 252 (5120 -6144 -5088 ) (5120 -6144 5088 ) (5120 -5120 5088 ) (5120 -5120 -5088 ) 
4 252 259 (4096 -5120 5088 ) (4096 -5120 -5088 ) (4096 -6144 -5088 ) (4096 -6144 5088 ) 
4 252 256 (5120 -6144 -5088 ) (5120 -6144 5088 ) (4096 -6144 5088 ) (4096 -6144 -5088 ) 
4 253 255 (6144 -6144 5088 ) (6144 -6144 -5088 ) (6144 -7168 -5088 ) (6144 -7168 5088 ) 
4 253 254 (7168 -7168 -5088 ) (7168 -7168 5088 ) (6144 -7168 5088 ) (6144 -7168 -5088 ) 
4 254 268 (7168 -8192 -5088 ) (7168 -8192 5088 ) (6144 -8192 5088 ) (6144 -8192 -5088 ) 
4 254 257 (6144 -8192 -5088 ) (6144 -8192 5088 ) (6144 -7168 5088 ) (6144 -7168 -5088 ) 
4 255 257 (6144 -7168 -5088 ) (6144 -7168 5088 ) (5120 -7168 5088 ) (5120 -7168 -5088 ) 
4 255 256 (5120 -6144 5088 ) (5120 -6144 -5088 ) (5120 -7168 -5088 ) (5120 -7168 5088 ) 
4 256 262 (4096 -7168 -5088 ) (4096 -7168 5088 ) (4096 -6144 5088 ) (4096 -6144 -5088 ) 
4 256 258 (5120 -7168 -5088 ) (5120 -7168 5088 ) (4096 -7168 5088 ) (4096 -7168 -5088 ) 
4 257 269 (6144 -8192 -5088 ) (6144 -8192 5088 ) (5120 -8192 5088 ) (5120 -8192 -5088 ) 
4 257 258 (5120 -7168 5088 ) (5120 -7168 -5088 ) (5120 -8192 -5088 ) (5120 -8192 5088 ) 
4 258 270 (5120 -8192 -5088 ) (5120 -8192 5088 ) (4096 -8192 5088 ) (4096 -8192 -5088 ) 
4 258 263 (4096 -8192 -5088 ) (4096 -8192 5088 ) (4096 -7168 5088 ) (4096 -7168 -5088 ) 
4 259 262 (4096 -6144 -5088 ) (4096 -6144 5088 ) (3072 -6144 5088 ) (3072 -6144 -5088 ) 
4 259 260 (3072 -5120 5088 ) (3072 -5120 -5088 ) (3072 -6144 -5088 ) (3072 -6144 5088 ) 
4 260 264 (3072 -6144 -5088 ) (3072 -6144 5088 ) (2048 -6144 5088 ) (2048 -6144 -5088 ) 
4 260 261 (2048 -6144 -5088 ) (2048 -6144 5088 ) (2048 -5120 5088 ) (2048 -5120 -5088 ) 
4 261 346 (1024 -6144 -5088 ) (1024 -6144 5088 ) (1024 -5120 5088 ) (1024 -5120 -5088 ) 
4 261 265 (2048 -6144 -5088 ) (2048 -6144 5088 ) (1024 -6144 5088 ) (1024 -6144 -5088 ) 
4 262 264 (3072 -6144 5088 ) (3072 -6144 -5088 ) (3072 -7168 -5088 ) (3072 -7168 5088 ) 
4 262 263 (4096 -7168 -5088 ) (4096 -7168 5088 ) (3072 -7168 5088 ) (3072 -7168 -5088 ) 
4 263 274 (4096 -8192 -5088 ) (4096 -8192 5088 ) (3072 -8192 5088 ) (3072 -8192 -5088 ) 
4 263 266 (3072 -8192 -5088 ) (3072 -8192 5088 ) (3072 -7168 5088 ) (3072 -7168 -5088 ) 
4 264 266 (3072 -7168 -5088 ) (3072 -7168 5088 ) (2048 -7168 5088 ) (2048 -7168 -5088 ) 
4 264 265 (2048 -6144 5088 ) (2048 -6144 -5088 ) (2048 -7168 -5088 ) (2048 -7168 5088 ) 
4 265 349 (1024 -7168 -5088 ) (1024 -7168 5088 ) (1024 -6144 5088 ) (1024 -6144 -5088 ) 
4 265 267 (2048 -7168 -5088 ) (2048 -7168 5088 ) (1024 -7168 5088 ) (1024 -7168 -5088 ) 
4 266 275 (3072 -8192 -5088 ) (3072 -8192 5088 ) (2048 -8192 5088 ) (2048 -8192 -5088 ) 
4 266 267 (2048 -7168 5088 ) (2048 -7168 -5088 ) (2048 -8192 -5088 ) (2048 -8192 5088 ) 
4 267 350 (1024 -8192 -5088 ) (1024 -8192 5088 ) (1024 -7168 5088 ) (1024 -7168 -5088 ) 
4 267 276 (2048 -8192 -5088 ) (2048 -8192 5088 ) (1024 -8192 5088 ) (1024 -8192 -5088 ) 
4 268 271 (7168 -9216 -5088 ) (7168 -9216 5088 ) (6144 -9216 5088 ) (6144 -9216 -5088 ) 
4 268 269 (6144 -8192 5088 ) (6144 -8192 -5088 ) (6144 -9216 -5088 ) (6144 -9216 5088 ) 
4 269 272 (6144 -9216 -5088 ) (6144 -9216 5088 ) (5120 -9216 5088 ) (5120 -9216 -5088 ) 
4 269 270 (5120 -9216 -5088 ) (5120 -9216 5088 ) (5120 -8192 5088 ) (5120 -8192 -5088 ) 
4 270 274 (4096 -8192 5088 ) (4096 -8192 -5088 ) (4096 -9216 -5088 ) (4096 -9216 5088 ) 
4 270 273 (5120 -9216 -5088 ) (5120 -9216 5088 ) (4096 -9216 5088 ) (4096 -9216 -5088 ) 
4 271 272 (6144 -9216 5088 ) (6144 -9216 -5088 ) (6144 -10208 -5088 ) (6144 -10208 5088 ) 
4 272 273 (5120 -9216 5088 ) (5120 -9216 -5088 ) (5120 -10208 -5088 ) (5120 -10208 5088 ) 
4 273 277 (4096 -10208 5088 ) (4096 -9216 5088 ) (4096 -9216 -5088 ) (4096 -10208 -5088 ) 
4 274 277 (4096 -9216 -5088 ) (4096 -9216 5088 ) (3072 -9216 5088 ) (3072 -9216 -5088 ) 
4 274 275 (3072 -8192 5088 ) (3072 -8192 -5088 ) (3072 -9216 -5088 ) (3072 -9216 5088 ) 
4 275 278 (3072 -9216 -5088 ) (3072 -9216 5088 ) (2048 -9216 5088 ) (2048 -9216 -5088 ) 
4 275 276 (2048 -9216 -5088 ) (2048 -9216 5088 ) (2048 -8192 5088 ) (2048 -8192 -5088 ) 
4 276 364 (1024 -9216 -5088 ) (1024 -9216 5088 ) (1024 -8192 5088 ) (1024 -8192 -5088 ) 
4 276 279 (2048 -9216 -5088 ) (2048 -9216 5088 ) (1024 -9216 5088 ) (1024 -9216 -5088 ) 
4 277 278 (3072 -9216 5088 ) (3072 -9216 -5088 ) (3072 -10208 -5088 ) (3072 -10208 5088 ) 
4 278 279 (2048 -9216 5088 ) (2048 -9216 -5088 ) (2048 -10208 -5088 ) (2048 -10208 5088 ) 
4 279 367 (1024 -10208 5088 ) (1024 -9216 5088 ) (1024 -9216 -5088 ) (1024 -10208 -5088 ) 
4 280 283 (1024 0 -5088 ) (1024 0 5088 ) (0 0 5088 ) (0 0 -5088 ) 
4 280 281 (0 1024 5088 ) (0 1024 -5088 ) (0 0 -5088 ) (0 0 5088 ) 
4 281 285 (0 0 -5088 ) (0 0 5088 ) (-1024 0 5088 ) (-1024 0 -5088 ) 
4 281 282 (-1024 0 -5088 ) (-1024 0 5088 ) (-1024 1024 5088 ) (-1024 1024 -5088 ) 
4 282 289 (-2048 1024 5088 ) (-2048 1024 -5088 ) (-2048 0 -5088 ) (-2048 0 5088 ) 
4 282 286 (-1024 0 -5088 ) (-1024 0 5088 ) (-2048 0 5088 ) (-2048 0 -5088 ) 
4 283 285 (0 0 5088 ) (0 0 -5088 ) (0 -1024 -5088 ) (0 -1024 5088 ) 
4 283 284 (1024 -1024 -5088 ) (1024 -1024 5088 ) (0 -1024 5088 ) (0 -1024 -5088 ) 
4 284 298 (1024 -2048 -5088 ) (1024 -2048 5088 ) (0 -2048 5088 ) (0 -2048 -5088 ) 
4 284 287 (0 -2048 -5088 ) (0 -2048 5088 ) (0 -1024 5088 ) (0 -1024 -5088 ) 
4 285 287 (0 -1024 -5088 ) (0 -1024 5088 ) (-1024 -1024 5088 ) (-1024 -1024 -5088 ) 
4 285 286 (-1024 0 5088 ) (-1024 0 -5088 ) (-1024 -1024 -5088 ) (-1024 -1024 5088 ) 
4 286 292 (-2048 -1024 -5088 ) (-2048 -1024 5088 ) (-2048 0 5088 ) (-2048 0 -5088 ) 
4 286 288 (-1024 -1024 -5088 ) (-1024 -1024 5088 ) (-2048 -1024 5088 ) (-2048 -1024 -5088 ) 
4 287 299 (0 -2048 -5088 ) (0 -2048 5088 ) (-1024 -2048 5088 ) (-1024 -2048 -5088 ) 
4 287 288 (-1024 -1024 5088 ) (-1024 -1024 -5088 ) (-1024 -2048 -5088 ) (-1024 -2048 5088 ) 
4 288 300 (-1024 -2048 -5088 ) (-1024 -2048 5088 ) (-2048 -2048 5088 ) (-2048 -2048 -5088 ) 
4 288 293 (-2048 -2048 -5088 ) (-2048 -2048 5088 ) (-2048 -1024 5088 ) (-2048 -1024 -5088 ) 
4 289 292 (-2048 0 -5088 ) (-2048 0 5088 ) (-3072 0 5088 ) (-3072 0 -5088 ) 
4 289 290 (-3072 1024 5088 ) (-3072 1024 -5088 ) (-3072 0 -5088 ) (-3072 0 5088 ) 
4 290 294 (-3072 0 -5088 ) (-3072 0 5088 ) (-4096 0 5088 ) (-4096 0 -5088 ) 
4 290 291 (-4096 0 -5088 ) (-4096 0 5088 ) (-4096 1024 5088 ) (-4096 1024 -5088 ) 
4 291 316 (-5120 1024 5088 ) (-5120 1024 -5088 ) (-5120 0 -5088 ) (-5120 0 5088 ) 
4 291 295 (-4096 0 -5088 ) (-4096 0 5088 ) (-5120 0 5088 ) (-5120 0 -5088 ) 
4 292 294 (-3072 0 5088 ) (-3072 0 -5088 ) (-3072 -1024 -5088 ) (-3072 -1024 5088 ) 
4 292 293 (-2048 -1024 -5088 ) (-2048 -1024 5088 ) (-3072 -1024 5088 ) (-3072 -1024 -5088 ) 
4 293 307 (-2048 -2048 -5088 ) (-2048 -2048 5088 ) (-3072 -2048 5088 ) (-3072 -2048 -5088 ) 
4 293 296 (-3072 -2048 -5088 ) (-3072 -2048 5088 ) (-3072 -1024 5088 ) (-3072 -1024 -5088 ) 
4 294 296 (-3072 -1024 -5088 ) (-3072 -1024 5088 ) (-4096 -1024 5088 ) (-4096 -1024 -5088 ) 
4 294 295 (-4096 0 5088 ) (-4096 0 -5088 ) (-4096 -1024 -5088 ) (-4096 -1024 5088 ) 
4 295 319 (-5120 -1024 -5088 ) (-5120 -1024 5088 ) (-5120 0 5088 ) (-5120 0 -5088 ) 
4 295 297 (-4096 -1024 -5088 ) (-4096 -1024 5088 ) (-5120 -1024 5088 ) (-5120 -1024 -5088 ) 
4 296 308 (-3072 -2048 -5088 ) (-3072 -2048 5088 ) (-4096 -2048 5088 ) (-4096 -2048 -5088 ) 
4 296 297 (-4096 -1024 5088 ) (-4096 -1024 -5088 ) (-4096 -2048 -5088 ) (-4096 -2048 5088 ) 
4 297 320 (-5120 -2048 -5088 ) (-5120 -2048 5088 ) (-5120 -1024 5088 ) (-5120 -1024 -5088 ) 
4 297 309 (-4096 -2048 -5088 ) (-4096 -2048 5088 ) (-5120 -2048 5088 ) (-5120 -2048 -5088 ) 
4 298 301 (1024 -3072 -5088 ) (1024 -3072 5088 ) (0 -3072 5088 ) (0 -3072 -5088 ) 
4 298 299 (0 -2048 5088 ) (0 -2048 -5088 ) (0 -3072 -5088 ) (0 -3072 5088 ) 
4 299 303 (0 -3072 -5088 ) (0 -3072 5088 ) (-1024 -3072 5088 ) (-1024 -3072 -5088 ) 
4 299 300 (-1024 -3072 -5088 ) (-1024 -3072 5088 ) (-1024 -2048 5088 ) (-1024 -2048 -5088 ) 
4 300 307 (-2048 -2048 5088 ) (-2048 -2048 -5088 ) (-2048 -3072 -5088 ) (-2048 -3072 5088 ) 
4 300 304 (-1024 -3072 -5088 ) (-1024 -3072 5088 ) (-2048 -3072 5088 ) (-2048 -3072 -5088 ) 
4 301 303 (0 -3072 5088 ) (0 -3072 -5088 ) (0 -4096 -5088 ) (0 -4096 5088 ) 
4 301 302 (1024 -4096 -5088 ) (1024 -4096 5088 ) (0 -4096 5088 ) (0 -4096 -5088 ) 
4 302 346 (1024 -5120 -5088 ) (1024 -5120 5088 ) (0 -5120 5088 ) (0 -5120 -5088 ) 
4 302 305 (0 -5120 -5088 ) (0 -5120 5088 ) (0 -4096 5088 ) (0 -4096 -5088 ) 
4 303 305 (0 -4096 -5088 ) (0 -4096 5088 ) (-1024 -4096 5088 ) (-1024 -4096 -5088 ) 
4 303 304 (-1024 -3072 5088 ) (-1024 -3072 -5088 ) (-1024 -4096 -5088 ) (-1024 -4096 5088 ) 
4 304 310 (-2048 -4096 -5088 ) (-2048 -4096 5088 ) (-2048 -3072 5088 ) (-2048 -3072 -5088 ) 
4 304 306 (-1024 -4096 -5088 ) (-1024 -4096 5088 ) (-2048 -4096 5088 ) (-2048 -4096 -5088 ) 
4 305 347 (0 -5120 -5088 ) (0 -5120 5088 ) (-1024 -5120 5088 ) (-1024 -5120 -5088 ) 
4 305 306 (-1024 -4096 5088 ) (-1024 -4096 -5088 ) (-1024 -5120 -5088 ) (-1024 -5120 5088 ) 
4 306 348 (-1024 -5120 -5088 ) (-1024 -5120 5088 ) (-2048 -5120 5088 ) (-2048 -5120 -5088 ) 
4 306 311 (-2048 -5120 -5088 ) (-2048 -5120 5088 ) (-2048 -4096 5088 ) (-2048 -4096 -5088 ) 
4 307 310 (-2048 -3072 -5088 ) (-2048 -3072 5088 ) (-3072 -3072 5088 ) (-3072 -3072 -5088 ) 
4 307 308 (-3072 -2048 5088 ) (-3072 -2048 -5088 ) (-3072 -3072 -5088 ) (-3072 -3072 5088 ) 
4 308 312 (-3072 -3072 -5088 ) (-3072 -3072 5088 ) (-4096 -3072 5088 ) (-4096 -3072 -5088 ) 
4 308 309 (-4096 -3072 -5088 ) (-4096 -3072 5088 ) (-4096 -2048 5088 ) (-4096 -2048 -5088 ) 
4 309 331 (-5120 -3072 -5088 ) (-5120 -3072 5088 ) (-5120 -2048 5088 ) (-5120 -2048 -5088 ) 
4 309 313 (-4096 -3072 -5088 ) (-4096 -3072 5088 ) (-5120 -3072 5088 ) (-5120 -3072 -5088 ) 
4 310 312 (-3072 -3072 5088 ) (-3072 -3072 -5088 ) (-3072 -4096 -5088 ) (-3072 -4096 5088 ) 
4 310 311 (-2048 -4096 -5088 ) (-2048 -4096 5088 ) (-3072 -4096 5088 ) (-3072 -4096 -5088 ) 
4 311 355 (-2048 -5120 -5088 ) (-2048 -5120 5088 ) (-3072 -5120 5088 ) (-3072 -5120 -5088 ) 
4 311 314 (-3072 -5120 -5088 ) (-3072 -5120 5088 ) (-3072 -4096 5088 ) (-3072 -4096 -5088 ) 
4 312 314 (-3072 -4096 -5088 ) (-3072 -4096 5088 ) (-4096 -4096 5088 ) (-4096 -4096 -5088 ) 
4 312 313 (-4096 -3072 5088 ) (-4096 -3072 -5088 ) (-4096 -4096 -5088 ) (-4096 -4096 5088 ) 
4 313 334 (-5120 -4096 -5088 ) (-5120 -4096 5088 ) (-5120 -3072 5088 ) (-5120 -3072 -5088 ) 
4 313 315 (-4096 -4096 -5088 ) (-4096 -4096 5088 ) (-5120 -4096 5088 ) (-5120 -4096 -5088 ) 
4 314 356 (-3072 -5120 -5088 ) (-3072 -5120 5088 ) (-4096 -5120 5088 ) (-4096 -5120 -5088 ) 
4 314 315 (-4096 -4096 5088 ) (-4096 -4096 -5088 ) (-4096 -5120 -5088 ) (-4096 -5120 5088 ) 
4 315 357 (-4096 -5120 -5088 ) (-4096 -5120 5088 ) (-5120 -5120 5088 ) (-5120 -5120 -5088 ) 
4 315 335 (-5120 -5120 -5088 ) (-5120 -5120 5088 ) (-5120 -4096 5088 ) (-5120 -4096 -5088 ) 
4 316 319 (-5120 0 -5088 ) (-5120 0 5088 ) (-6144 0 5088 ) (-6144 0 -5088 ) 
4 316 317 (-6144 1024 5088 ) (-6144 1024 -5088 ) (-6144 0 -5088 ) (-6144 0 5088 ) 
4 317 321 (-6144 0 -5088 ) (-6144 0 5088 ) (-7168 0 5088 ) (-7168 0 -5088 ) 
4 317 318 (-7168 0 -5088 ) (-7168 0 5088 ) (-7168 1024 5088 ) (-7168 1024 -5088 ) 
4 318 325 (-8192 1024 5088 ) (-8192 1024 -5088 ) (-8192 0 -5088 ) (-8192 0 5088 ) 
4 318 322 (-7168 0 -5088 ) (-7168 0 5088 ) (-8192 0 5088 ) (-8192 0 -5088 ) 
4 319 321 (-6144 0 5088 ) (-6144 0 -5088 ) (-6144 -1024 -5088 ) (-6144 -1024 5088 ) 
4 319 320 (-5120 -1024 -5088 ) (-5120 -1024 5088 ) (-6144 -1024 5088 ) (-6144 -1024 -5088 ) 
4 320 331 (-5120 -2048 -5088 ) (-5120 -2048 5088 ) (-6144 -2048 5088 ) (-6144 -2048 -5088 ) 
4 320 323 (-6144 -2048 -5088 ) (-6144 -2048 5088 ) (-6144 -1024 5088 ) (-6144 -1024 -5088 ) 
4 321 323 (-6144 -1024 -5088 ) (-6144 -1024 5088 ) (-7168 -1024 5088 ) (-7168 -1024 -5088 ) 
4 321 322 (-7168 0 5088 ) (-7168 0 -5088 ) (-7168 -1024 -5088 ) (-7168 -1024 5088 ) 
4 322 327 (-8192 -1024 -5088 ) (-8192 -1024 5088 ) (-8192 0 5088 ) (-8192 0 -5088 ) 
4 322 324 (-7168 -1024 -5088 ) (-7168 -1024 5088 ) (-8192 -1024 5088 ) (-8192 -1024 -5088 ) 
4 323 332 (-6144 -2048 -5088 ) (-6144 -2048 5088 ) (-7168 -2048 5088 ) (-7168 -2048 -5088 ) 
4 323 324 (-7168 -1024 5088 ) (-7168 -1024 -5088 ) (-7168 -2048 -5088 ) (-7168 -2048 5088 ) 
4 324 333 (-7168 -2048 -5088 ) (-7168 -2048 5088 ) (-8192 -2048 5088 ) (-8192 -2048 -5088 ) 
4 324 328 (-8192 -2048 -5088 ) (-8192 -2048 5088 ) (-8192 -1024 5088 ) (-8192 -1024 -5088 ) 
4 325 327 (-8192 0 -5088 ) (-8192 0 5088 ) (-9216 0 5088 ) (-9216 0 -5088 ) 
4 325 326 (-9216 1024 5088 ) (-9216 1024 -5088 ) (-9216 0 -5088 ) (-9216 0 5088 ) 
4 326 329 (-9216 0 -5088 ) (-9216 0 5088 ) (-10208 0 5088 ) (-10208 0 -5088 ) 
4 327 329 (-9216 0 5088 ) (-9216 0 -5088 ) (-9216 -1024 -5088 ) (-9216 -1024 5088 ) 
4 327 328 (-8192 -1024 -5088 ) (-8192 -1024 5088 ) (-9216 -1024 5088 ) (-9216 -1024 -5088 ) 
4 328 340 (-8192 -2048 -5088 ) (-8192 -2048 5088 ) (-9216 -2048 5088 ) (-9216 -2048 -5088 ) 
4 328 330 (-9216 -2048 -5088 ) (-9216 -2048 5088 ) (-9216 -1024 5088 ) (-9216 -1024 -5088 ) 
4 329 330 (-9216 -1024 -5088 ) (-9216 -1024 5088 ) (-10208 -1024 5088 ) (-10208 -1024 -5088 ) 
4 330 341 (-9216 -2048 -5088 ) (-9216 -2048 5088 ) (-10208 -2048 5088 ) (-10208 -2048 -5088 ) 
4 331 334 (-5120 -3072 -5088 ) (-5120 -3072 5088 ) (-6144 -3072 5088 ) (-6144 -3072 -5088 ) 
4 331 332 (-6144 -2048 5088 ) (-6144 -2048 -5088 ) (-6144 -3072 -5088 ) (-6144 -3072 5088 ) 
4 332 336 (-6144 -3072 -5088 ) (-6144 -3072 5088 ) (-7168 -3072 5088 ) (-7168 -3072 -5088 ) 
4 332 333 (-7168 -3072 -5088 ) (-7168 -3072 5088 ) (-7168 -2048 5088 ) (-7168 -2048 -5088 ) 
4 333 340 (-8192 -2048 5088 ) (-8192 -2048 -5088 ) (-8192 -3072 -5088 ) (-8192 -3072 5088 ) 
4 333 337 (-7168 -3072 -5088 ) (-7168 -3072 5088 ) (-8192 -3072 5088 ) (-8192 -3072 -5088 ) 
4 334 336 (-6144 -3072 5088 ) (-6144 -3072 -5088 ) (-6144 -4096 -5088 ) (-6144 -4096 5088 ) 
4 334 335 (-5120 -4096 -5088 ) (-5120 -4096 5088 ) (-6144 -4096 5088 ) (-6144 -4096 -5088 ) 
4 335 376 (-5120 -5120 -5088 ) (-5120 -5120 5088 ) (-6144 -5120 5088 ) (-6144 -5120 -5088 ) 
4 335 338 (-6144 -5120 -5088 ) (-6144 -5120 5088 ) (-6144 -4096 5088 ) (-6144 -4096 -5088 ) 
4 336 338 (-6144 -4096 -5088 ) (-6144 -4096 5088 ) (-7168 -4096 5088 ) (-7168 -4096 -5088 ) 
4 336 337 (-7168 -3072 5088 ) (-7168 -3072 -5088 ) (-7168 -4096 -5088 ) (-7168 -4096 5088 ) 
4 337 342 (-8192 -4096 -5088 ) (-8192 -4096 5088 ) (-8192 -3072 5088 ) (-8192 -3072 -5088 ) 
4 337 339 (-7168 -4096 -5088 ) (-7168 -4096 5088 ) (-8192 -4096 5088 ) (-8192 -4096 -5088 ) 
4 338 377 (-6144 -5120 -5088 ) (-6144 -5120 5088 ) (-7168 -5120 5088 ) (-7168 -5120 -5088 ) 
4 338 339 (-7168 -4096 5088 ) (-7168 -4096 -5088 ) (-7168 -5120 -5088 ) (-7168 -5120 5088 ) 
4 339 378 (-7168 -5120 -5088 ) (-7168 -5120 5088 ) (-8192 -5120 5088 ) (-8192 -5120 -5088 ) 
4 339 343 (-8192 -5120 -5088 ) (-8192 -5120 5088 ) (-8192 -4096 5088 ) (-8192 -4096 -5088 ) 
4 340 342 (-8192 -3072 -5088 ) (-8192 -3072 5088 ) (-9216 -3072 5088 ) (-9216 -3072 -5088 ) 
4 340 341 (-9216 -2048 5088 ) (-9216 -2048 -5088 ) (-9216 -3072 -5088 ) (-9216 -3072 5088 ) 
4 341 344 (-9216 -3072 -5088 ) (-9216 -3072 5088 ) (-10208 -3072 5088 ) (-10208 -3072 -5088 ) 
4 342 344 (-9216 -3072 5088 ) (-9216 -3072 -5088 ) (-9216 -4096 -5088 ) (-9216 -4096 5088 ) 
4 342 343 (-8192 -4096 -5088 ) (-8192 -4096 5088 ) (-9216 -4096 5088 ) (-9216 -4096 -5088 ) 
4 343 385 (-8192 -5120 -5088 ) (-8192 -5120 5088 ) (-9216 -5120 5088 ) (-9216 -5120 -5088 ) 
4 343 345 (-9216 -5120 -5088 ) (-9216 -5120 5088 ) (-9216 -4096 5088 ) (-9216 -4096 -5088 ) 
4 344 345 (-9216 -4096 -5088 ) (-9216 -4096 5088 ) (-10208 -4096 5088 ) (-10208 -4096 -5088 ) 
4 345 386 (-9216 -5120 -5088 ) (-9216 -5120 5088 ) (-10208 -5120 5088 ) (-10208 -5120 -5088 ) 
4 346 349 (1024 -6144 -5088 ) (1024 -6144 5088 ) (0 -6144 5088 ) (0 -6144 -5088 ) 
4 346 347 (0 -5120 5088 ) (0 -5120 -5088 ) (0 -6144 -5088 ) (0 -6144 5088 ) 
4 347 351 (0 -6144 -5088 ) (0 -6144 5088 ) (-1024 -6144 5088 ) (-1024 -6144 -5088 ) 
4 347 348 (-1024 -6144 -5088 ) (-1024 -6144 5088 ) (-1024 -5120 5088 ) (-1024 -5120 -5088 ) 
4 348 355 (-2048 -5120 5088 ) (-2048 -5120 -5088 ) (-2048 -6144 -5088 ) (-2048 -6144 5088 ) 
4 348 352 (-1024 -6144 -5088 ) (-1024 -6144 5088 ) (-2048 -6144 5088 ) (-2048 -6144 -5088 ) 
4 349 351 (0 -6144 5088 ) (0 -6144 -5088 ) (0 -7168 -5088 ) (0 -7168 5088 ) 
4 349 350 (1024 -7168 -5088 ) (1024 -7168 5088 ) (0 -7168 5088 ) (0 -7168 -5088 ) 
4 350 364 (1024 -8192 -5088 ) (1024 -8192 5088 ) (0 -8192 5088 ) (0 -8192 -5088 ) 
4 350 353 (0 -8192 -5088 ) (0 -8192 5088 ) (0 -7168 5088 ) (0 -7168 -5088 ) 
4 351 353 (0 -7168 -5088 ) (0 -7168 5088 ) (-1024 -7168 5088 ) (-1024 -7168 -5088 ) 
4 351 352 (-1024 -6144 5088 ) (-1024 -6144 -5088 ) (-1024 -7168 -5088 ) (-1024 -7168 5088 ) 
4 352 358 (-2048 -7168 -5088 ) (-2048 -7168 5088 ) (-2048 -6144 5088 ) (-2048 -6144 -5088 ) 
4 352 354 (-1024 -7168 -5088 ) (-1024 -7168 5088 ) (-2048 -7168 5088 ) (-2048 -7168 -5088 ) 
4 353 365 (0 -8192 -5088 ) (0 -8192 5088 ) (-1024 -8192 5088 ) (-1024 -8192 -5088 ) 
4 353 354 (-1024 -7168 5088 ) (-1024 -7168 -5088 ) (-1024 -8192 -5088 ) (-1024 -8192 5088 ) 
4 354 366 (-1024 -8192 -5088 ) (-1024 -8192 5088 ) (-2048 -8192 5088 ) (-2048 -8192 -5088 ) 
4 354 359 (-2048 -8192 -5088 ) (-2048 -8192 5088 ) (-2048 -7168 5088 ) (-2048 -7168 -5088 ) 
4 355 358 (-2048 -6144 -5088 ) (-2048 -6144 5088 ) (-3072 -6144 5088 ) (-3072 -6144 -5088 ) 
4 355 356 (-3072 -5120 5088 ) (-3072 -5120 -5088 ) (-3072 -6144 -5088 ) (-3072 -6144 5088 ) 
4 356 360 (-3072 -6144 -5088 ) (-3072 -6144 5088 ) (-4096 -6144 5088 ) (-4096 -6144 -5088 ) 
4 356 357 (-4096 -6144 -5088 ) (-4096 -6144 5088 ) (-4096 -5120 5088 ) (-4096 -5120 -5088 ) 
4 357 376 (-5120 -5120 5088 ) (-5120 -5120 -5088 ) (-5120 -6144 -5088 ) (-5120 -6144 5088 ) 
4 357 361 (-4096 -6144 -5088 ) (-4096 -6144 5088 ) (-5120 -6144 5088 ) (-5120 -6144 -5088 ) 
4 358 360 (-3072 -6144 5088 ) (-3072 -6144 -5088 ) (-3072 -7168 -5088 ) (-3072 -7168 5088 ) 
4 358 359 (-2048 -7168 -5088 ) (-2048 -7168 5088 ) (-3072 -7168 5088 ) (-3072 -7168 -5088 ) 
4 359 370 (-2048 -8192 -5088 ) (-2048 -8192 5088 ) (-3072 -8192 5088 ) (-3072 -8192 -5088 ) 
4 359 362 (-3072 -8192 -5088 ) (-3072 -8192 5088 ) (-3072 -7168 5088 ) (-3072 -7168 -5088 ) 
4 360 362 (-3072 -7168 -5088 ) (-3072 -7168 5088 ) (-4096 -7168 5088 ) (-4096 -7168 -5088 ) 
4 360 361 (-4096 -6144 5088 ) (-4096 -6144 -5088 ) (-4096 -7168 -5088 ) (-4096 -7168 5088 ) 
4 361 379 (-5120 -7168 -5088 ) (-5120 -7168 5088 ) (-5120 -6144 5088 ) (-5120 -6144 -5088 ) 
4 361 363 (-4096 -7168 -5088 ) (-4096 -7168 5088 ) (-5120 -7168 5088 ) (-5120 -7168 -5088 ) 
4 362 371 (-3072 -8192 -5088 ) (-3072 -8192 5088 ) (-4096 -8192 5088 ) (-4096 -8192 -5088 ) 
4 362 363 (-4096 -7168 5088 ) (-4096 -7168 -5088 ) (-4096 -8192 -5088 ) (-4096 -8192 5088 ) 
4 363 380 (-5120 -8192 -5088 ) (-5120 -8192 5088 ) (-5120 -7168 5088 ) (-5120 -7168 -5088 ) 
4 363 372 (-4096 -8192 -5088 ) (-4096 -8192 5088 ) (-5120 -8192 5088 ) (-5120 -8192 -5088 ) 
4 364 367 (1024 -9216 -5088 ) (1024 -9216 5088 ) (0 -9216 5088 ) (0 -9216 -5088 ) 
4 364 365 (0 -8192 5088 ) (0 -8192 -5088 ) (0 -9216 -5088 ) (0 -9216 5088 ) 
4 365 368 (0 -9216 -5088 ) (0 -9216 5088 ) (-1024 -9216 5088 ) (-1024 -9216 -5088 ) 
4 365 366 (-1024 -9216 -5088 ) (-1024 -9216 5088 ) (-1024 -8192 5088 ) (-1024 -8192 -5088 ) 
4 366 370 (-2048 -8192 5088 ) (-2048 -8192 -5088 ) (-2048 -9216 -5088 ) (-2048 -9216 5088 ) 
4 366 369 (-1024 -9216 -5088 ) (-1024 -9216 5088 ) (-2048 -9216 5088 ) (-2048 -9216 -5088 ) 
4 367 368 (0 -9216 5088 ) (0 -9216 -5088 ) (0 -10208 -5088 ) (0 -10208 5088 ) 
4 368 369 (-1024 -9216 5088 ) (-1024 -9216 -5088 ) (-1024 -10208 -5088 ) (-1024 -10208 5088 ) 
4 369 373 (-2048 -10208 5088 ) (-2048 -9216 5088 ) (-2048 -9216 -5088 ) (-2048 -10208 -5088 ) 
4 370 373 (-2048 -9216 -5088 ) (-2048 -9216 5088 ) (-3072 -9216 5088 ) (-3072 -9216 -5088 ) 
4 370 371 (-3072 -8192 5088 ) (-3072 -8192 -5088 ) (-3072 -9216 -5088 ) (-3072 -9216 5088 ) 
4 371 374 (-3072 -9216 -5088 ) (-3072 -9216 5088 ) (-4096 -9216 5088 ) (-4096 -9216 -5088 ) 
4 371 372 (-4096 -9216 -5088 ) (-4096 -9216 5088 ) (-4096 -8192 5088 ) (-4096 -8192 -5088 ) 
4 372 391 (-5120 -9216 -5088 ) (-5120 -9216 5088 ) (-5120 -8192 5088 ) (-5120 -8192 -5088 ) 
4 372 375 (-4096 -9216 -5088 ) (-4096 -9216 5088 ) (-5120 -9216 5088 ) (-5120 -9216 -5088 ) 
4 373 374 (-3072 -9216 5088 ) (-3072 -9216 -5088 ) (-3072 -10208 -5088 ) (-3072 -10208 5088 ) 
4 374 375 (-4096 -9216 5088 ) (-4096 -9216 -5088 ) (-4096 -10208 -5088 ) (-4096 -10208 5088 ) 
4 375 394 (-5120 -10208 5088 ) (-5120 -9216 5088 ) (-5120 -9216 -5088 ) (-5120 -10208 -5088 ) 
4 376 379 (-5120 -6144 -5088 ) (-5120 -6144 5088 ) (-6144 -6144 5088 ) (-6144 -6144 -5088 ) 
4 376 377 (-6144 -5120 5088 ) (-6144 -5120 -5088 ) (-6144 -6144 -5088 ) (-6144 -6144 5088 ) 
4 377 381 (-6144 -6144 -5088 ) (-6144 -6144 5088 ) (-7168 -6144 5088 ) (-7168 -6144 -5088 ) 
4 377 378 (-7168 -6144 -5088 ) (-7168 -6144 5088 ) (-7168 -5120 5088 ) (-7168 -5120 -5088 ) 
4 378 385 (-8192 -5120 5088 ) (-8192 -5120 -5088 ) (-8192 -6144 -5088 ) (-8192 -6144 5088 ) 
4 378 382 (-7168 -6144 -5088 ) (-7168 -6144 5088 ) (-8192 -6144 5088 ) (-8192 -6144 -5088 ) 
4 379 381 (-6144 -6144 5088 ) (-6144 -6144 -5088 ) (-6144 -7168 -5088 ) (-6144 -7168 5088 ) 
4 379 380 (-5120 -7168 -5088 ) (-5120 -7168 5088 ) (-6144 -7168 5088 ) (-6144 -7168 -5088 ) 
4 380 391 (-5120 -8192 -5088 ) (-5120 -8192 5088 ) (-6144 -8192 5088 ) (-6144 -8192 -5088 ) 
4 380 383 (-6144 -8192 -5088 ) (-6144 -8192 5088 ) (-6144 -7168 5088 ) (-6144 -7168 -5088 ) 
4 381 383 (-6144 -7168 -5088 ) (-6144 -7168 5088 ) (-7168 -7168 5088 ) (-7168 -7168 -5088 ) 
4 381 382 (-7168 -6144 5088 ) (-7168 -6144 -5088 ) (-7168 -7168 -5088 ) (-7168 -7168 5088 ) 
4 382 387 (-8192 -7168 -5088 ) (-8192 -7168 5088 ) (-8192 -6144 5088 ) (-8192 -6144 -5088 ) 
4 382 384 (-7168 -7168 -5088 ) (-7168 -7168 5088 ) (-8192 -7168 5088 ) (-8192 -7168 -5088 ) 
4 383 392 (-6144 -8192 -5088 ) (-6144 -8192 5088 ) (-7168 -8192 5088 ) (-7168 -8192 -5088 ) 
4 383 384 (-7168 -7168 5088 ) (-7168 -7168 -5088 ) (-7168 -8192 -5088 ) (-7168 -8192 5088 ) 
4 384 393 (-7168 -8192 -5088 ) (-7168 -8192 5088 ) (-8192 -8192 5088 ) (-8192 -8192 -5088 ) 
4 384 388 (-8192 -8192 -5088 ) (-8192 -8192 5088 ) (-8192 -7168 5088 ) (-8192 -7168 -5088 ) 
4 385 387 (-8192 -6144 -5088 ) (-8192 -6144 5088 ) (-9216 -6144 5088 ) (-9216 -6144 -5088 ) 
4 385 386 (-9216 -5120 5088 ) (-9216 -5120 -5088 ) (-9216 -6144 -5088 ) (-9216 -6144 5088 ) 
4 386 389 (-9216 -6144 -5088 ) (-9216 -6144 5088 ) (-10208 -6144 5088 ) (-10208 -6144 -5088 ) 
4 387 389 (-9216 -6144 5088 ) (-9216 -6144 -5088 ) (-9216 -7168 -5088 ) (-9216 -7168 5088 ) 
4 387 388 (-8192 -7168 -5088 ) (-8192 -7168 5088 ) (-9216 -7168 5088 ) (-9216 -7168 -5088 ) 
4 388 397 (-8192 -8192 -5088 ) (-8192 -8192 5088 ) (-9216 -8192 5088 ) (-9216 -8192 -5088 ) 
4 388 390 (-9216 -8192 -5088 ) (-9216 -8192 5088 ) (-9216 -7168 5088 ) (-9216 -7168 -5088 ) 
4 389 390 (-9216 -7168 -5088 ) (-9216 -7168 5088 ) (-10208 -7168 5088 ) (-10208 -7168 -5088 ) 
4 390 398 (-9216 -8192 -5088 ) (-9216 -8192 5088 ) (-10208 -8192 5088 ) (-10208 -8192 -5088 ) 
4 391 394 (-5120 -9216 -5088 ) (-5120 -9216 5088 ) (-6144 -9216 5088 ) (-6144 -9216 -5088 ) 
4 391 392 (-6144 -8192 5088 ) (-6144 -8192 -5088 ) (-6144 -9216 -5088 ) (-6144 -9216 5088 ) 
4 392 395 (-6144 -9216 -5088 ) (-6144 -9216 5088 ) (-7168 -9216 5088 ) (-7168 -9216 -5088 ) 
4 392 393 (-7168 -9216 -5088 ) (-7168 -9216 5088 ) (-7168 -8192 5088 ) (-7168 -8192 -5088 ) 
4 393 397 (-8192 -8192 5088 ) (-8192 -8192 -5088 ) (-8192 -9216 -5088 ) (-8192 -9216 5088 ) 
4 393 396 (-7168 -9216 -5088 ) (-7168 -9216 5088 ) (-8192 -9216 5088 ) (-8192 -9216 -5088 ) 
4 394 395 (-6144 -9216 5088 ) (-6144 -9216 -5088 ) (-6144 -10208 -5088 ) (-6144 -10208 5088 ) 
4 395 396 (-7168 -9216 5088 ) (-7168 -9216 -5088 ) (-7168 -10208 -5088 ) (-7168 -10208 5088 ) 
4 396 399 (-8192 -10208 5088 ) (-8192 -9216 5088 ) (-8192 -9216 -5088 ) (-8192 -10208 -5088 ) 
4 397 399 (-8192 -9216 -5088 ) (-8192 -9216 5088 ) (-9216 -9216 5088 ) (-9216 -9216 -5088 ) 
4 397 398 (-9216 -8192 5088 ) (-9216 -8192 -5088 ) (-9216 -9216 -5088 ) (-9216 -9216 5088 ) 
4 398 400 (-9216 -9216 -5088 ) (-9216 -9216 5088 ) (-10208 -9216 5088 ) (-10208 -9216 -5088 ) 
4 399 400 (-9216 -9216 5088 ) (-9216 -9216 -5088 ) (-9216 -10208 -5088 ) (-9216 -10208 5088 ) 
