


materialPath: D:\Software\Steam\steamapps\common\Team Fortress 2\tf\materials
Loading z:\dovahkiin-warrior\firehost-redux-custom\maps_src\ctf_crystalcove_004.vmf
ConVarRef mat_reduceparticles doesn't point to an existing ConVar
Patching WVT material: maps/ctf_crystalcove_004/nature/blendgroundtogravel008_wvt_patch
Patching WVT material: maps/ctf_crystalcove_004/nature/blendrockgroundwallforest_viaduct_event_wvt_patch
Patching WVT material: maps/ctf_crystalcove_004/koth_viaduct_event/blendrockgroundwallforest_viaduct_event002_wvt_patch
Patching WVT material: maps/ctf_crystalcove_004/nature/blendcobblestone_underworld001_wvt_patch
Patching WVT material: maps/ctf_crystalcove_004/nature/blendgrass_canyon_wvt_patch
Patching WVT material: maps/ctf_crystalcove_004/nature/blendcliffgrass001a_wvt_patch
Patching WVT material: maps/ctf_crystalcove_004/nature/blenddirtmud003a_wvt_patch
Patching WVT material: maps/ctf_crystalcove_004/nature/blendrocksand008c_wvt_patch
Patching WVT material: maps/ctf_crystalcove_004/nature/blendmudtograss001_wvt_patch
fixing up env_cubemap materials on brush sides...
0...1...2...3...4...5...6...7...8...9...10**** leaked ****
Entity water_lod_control (-1155.00 9133.57 4030.00) leaked!
Processing areas...done (0)
Building Faces...done (0)
Chop Details...done (0)
Find Visible Detail Sides...
Merged 106 detail faces...done (0)
Merging details...done (0)
FixTjuncs...
PruneNodes...
WriteBSP...
done (0)
*** Error: Skybox vtf files for skybox/sky_twilight_01 weren't compiled with the same size texture and/or same flags!
Can't load skybox file skybox/sky_twilight_01 to build the default cubemap!
*** Error: Skybox vtf files for skybox/sky_twilight_01 weren't compiled with the same size texture and/or same flags!
Can't load skybox file skybox/sky_twilight_01 to build the default cubemap!
Finding displacement neighbors...
Finding lightmap sample positions...
Displacement Alpha : 0...1...2...3...4...5...6...7...8...9...10
Building Physics collision data...
WARNING: Map using power 4 displacements, terrain physics cannot be compressed, map will need additional memory and CPU.
done (0) (1647327 bytes)
Placing detail props : 0...1...2...3...4...5...6...7..Material KOTH_VIADUCT_EVENT/BLENDROCKGROUNDWALLFOREST_VIADUCT_EVENT002 uses unknown detail object type tf_forest_grass!
Material KOTH_VIADUCT_EVENT/BLENDROCKGROUNDWALLFOREST_VIADUCT_EVENT002 uses unknown detail object type tf_forest_grass!
Material KOTH_VIADUCT_EVENT/BLENDROCKGROUNDWALLFOREST_VIADUCT_EVENT002 uses unknown detail object type tf_forest_grass!
Material KOTH_VIADUCT_EVENT/BLENDROCKGROUNDWALLFOREST_VIADUCT_EVENT002 uses unknown detail object type tf_forest_grass!
Material KOTH_VIADUCT_EVENT/BLENDROCKGROUNDWALLFOREST_VIADUCT_EVENT002 uses unknown detail object type tf_forest_grass!
Material KOTH_VIADUCT_EVENT/BLENDROCKGROUNDWALLFOREST_VIADUCT_EVENT002 uses unknown detail object type tf_forest_grass!
Material KOTH_VIADUCT_EVENT/BLENDROCKGROUNDWALLFOREST_VIADUCT_EVENT002 uses unknown detail object type tf_forest_grass!
Material KOTH_VIADUCT_EVENT/BLENDROCKGROUNDWALLFOREST_VIADUCT_EVENT002 uses unknown detail object type tf_forest_grass!
Material KOTH_VIADUCT_EVENT/BLENDROCKGROUNDWALLFOREST_VIADUCT_EVENT002 uses unknown detail object type tf_forest_grass!
Material KOTH_VIADUCT_EVENT/BLENDROCKGROUNDWALLFOREST_VIADUCT_EVENT002 uses unknown detail object type tf_forest_grass!
Material KOTH_VIADUCT_EVENT/BLENDROCKGROUNDWALLFOREST_VIADUCT_EVENT002 uses unknown detail object type tf_forest_grass!
Material KOTH_VIADUCT_EVENT/BLENDROCKGROUNDWALLFOREST_VIADUCT_EVENT002 uses unknown detail object type tf_forest_grass!
.Material KOTH_VIADUCT_EVENT/BLENDROCKGROUNDWALLFOREST_VIADUCT_EVENT002 uses unknown detail object type tf_forest_grass!
Material KOTH_VIADUCT_EVENT/BLENDROCKGROUNDWALLFOREST_VIADUCT_EVENT002 uses unknown detail object type tf_forest_grass!
Material KOTH_VIADUCT_EVENT/BLENDROCKGROUNDWALLFOREST_VIADUCT_EVENT002 uses unknown detail object type tf_forest_grass!
Material KOTH_VIADUCT_EVENT/BLENDROCKGROUNDWALLFOREST_VIADUCT_EVENT002 uses unknown detail object type tf_forest_grass!
Material KOTH_VIADUCT_EVENT/BLENDROCKGROUNDWALLFOREST_VIADUCT_EVENT002 uses unknown detail object type tf_forest_grass!
Material KOTH_VIADUCT_EVENT/BLENDROCKGROUNDWALLFOREST_VIADUCT_EVENT002 uses unknown detail object type tf_forest_grass!
Material KOTH_VIADUCT_EVENT/BLENDROCKGROUNDWALLFOREST_VIADUCT_EVENT002 uses unknown detail object type tf_forest_grass!
Material KOTH_VIADUCT_EVENT/BLENDROCKGROUNDWALLFOREST_VIADUCT_EVENT002 uses unknown detail object type tf_forest_grass!
Material KOTH_VIADUCT_EVENT/BLENDROCKGROUNDWALLFOREST_VIADUCT_EVENT002 uses unknown detail object type tf_forest_grass!
Material KOTH_VIADUCT_EVENT/BLENDROCKGROUNDWALLFOREST_VIADUCT_EVENT002 uses unknown detail object type tf_forest_grass!
Material KOTH_VIADUCT_EVENT/BLENDROCKGROUNDWALLFOREST_VIADUCT_EVENT002 uses unknown detail object type tf_forest_grass!
Material KOTH_VIADUCT_EVENT/BLENDROCKGROUNDWALLFOREST_VIADUCT_EVENT002 uses unknown detail object type tf_forest_grass!
Material KOTH_VIADUCT_EVENT/BLENDROCKGROUNDWALLFOREST_VIADUCT_EVENT002 uses unknown detail object type tf_forest_grass!
Material KOTH_VIADUCT_EVENT/BLENDROCKGROUNDWALLFOREST_VIADUCT_EVENT002 uses unknown detail object type tf_forest_grass!
Material KOTH_VIADUCT_EVENT/BLENDROCKGROUNDWALLFOREST_VIADUCT_EVENT002 uses unknown detail object type tf_forest_grass!
Material KOTH_VIADUCT_EVENT/BLENDROCKGROUNDWALLFOREST_VIADUCT_EVENT002 uses unknown detail object type tf_forest_grass!
Material KOTH_VIADUCT_EVENT/BLENDROCKGROUNDWALLFOREST_VIADUCT_EVENT002 uses unknown detail object type tf_forest_grass!
Material KOTH_VIADUCT_EVENT/BLENDROCKGROUNDWALLFOREST_VIADUCT_EVENT002 uses unknown detail object type tf_forest_grass!
Material KOTH_VIADUCT_EVENT/BLENDROCKGROUNDWALLFOREST_VIADUCT_EVENT002 uses unknown detail object type tf_forest_grass!
Material KOTH_VIADUCT_EVENT/BLENDROCKGROUNDWALLFOREST_VIADUCT_EVENT002 uses unknown detail object type tf_forest_grass!
Material KOTH_VIADUCT_EVENT/BLENDROCKGROUNDWALLFOREST_VIADUCT_EVENT002 uses unknown detail object type tf_forest_grass!
Material KOTH_VIADUCT_EVENT/BLENDROCKGROUNDWALLFOREST_VIADUCT_EVENT002 uses unknown detail object type tf_forest_grass!
Material KOTH_VIADUCT_EVENT/BLENDROCKGROUNDWALLFOREST_VIADUCT_EVENT002 uses unknown detail object type tf_forest_grass!
Material KOTH_VIADUCT_EVENT/BLENDROCKGROUNDWALLFOREST_VIADUCT_EVENT002 uses unknown detail object type tf_forest_grass!
Material KOTH_VIADUCT_EVENT/BLENDROCKGROUNDWALLFOREST_VIADUCT_EVENT002 uses unknown detail object type tf_forest_grass!
Material KOTH_VIADUCT_EVENT/BLENDROCKGROUNDWALLFOREST_VIADUCT_EVENT002 uses unknown detail object type tf_forest_grass!
Material KOTH_VIADUCT_EVENT/BLENDROCKGROUNDWALLFOREST_VIADUCT_EVENT002 uses unknown detail object type tf_forest_grass!
Material KOTH_VIADUCT_EVENT/BLENDROCKGROUNDWALLFOREST_VIADUCT_EVENT002 uses unknown detail object type tf_forest_grass!
Material KOTH_VIADUCT_EVENT/BLENDROCKGROUNDWALLFOREST_VIADUCT_EVENT002 uses unknown detail object type tf_forest_grass!
Material KOTH_VIADUCT_EVENT/BLENDROCKGROUNDWALLFOREST_VIADUCT_EVENT002 uses unknown detail object type tf_forest_grass!
Material KOTH_VIADUCT_EVENT/BLENDROCKGROUNDWALLFOREST_VIADUCT_EVENT002 uses unknown detail object type tf_forest_grass!
Material KOTH_VIADUCT_EVENT/BLENDROCKGROUNDWALLFOREST_VIADUCT_EVENT002 uses unknown detail object type tf_forest_grass!
Material KOTH_VIADUCT_EVENT/BLENDROCKGROUNDWALLFOREST_VIADUCT_EVENT002 uses unknown detail object type tf_forest_grass!
Material KOTH_VIADUCT_EVENT/BLENDROCKGROUNDWALLFOREST_VIADUCT_EVENT002 uses unknown detail object type tf_forest_grass!
Material KOTH_VIADUCT_EVENT/BLENDROCKGROUNDWALLFOREST_VIADUCT_EVENT002 uses unknown detail object type tf_forest_grass!
Material NATURE/BLENDMUDTOGRASS001 uses unknown detail object type tf_forest_grass!
Material NATURE/BLENDMUDTOGRASS001 uses unknown detail object type tf_forest_grass!
Material NATURE/BLENDMUDTOGRASS001 uses unknown detail object type tf_forest_grass!
Material NATURE/BLENDMUDTOGRASS001 uses unknown detail object type tf_forest_grass!
Material NATURE/BLENDMUDTOGRASS001 uses unknown detail object type tf_forest_grass!
8...9...10
Compacting texture/material tables...
Reduced 1702 texinfos to 359
Reduced 53 texdatas to 39 (2071 bytes to 1349)
Writing z:\dovahkiin-warrior\firehost-redux-custom\maps_src\ctf_crystalcove_004.bsp
Wrote ZIP buffer, estimated size 8543, actual size 6721
7 seconds elapsed



6 threads
reading z:\dovahkiin-warrior\firehost-redux-custom\maps_src\ctf_crystalcove_004.bsp
reading z:\dovahkiin-warrior\firehost-redux-custom\maps_src\ctf_crystalcove_004.prt
LoadPortals: couldn't read z:\dovahkiin-warrior\firehost-redux-custom\maps_src\ctf_crystalcove_004.prt



[Reading texlights from 'lights.rad']
[56 texlights parsed from 'lights.rad']

Loading z:\dovahkiin-warrior\firehost-redux-custom\maps_src\ctf_crystalcove_004.bsp
No vis information, direct lighting only.
4891 faces
27 degenerate faces
26635808 square feet [3835556352.00 square inches]
305 Displacements
989214 Square Feet [142446928.00 Square Inches]
21 direct lights
0
WARNING: Too many light styles on a face at (-836.615295, -1305.316406, 180.897263)

WARNING: Too many light styles on a face at (-836.423645, -1305.891235, 178.394943)

WARNING: Too many light styles on a face at (-836.289734, -1301.706909, 180.825287)

WARNING: Too many light styles on a face at (-836.448914, -1302.184570, 178.007416)

WARNING: Too many light styles on a face at (-836.674988, -1302.862793, 180.405045)

WARNING: Too many light styles on a face at (-833.829285, -1299.555664, 178.666290)
...1...2...3...4...5...6...7.
WARNING: Too many light styles on a face at (-1991.715698, -337.104919, -115.844742)

WARNING: Too many light styles on a face at (-1690.436279, -174.735611, -93.903465)

WARNING: Too many light styles on a face at (-1840.983643, -617.793823, -107.550583)

WARNING: Too many light styles on a face at (-756.968994, -1090.244507, 69.551094)

WARNING: Too many light styles on a face at (-1509.927734, -381.287537, -74.912903)

WARNING: Too many light styles on a face at (-1058.005371, 150.245987, -23.790894)

WARNING: Too many light styles on a face at (-276.620239, 46.614544, 85.469711)

WARNING: Too many light styles on a face at (-395.482513, -337.158936, 68.438255)

WARNING: Too many light styles on a face at (-1354.313232, -1553.365234, 79.568520)

WARNING: Too many light styles on a face at (-962.902588, -1526.577026, 83.523750)

WARNING: Too many light styles on a face at (-1991.544189, -1552.697021, 79.352722)

WARNING: Too many light styles on a face at (-214.604828, -484.841187, 83.608109)

WARNING: Too many light styles on a face at (-2443.281250, -1523.001953, 72.180595)

WARNING: Too many light styles on a face at (-2533.666504, -1090.305908, 67.208405)

WARNING: Too many light styles on a face at (-1901.186157, -1060.777222, -17.481623)

WARNING: Too many light styles on a face at (-696.580688, -1075.406250, 80.775352)

WARNING: Too many light styles on a face at (-1810.910278, 46.855774, -105.952377)

WARNING: Too many light styles on a face at (-1600.039063, 46.873249, -93.864433)

WARNING: Too many light styles on a face at (-2292.777832, 209.324860, -166.454361)

WARNING: Too many light styles on a face at (-667.480713, -1523.152710, 84.632126)

WARNING: Too many light styles on a face at (131.713654, -662.005371, 105.046440)

WARNING: Too many light styles on a face at (116.756927, -898.480103, 96.926872)

WARNING: Too many light styles on a face at (-139.277908, -1433.569214, 85.477936)

WARNING: Too many light styles on a face at (-62.380352, 290.254456, 101.037415)

WARNING: Too many light styles on a face at (86.565903, -307.556610, 105.847229)

WARNING: Too many light styles on a face at (-69.007759, 277.573730, 310.596863)

WARNING: Too many light styles on a face at (-199.111145, 293.167664, 87.425339)

WARNING: Too many light styles on a face at (53.681610, 60.672302, 115.413803)

WARNING: Too many light styles on a face at (-744.475586, 307.176605, 225.472504)

WARNING: Too many light styles on a face at (-699.862427, 280.027863, 120.495590)

WARNING: Too many light styles on a face at (-1592.470581, 495.115051, 643.845703)

WARNING: Too many light styles on a face at (-1130.666748, 997.500000, 588.502625)

WARNING: Too many light styles on a face at (-1080.941162, 555.264709, 654.195007)

WARNING: Too many light styles on a face at (-519.448853, 209.026398, 478.274200)

WARNING: Too many light styles on a face at (-568.595886, 162.980072, 811.295471)

WARNING: Too many light styles on a face at (-1833.162720, 495.089844, 589.522583)

WARNING: Too many light styles on a face at (-944.952759, 434.400269, 684.323181)

WARNING: Too many light styles on a face at (-1592.409180, 344.267212, 637.347046)

WARNING: Too many light styles on a face at (-2104.207031, -16.993191, 597.113037)

WARNING: Too many light styles on a face at (-1841.409546, -351.767853, 744.470764)

WARNING: Too many light styles on a face at (-1585.595093, -521.633423, 782.895386)

WARNING: Too many light styles on a face at (-1585.631348, -693.089844, 739.458374)

WARNING: Too many light styles on a face at (-1670.771362, -635.816101, 714.099182)

WARNING: Too many light styles on a face at (-2069.392822, -1040.456543, 405.717926)

WARNING: Too many light styles on a face at (-2154.482666, -67.446518, 599.586060)

WARNING: Too many light styles on a face at (-2155.176270, 445.222839, 576.094482)

WARNING: Too many light styles on a face at (-2104.850098, -1070.998169, 394.122498)

WARNING: Too many light styles on a face at (-2104.348877, -1533.974365, 87.517227)

WARNING: Too many light styles on a face at (-1592.401855, -1525.568481, 68.081520)

WARNING: Too many light styles on a face at (-2556.411865, -1131.323608, 386.034302)

WARNING: Too many light styles on a face at (-1617.333374, -1509.734253, 210.825211)

WARNING: Too many light styles on a face at (-1622.000000, -1511.500000, 214.661926)

WARNING: Too many light styles on a face at (-1591.717773, -1432.046997, 275.577332)

WARNING: Too many light styles on a face at (-2450.738525, -1533.502319, 197.444626)

WARNING: Too many light styles on a face at (-50.798668, -1562.003418, 199.233215)

WARNING: Too many light styles on a face at (-56.839134, -1552.970581, 396.817780)

WARNING: Too many light styles on a face at (-569.092773, -1561.424927, 374.153656)

WARNING: Too many light styles on a face at (-569.225708, -1558.753418, 266.195740)

WARNING: Too many light styles on a face at (-1081.317749, -1558.515625, 375.164307)

WARNING: Too many light styles on a face at (-984.239746, -1558.500000, 374.809021)

WARNING: Too many light styles on a face at (-666.680054, -1558.500000, 374.240906)

WARNING: Too many light styles on a face at (-668.381836, -1558.500000, 148.520157)

WARNING: Too many light styles on a face at (-1081.452515, -1557.141602, 330.280182)

WARNING: Too many light styles on a face at (-781.091003, -1561.681763, 85.195396)
.
WARNING: Too many light styles on a face at (-56.395020, 283.503784, 779.741943)

WARNING: Too many light styles on a face at (-50.205536, -1036.367432, 407.712524)

WARNING: Too many light styles on a face at (333.315399, -1110.011353, 277.865723)

WARNING: Too many light styles on a face at (1199.781372, -142.261154, -229.102722)

WARNING: Too many light styles on a face at (1175.762329, 535.677856, 95.161507)

WARNING: Too many light styles on a face at (1386.983154, 446.188995, 473.454620)

WARNING: Too many light styles on a face at (1182.366821, 476.344208, 321.723175)

WARNING: Too many light styles on a face at (1226.250977, -309.166016, 407.121063)

WARNING: Too many light styles on a face at (1183.825195, -816.301270, 595.462585)

WARNING: Too many light styles on a face at (1152.105103, -1041.668457, 238.895111)

WARNING: Too many light styles on a face at (1383.251831, -309.323730, 546.020935)

WARNING: Too many light styles on a face at (1390.000000, -788.772705, 625.902893)

WARNING: Too many light styles on a face at (-115.159012, 302.511078, 596.965881)

WARNING: Too many light styles on a face at (-139.739288, 302.871796, 577.003418)

WARNING: Too many light styles on a face at (389.116333, 555.309143, 727.909241)

WARNING: Too many light styles on a face at (-3162.480713, 588.752075, -167.957886)

WARNING: Too many light styles on a face at (-3217.258057, 456.682129, -167.929642)

WARNING: Too many light styles on a face at (183.995163, 977.047302, 658.914368)

WARNING: Too many light styles on a face at (-2424.000000, -822.500000, 392.350861)

WARNING: Too many light styles on a face at (414.000000, -587.357117, 733.528320)

WARNING: Too many light styles on a face at (-2583.995361, -863.796265, 407.640442)

WARNING: Too many light styles on a face at (486.000000, -404.000000, 586.195007)

WARNING: Too many light styles on a face at (278.000000, -204.055557, 572.766418)

WARNING: Too many light styles on a face at (493.087616, 277.923645, 542.595032)

WARNING: Too many light styles on a face at (502.000000, -759.357178, 638.595154)

WARNING: Too many light styles on a face at (-3105.882324, 681.961487, -173.804596)

WARNING: Too many light styles on a face at (502.000000, -667.928589, 670.595154)

WARNING: Too many light styles on a face at (-697.119751, 279.811707, 259.480713)

WARNING: Too many light styles on a face at (-579.723816, 960.180054, 595.996643)

WARNING: Too many light styles on a face at (-568.595337, -1552.970581, 429.728394)

WARNING: Too many light styles on a face at (-1080.470581, -1552.970581, 430.194916)

WARNING: Too many light styles on a face at (-277.358307, -1041.183472, 425.529388)

WARNING: Too many light styles on a face at (-941.090942, -1613.833496, 374.195007)

WARNING: Too many light styles on a face at (-675.224304, -1568.306152, 89.582489)

WARNING: Too many light styles on a face at (-5415.265625, -2603.414795, 130.392517)

WARNING: Too many light styles on a face at (-5783.134766, -451.566406, -2.552175)
.
WARNING: Too many light styles on a face at (-5303.133789, -2065.795654, -14.255134)

WARNING: Too many light styles on a face at (-3774.052246, -1960.073608, -17.251183)

WARNING: Too many light styles on a face at (-3340.389893, 440.753418, 569.084290)

WARNING: Too many light styles on a face at (-3529.612061, 755.352661, 671.648682)

WARNING: Too many light styles on a face at (-5439.904297, -134.912842, -37.623238)

WARNING: Too many light styles on a face at (-2749.071777, -1095.274048, 297.693573)

WARNING: Too many light styles on a face at (-3136.000000, 371.807617, -173.804596)

WARNING: Too many light styles on a face at (-5760.145020, -1846.888794, 453.113617)
8...9...10Build Patch/Sample Hash Table(s).....Done<0.0439 sec>
0...1...2...3...4...5...6...7...8...9...10FinalLightFace Done
0 of 0 (0% of) surface lights went in leaf ambient cubes.
0...1...2...3...4...5...6...7...8...9...10Writing leaf ambient...done
Ready to Finish

Object names       Objects/Maxobjs  Memory / Maxmem  Fullness 
------------       ---------------  ---------------  -------- 
models                  32/1024         1536/49152    ( 3.1%) 
brushes                126/8192         1512/98304    ( 1.5%) 
brushsides            3502/65536       28016/524288   ( 5.3%) 
planes               11258/65536      225160/1310720  (17.2%) 
vertexes              7131/65536       85572/786432   (10.9%) 
nodes                 4922/65536      157504/2097152  ( 7.5%) 
texinfos               359/12288       25848/884736   ( 2.9%) 
texdata                 39/2048         1248/65536    ( 1.9%) 
dispinfos              305/0           53680/0        ( 0.0%) 
disp_verts            9793/0          195860/0        ( 0.0%) 
disp_tris            13504/0           27008/0        ( 0.0%) 
disp_lmsamples     1744509/0         1744509/0        ( 0.0%) 
faces                 4891/65536      273896/3670016  ( 7.5%) 
hdr faces                0/65536           0/3670016  ( 0.0%) 
origfaces             1455/65536       81480/3670016  ( 2.2%) 
leaves                4955/65536      158560/2097152  ( 7.6%) 
leaffaces             5107/65536       10214/131072   ( 7.8%) 
leafbrushes           1741/65536        3482/131072   ( 2.7%) 
areas                    5/256            40/2048     ( 2.0%) 
surfedges            28251/512000     113004/2048000  ( 5.5%) 
edges                15351/256000      61404/1024000  ( 6.0%) 
LDR worldlights         21/8192         1848/720896   ( 0.3%) 
HDR worldlights          0/8192            0/720896   ( 0.0%) 
leafwaterdata            2/32768          24/393216   ( 0.0%) 
waterstrips             39/32768         390/327680   ( 0.1%) 
waterverts               0/65536           0/786432   ( 0.0%) 
waterindices           495/65536         990/131072   ( 0.8%) 
cubemapsamples           2/1024           32/16384    ( 0.2%) 
overlays                 0/512             0/180224   ( 0.0%) 
LDR lightdata         [variable]    15693020/0        ( 0.0%) 
HDR lightdata         [variable]           0/0        ( 0.0%) 
visdata               [variable]           0/16777216 ( 0.0%) 
entdata               [variable]      106049/393216   (27.0%) 
LDR ambient table     4955/65536       19820/262144   ( 7.6%) 
HDR ambient table     4955/65536       19820/262144   ( 7.6%) 
LDR leaf ambient     23555/65536      659540/1835008  (35.9%) 
HDR leaf ambient      4955/65536      138740/1835008  ( 7.6%) 
occluders                0/0               0/0        ( 0.0%) 
occluder polygons        0/0               0/0        ( 0.0%) 
occluder vert ind        0/0               0/0        ( 0.0%) 
detail props          [variable]           1/12       ( 8.3%) 
static props          [variable]           1/14360    ( 0.0%) 
pakfile               [variable]        6721/0        ( 0.0%) 
physics               [variable]     1647327/4194304  (39.3%) 
physics terrain       [variable]           0/1048576  ( 0.0%) 

Level flags = 0

Total triangle count: 11604
Writing z:\dovahkiin-warrior\firehost-redux-custom\maps_src\ctf_crystalcove_004.bsp
2 minutes, 6 seconds elapsed



materialPath: D:\Software\Steam\steamapps\common\Team Fortress 2\tf\materials
Loading z:\dovahkiin-warrior\firehost-redux-custom\maps_src\ctf_crystalcove_004.vmf
ConVarRef mat_reduceparticles doesn't point to an existing ConVar
Patching WVT material: maps/ctf_crystalcove_004/nature/blendgroundtogravel008_wvt_patch
Patching WVT material: maps/ctf_crystalcove_004/nature/blendrockgroundwallforest_viaduct_event_wvt_patch
Patching WVT material: maps/ctf_crystalcove_004/koth_viaduct_event/blendrockgroundwallforest_viaduct_event002_wvt_patch
Patching WVT material: maps/ctf_crystalcove_004/nature/blendcobblestone_underworld001_wvt_patch
Patching WVT material: maps/ctf_crystalcove_004/nature/blendgrass_canyon_wvt_patch
Patching WVT material: maps/ctf_crystalcove_004/nature/blendcliffgrass001a_wvt_patch
Patching WVT material: maps/ctf_crystalcove_004/nature/blenddirtmud003a_wvt_patch
Patching WVT material: maps/ctf_crystalcove_004/nature/blendrocksand008c_wvt_patch
Patching WVT material: maps/ctf_crystalcove_004/nature/blendmudtograss001_wvt_patch
fixing up env_cubemap materials on brush sides...
0...1...2...3...4...5...6...7...8...9...100...1...2...3...4...5...6...7...8...9...10Processing areas...done (0)
Building Faces...done (0)
Chop Details...done (0)
Find Visible Detail Sides...
Merged 106 detail faces...done (0)
Merging details...done (0)
FixTjuncs...
PruneNodes...
WriteBSP...
done (0)
writing z:\dovahkiin-warrior\firehost-redux-custom\maps_src\ctf_crystalcove_004.prt...Building visibility clusters...
done (0)
*** Error: Skybox vtf files for skybox/sky_twilight_01 weren't compiled with the same size texture and/or same flags!
Can't load skybox file skybox/sky_twilight_01 to build the default cubemap!
*** Error: Skybox vtf files for skybox/sky_twilight_01 weren't compiled with the same size texture and/or same flags!
Can't load skybox file skybox/sky_twilight_01 to build the default cubemap!
Finding displacement neighbors...
Finding lightmap sample positions...
Displacement Alpha : 0...1...2...3...4...5...6...7...8...9...10
Building Physics collision data...
WARNING: Map using power 4 displacements, terrain physics cannot be compressed, map will need additional memory and CPU.
done (0) (1647327 bytes)
Placing detail props : 0...1...2...3...4...5...6...Material KOTH_VIADUCT_EVENT/BLENDROCKGROUNDWALLFOREST_VIADUCT_EVENT002 uses unknown detail object type tf_forest_grass!
Material KOTH_VIADUCT_EVENT/BLENDROCKGROUNDWALLFOREST_VIADUCT_EVENT002 uses unknown detail object type tf_forest_grass!
Material KOTH_VIADUCT_EVENT/BLENDROCKGROUNDWALLFOREST_VIADUCT_EVENT002 uses unknown detail object type tf_forest_grass!
Material KOTH_VIADUCT_EVENT/BLENDROCKGROUNDWALLFOREST_VIADUCT_EVENT002 uses unknown detail object type tf_forest_grass!
Material KOTH_VIADUCT_EVENT/BLENDROCKGROUNDWALLFOREST_VIADUCT_EVENT002 uses unknown detail object type tf_forest_grass!
Material KOTH_VIADUCT_EVENT/BLENDROCKGROUNDWALLFOREST_VIADUCT_EVENT002 uses unknown detail object type tf_forest_grass!
Material KOTH_VIADUCT_EVENT/BLENDROCKGROUNDWALLFOREST_VIADUCT_EVENT002 uses unknown detail object type tf_forest_grass!
Material KOTH_VIADUCT_EVENT/BLENDROCKGROUNDWALLFOREST_VIADUCT_EVENT002 uses unknown detail object type tf_forest_grass!
Material KOTH_VIADUCT_EVENT/BLENDROCKGROUNDWALLFOREST_VIADUCT_EVENT002 uses unknown detail object type tf_forest_grass!
Material KOTH_VIADUCT_EVENT/BLENDROCKGROUNDWALLFOREST_VIADUCT_EVENT002 uses unknown detail object type tf_forest_grass!
Material KOTH_VIADUCT_EVENT/BLENDROCKGROUNDWALLFOREST_VIADUCT_EVENT002 uses unknown detail object type tf_forest_grass!
Material KOTH_VIADUCT_EVENT/BLENDROCKGROUNDWALLFOREST_VIADUCT_EVENT002 uses unknown detail object type tf_forest_grass!
Material KOTH_VIADUCT_EVENT/BLENDROCKGROUNDWALLFOREST_VIADUCT_EVENT002 uses unknown detail object type tf_forest_grass!
Material KOTH_VIADUCT_EVENT/BLENDROCKGROUNDWALLFOREST_VIADUCT_EVENT002 uses unknown detail object type tf_forest_grass!
Material KOTH_VIADUCT_EVENT/BLENDROCKGROUNDWALLFOREST_VIADUCT_EVENT002 uses unknown detail object type tf_forest_grass!
Material KOTH_VIADUCT_EVENT/BLENDROCKGROUNDWALLFOREST_VIADUCT_EVENT002 uses unknown detail object type tf_forest_grass!
Material KOTH_VIADUCT_EVENT/BLENDROCKGROUNDWALLFOREST_VIADUCT_EVENT002 uses unknown detail object type tf_forest_grass!
Material KOTH_VIADUCT_EVENT/BLENDROCKGROUNDWALLFOREST_VIADUCT_EVENT002 uses unknown detail object type tf_forest_grass!
Material KOTH_VIADUCT_EVENT/BLENDROCKGROUNDWALLFOREST_VIADUCT_EVENT002 uses unknown detail object type tf_forest_grass!
Material KOTH_VIADUCT_EVENT/BLENDROCKGROUNDWALLFOREST_VIADUCT_EVENT002 uses unknown detail object type tf_forest_grass!
Material KOTH_VIADUCT_EVENT/BLENDROCKGROUNDWALLFOREST_VIADUCT_EVENT002 uses unknown detail object type tf_forest_grass!
Material KOTH_VIADUCT_EVENT/BLENDROCKGROUNDWALLFOREST_VIADUCT_EVENT002 uses unknown detail object type tf_forest_grass!
Material KOTH_VIADUCT_EVENT/BLENDROCKGROUNDWALLFOREST_VIADUCT_EVENT002 uses unknown detail object type tf_forest_grass!
Material KOTH_VIADUCT_EVENT/BLENDROCKGROUNDWALLFOREST_VIADUCT_EVENT002 uses unknown detail object type tf_forest_grass!
7Material KOTH_VIADUCT_EVENT/BLENDROCKGROUNDWALLFOREST_VIADUCT_EVENT002 uses unknown detail object type tf_forest_grass!
Material KOTH_VIADUCT_EVENT/BLENDROCKGROUNDWALLFOREST_VIADUCT_EVENT002 uses unknown detail object type tf_forest_grass!
Material KOTH_VIADUCT_EVENT/BLENDROCKGROUNDWALLFOREST_VIADUCT_EVENT002 uses unknown detail object type tf_forest_grass!
Material KOTH_VIADUCT_EVENT/BLENDROCKGROUNDWALLFOREST_VIADUCT_EVENT002 uses unknown detail object type tf_forest_grass!
Material KOTH_VIADUCT_EVENT/BLENDROCKGROUNDWALLFOREST_VIADUCT_EVENT002 uses unknown detail object type tf_forest_grass!
Material KOTH_VIADUCT_EVENT/BLENDROCKGROUNDWALLFOREST_VIADUCT_EVENT002 uses unknown detail object type tf_forest_grass!
Material KOTH_VIADUCT_EVENT/BLENDROCKGROUNDWALLFOREST_VIADUCT_EVENT002 uses unknown detail object type tf_forest_grass!
Material KOTH_VIADUCT_EVENT/BLENDROCKGROUNDWALLFOREST_VIADUCT_EVENT002 uses unknown detail object type tf_forest_grass!
Material KOTH_VIADUCT_EVENT/BLENDROCKGROUNDWALLFOREST_VIADUCT_EVENT002 uses unknown detail object type tf_forest_grass!
Material KOTH_VIADUCT_EVENT/BLENDROCKGROUNDWALLFOREST_VIADUCT_EVENT002 uses unknown detail object type tf_forest_grass!
Material KOTH_VIADUCT_EVENT/BLENDROCKGROUNDWALLFOREST_VIADUCT_EVENT002 uses unknown detail object type tf_forest_grass!
Material KOTH_VIADUCT_EVENT/BLENDROCKGROUNDWALLFOREST_VIADUCT_EVENT002 uses unknown detail object type tf_forest_grass!
Material KOTH_VIADUCT_EVENT/BLENDROCKGROUNDWALLFOREST_VIADUCT_EVENT002 uses unknown detail object type tf_forest_grass!
Material KOTH_VIADUCT_EVENT/BLENDROCKGROUNDWALLFOREST_VIADUCT_EVENT002 uses unknown detail object type tf_forest_grass!
Material KOTH_VIADUCT_EVENT/BLENDROCKGROUNDWALLFOREST_VIADUCT_EVENT002 uses unknown detail object type tf_forest_grass!
Material KOTH_VIADUCT_EVENT/BLENDROCKGROUNDWALLFOREST_VIADUCT_EVENT002 uses unknown detail object type tf_forest_grass!
Material KOTH_VIADUCT_EVENT/BLENDROCKGROUNDWALLFOREST_VIADUCT_EVENT002 uses unknown detail object type tf_forest_grass!
Material KOTH_VIADUCT_EVENT/BLENDROCKGROUNDWALLFOREST_VIADUCT_EVENT002 uses unknown detail object type tf_forest_grass!
Material KOTH_VIADUCT_EVENT/BLENDROCKGROUNDWALLFOREST_VIADUCT_EVENT002 uses unknown detail object type tf_forest_grass!
Material KOTH_VIADUCT_EVENT/BLENDROCKGROUNDWALLFOREST_VIADUCT_EVENT002 uses unknown detail object type tf_forest_grass!
Material KOTH_VIADUCT_EVENT/BLENDROCKGROUNDWALLFOREST_VIADUCT_EVENT002 uses unknown detail object type tf_forest_grass!
Material KOTH_VIADUCT_EVENT/BLENDROCKGROUNDWALLFOREST_VIADUCT_EVENT002 uses unknown detail object type tf_forest_grass!
Material KOTH_VIADUCT_EVENT/BLENDROCKGROUNDWALLFOREST_VIADUCT_EVENT002 uses unknown detail object type tf_forest_grass!
Material NATURE/BLENDMUDTOGRASS001 uses unknown detail object type tf_forest_grass!
Material NATURE/BLENDMUDTOGRASS001 uses unknown detail object type tf_forest_grass!
Material NATURE/BLENDMUDTOGRASS001 uses unknown detail object type tf_forest_grass!
Material NATURE/BLENDMUDTOGRASS001 uses unknown detail object type tf_forest_grass!
Material NATURE/BLENDMUDTOGRASS001 uses unknown detail object type tf_forest_grass!
...8...9...10
Compacting texture/material tables...
Reduced 1702 texinfos to 359
Reduced 53 texdatas to 39 (2071 bytes to 1349)
Writing z:\dovahkiin-warrior\firehost-redux-custom\maps_src\ctf_crystalcove_004.bsp
Wrote ZIP buffer, estimated size 8543, actual size 6721
7 seconds elapsed



6 threads
reading z:\dovahkiin-warrior\firehost-redux-custom\maps_src\ctf_crystalcove_004.bsp
reading z:\dovahkiin-warrior\firehost-redux-custom\maps_src\ctf_crystalcove_004.prt
 447 portalclusters
1481 numportals
0...1...2...3...4...5...6...7...8...9...10Optimized: 370 visible clusters (0.34%)
Total clusters visible: 109285
Average clusters visible: 244
Building PAS...
Average clusters audible: 247
visdatasize:41327  compressed from 50064
writing z:\dovahkiin-warrior\firehost-redux-custom\maps_src\ctf_crystalcove_004.bsp
0 seconds elapsed



materialPath: D:\Software\Steam\steamapps\common\Team Fortress 2\tf\materials
Loading z:\dovahkiin-warrior\firehost-redux-custom\maps_src\ctf_crystalcove_004.vmf
ConVarRef mat_reduceparticles doesn't point to an existing ConVar
Patching WVT material: maps/ctf_crystalcove_004/nature/blendgroundtogravel008_wvt_patch
Patching WVT material: maps/ctf_crystalcove_004/nature/blendrockgroundwallforest_viaduct_event_wvt_patch
Patching WVT material: maps/ctf_crystalcove_004/koth_viaduct_event/blendrockgroundwallforest_viaduct_event002_wvt_patch
Patching WVT material: maps/ctf_crystalcove_004/nature/blendcobblestone_underworld001_wvt_patch
Patching WVT material: maps/ctf_crystalcove_004/nature/blendgrass_canyon_wvt_patch
Patching WVT material: maps/ctf_crystalcove_004/nature/blendcliffgrass001a_wvt_patch
Patching WVT material: maps/ctf_crystalcove_004/nature/blenddirtmud003a_wvt_patch
Patching WVT material: maps/ctf_crystalcove_004/nature/blendrocksand008c_wvt_patch
Patching WVT material: maps/ctf_crystalcove_004/nature/blendmudtograss001_wvt_patch
fixing up env_cubemap materials on brush sides...
0...1...2...3...4...5...6...7...8...9...100...1...2...3...4...5...6...7...8...9...10Processing areas...done (0)
Building Faces...done (0)
Chop Details...done (0)
Find Visible Detail Sides...
Merged 106 detail faces...done (0)
Merging details...done (0)
FixTjuncs...
PruneNodes...
WriteBSP...
done (0)
writing z:\dovahkiin-warrior\firehost-redux-custom\maps_src\ctf_crystalcove_004.prt...Building visibility clusters...
done (0)
*** Error: Skybox vtf files for skybox/sky_twilight_01 weren't compiled with the same size texture and/or same flags!
Can't load skybox file skybox/sky_twilight_01 to build the default cubemap!
*** Error: Skybox vtf files for skybox/sky_twilight_01 weren't compiled with the same size texture and/or same flags!
Can't load skybox file skybox/sky_twilight_01 to build the default cubemap!
Finding displacement neighbors...
Finding lightmap sample positions...
Displacement Alpha : 0...1...2...3...4...5...6...7...8...9...10
Building Physics collision data...
WARNING: Map using power 4 displacements, terrain physics cannot be compressed, map will need additional memory and CPU.
done (0) (1647327 bytes)
Placing detail props : 0...1...2...3...4...5...6...Material KOTH_VIADUCT_EVENT/BLENDROCKGROUNDWALLFOREST_VIADUCT_EVENT002 uses unknown detail object type tf_forest_grass!
Material KOTH_VIADUCT_EVENT/BLENDROCKGROUNDWALLFOREST_VIADUCT_EVENT002 uses unknown detail object type tf_forest_grass!
Material KOTH_VIADUCT_EVENT/BLENDROCKGROUNDWALLFOREST_VIADUCT_EVENT002 uses unknown detail object type tf_forest_grass!
Material KOTH_VIADUCT_EVENT/BLENDROCKGROUNDWALLFOREST_VIADUCT_EVENT002 uses unknown detail object type tf_forest_grass!
Material KOTH_VIADUCT_EVENT/BLENDROCKGROUNDWALLFOREST_VIADUCT_EVENT002 uses unknown detail object type tf_forest_grass!
Material KOTH_VIADUCT_EVENT/BLENDROCKGROUNDWALLFOREST_VIADUCT_EVENT002 uses unknown detail object type tf_forest_grass!
Material KOTH_VIADUCT_EVENT/BLENDROCKGROUNDWALLFOREST_VIADUCT_EVENT002 uses unknown detail object type tf_forest_grass!
Material KOTH_VIADUCT_EVENT/BLENDROCKGROUNDWALLFOREST_VIADUCT_EVENT002 uses unknown detail object type tf_forest_grass!
Material KOTH_VIADUCT_EVENT/BLENDROCKGROUNDWALLFOREST_VIADUCT_EVENT002 uses unknown detail object type tf_forest_grass!
Material KOTH_VIADUCT_EVENT/BLENDROCKGROUNDWALLFOREST_VIADUCT_EVENT002 uses unknown detail object type tf_forest_grass!
Material KOTH_VIADUCT_EVENT/BLENDROCKGROUNDWALLFOREST_VIADUCT_EVENT002 uses unknown detail object type tf_forest_grass!
Material KOTH_VIADUCT_EVENT/BLENDROCKGROUNDWALLFOREST_VIADUCT_EVENT002 uses unknown detail object type tf_forest_grass!
Material KOTH_VIADUCT_EVENT/BLENDROCKGROUNDWALLFOREST_VIADUCT_EVENT002 uses unknown detail object type tf_forest_grass!
Material KOTH_VIADUCT_EVENT/BLENDROCKGROUNDWALLFOREST_VIADUCT_EVENT002 uses unknown detail object type tf_forest_grass!
Material KOTH_VIADUCT_EVENT/BLENDROCKGROUNDWALLFOREST_VIADUCT_EVENT002 uses unknown detail object type tf_forest_grass!
Material KOTH_VIADUCT_EVENT/BLENDROCKGROUNDWALLFOREST_VIADUCT_EVENT002 uses unknown detail object type tf_forest_grass!
Material KOTH_VIADUCT_EVENT/BLENDROCKGROUNDWALLFOREST_VIADUCT_EVENT002 uses unknown detail object type tf_forest_grass!
Material KOTH_VIADUCT_EVENT/BLENDROCKGROUNDWALLFOREST_VIADUCT_EVENT002 uses unknown detail object type tf_forest_grass!
Material KOTH_VIADUCT_EVENT/BLENDROCKGROUNDWALLFOREST_VIADUCT_EVENT002 uses unknown detail object type tf_forest_grass!
Material KOTH_VIADUCT_EVENT/BLENDROCKGROUNDWALLFOREST_VIADUCT_EVENT002 uses unknown detail object type tf_forest_grass!
Material KOTH_VIADUCT_EVENT/BLENDROCKGROUNDWALLFOREST_VIADUCT_EVENT002 uses unknown detail object type tf_forest_grass!
Material KOTH_VIADUCT_EVENT/BLENDROCKGROUNDWALLFOREST_VIADUCT_EVENT002 uses unknown detail object type tf_forest_grass!
Material KOTH_VIADUCT_EVENT/BLENDROCKGROUNDWALLFOREST_VIADUCT_EVENT002 uses unknown detail object type tf_forest_grass!
Material KOTH_VIADUCT_EVENT/BLENDROCKGROUNDWALLFOREST_VIADUCT_EVENT002 uses unknown detail object type tf_forest_grass!
7Material KOTH_VIADUCT_EVENT/BLENDROCKGROUNDWALLFOREST_VIADUCT_EVENT002 uses unknown detail object type tf_forest_grass!
Material KOTH_VIADUCT_EVENT/BLENDROCKGROUNDWALLFOREST_VIADUCT_EVENT002 uses unknown detail object type tf_forest_grass!
Material KOTH_VIADUCT_EVENT/BLENDROCKGROUNDWALLFOREST_VIADUCT_EVENT002 uses unknown detail object type tf_forest_grass!
Material KOTH_VIADUCT_EVENT/BLENDROCKGROUNDWALLFOREST_VIADUCT_EVENT002 uses unknown detail object type tf_forest_grass!
Material KOTH_VIADUCT_EVENT/BLENDROCKGROUNDWALLFOREST_VIADUCT_EVENT002 uses unknown detail object type tf_forest_grass!
Material KOTH_VIADUCT_EVENT/BLENDROCKGROUNDWALLFOREST_VIADUCT_EVENT002 uses unknown detail object type tf_forest_grass!
Material KOTH_VIADUCT_EVENT/BLENDROCKGROUNDWALLFOREST_VIADUCT_EVENT002 uses unknown detail object type tf_forest_grass!
Material KOTH_VIADUCT_EVENT/BLENDROCKGROUNDWALLFOREST_VIADUCT_EVENT002 uses unknown detail object type tf_forest_grass!
Material KOTH_VIADUCT_EVENT/BLENDROCKGROUNDWALLFOREST_VIADUCT_EVENT002 uses unknown detail object type tf_forest_grass!
Material KOTH_VIADUCT_EVENT/BLENDROCKGROUNDWALLFOREST_VIADUCT_EVENT002 uses unknown detail object type tf_forest_grass!
Material KOTH_VIADUCT_EVENT/BLENDROCKGROUNDWALLFOREST_VIADUCT_EVENT002 uses unknown detail object type tf_forest_grass!
Material KOTH_VIADUCT_EVENT/BLENDROCKGROUNDWALLFOREST_VIADUCT_EVENT002 uses unknown detail object type tf_forest_grass!
Material KOTH_VIADUCT_EVENT/BLENDROCKGROUNDWALLFOREST_VIADUCT_EVENT002 uses unknown detail object type tf_forest_grass!
Material KOTH_VIADUCT_EVENT/BLENDROCKGROUNDWALLFOREST_VIADUCT_EVENT002 uses unknown detail object type tf_forest_grass!
Material KOTH_VIADUCT_EVENT/BLENDROCKGROUNDWALLFOREST_VIADUCT_EVENT002 uses unknown detail object type tf_forest_grass!
Material KOTH_VIADUCT_EVENT/BLENDROCKGROUNDWALLFOREST_VIADUCT_EVENT002 uses unknown detail object type tf_forest_grass!
Material KOTH_VIADUCT_EVENT/BLENDROCKGROUNDWALLFOREST_VIADUCT_EVENT002 uses unknown detail object type tf_forest_grass!
Material KOTH_VIADUCT_EVENT/BLENDROCKGROUNDWALLFOREST_VIADUCT_EVENT002 uses unknown detail object type tf_forest_grass!
Material KOTH_VIADUCT_EVENT/BLENDROCKGROUNDWALLFOREST_VIADUCT_EVENT002 uses unknown detail object type tf_forest_grass!
Material KOTH_VIADUCT_EVENT/BLENDROCKGROUNDWALLFOREST_VIADUCT_EVENT002 uses unknown detail object type tf_forest_grass!
Material KOTH_VIADUCT_EVENT/BLENDROCKGROUNDWALLFOREST_VIADUCT_EVENT002 uses unknown detail object type tf_forest_grass!
Material KOTH_VIADUCT_EVENT/BLENDROCKGROUNDWALLFOREST_VIADUCT_EVENT002 uses unknown detail object type tf_forest_grass!
Material KOTH_VIADUCT_EVENT/BLENDROCKGROUNDWALLFOREST_VIADUCT_EVENT002 uses unknown detail object type tf_forest_grass!
Material NATURE/BLENDMUDTOGRASS001 uses unknown detail object type tf_forest_grass!
Material NATURE/BLENDMUDTOGRASS001 uses unknown detail object type tf_forest_grass!
Material NATURE/BLENDMUDTOGRASS001 uses unknown detail object type tf_forest_grass!
Material NATURE/BLENDMUDTOGRASS001 uses unknown detail object type tf_forest_grass!
Material NATURE/BLENDMUDTOGRASS001 uses unknown detail object type tf_forest_grass!
...8...9...10
Compacting texture/material tables...
Reduced 1702 texinfos to 359
Reduced 53 texdatas to 39 (2071 bytes to 1349)
Writing z:\dovahkiin-warrior\firehost-redux-custom\maps_src\ctf_crystalcove_004.bsp
Wrote ZIP buffer, estimated size 8543, actual size 6721
7 seconds elapsed



6 threads
reading z:\dovahkiin-warrior\firehost-redux-custom\maps_src\ctf_crystalcove_004.bsp
reading z:\dovahkiin-warrior\firehost-redux-custom\maps_src\ctf_crystalcove_004.prt
 447 portalclusters
1481 numportals
0...1...2...3...4...5...6...7...8...9...10Optimized: 370 visible clusters (0.34%)
Total clusters visible: 109285
Average clusters visible: 244
Building PAS...
Average clusters audible: 247
visdatasize:41327  compressed from 50064
writing z:\dovahkiin-warrior\firehost-redux-custom\maps_src\ctf_crystalcove_004.bsp
0 seconds elapsed



[Reading texlights from 'lights.rad']
[56 texlights parsed from 'lights.rad']

Loading z:\dovahkiin-warrior\firehost-redux-custom\maps_src\ctf_crystalcove_004.bsp
3612 faces
27 degenerate faces
14249726 square feet [2051960576.00 square inches]
305 Displacements
989214 Square Feet [142446928.00 Square Inches]
3585 patches before subdivision
69007 patches after subdivision
21 direct lights
0
WARNING: Too many light styles on a face at (-836.615295, -1305.316406, 180.897263)

WARNING: Too many light styles on a face at (-836.289734, -1301.706909, 180.825287)

WARNING: Too many light styles on a face at (-836.423645, -1305.891235, 178.394943)

WARNING: Too many light styles on a face at (-836.448914, -1302.184570, 178.007416)
.
WARNING: Too many light styles on a face at (-836.674988, -1302.862793, 180.405045)

WARNING: Too many light styles on a face at (-833.829285, -1299.555664, 178.666290)
..1...2...3...4...5...6.
WARNING: Too many light styles on a face at (-1991.715698, -337.104919, -115.844742)

WARNING: Too many light styles on a face at (-1840.983643, -617.793823, -107.550583)

WARNING: Too many light styles on a face at (-1690.436279, -174.735611, -93.903465)

WARNING: Too many light styles on a face at (-756.968994, -1090.244507, 69.551094)

WARNING: Too many light styles on a face at (-1509.927734, -381.287537, -74.912903)

WARNING: Too many light styles on a face at (-395.482513, -337.158936, 68.438255)

WARNING: Too many light styles on a face at (-276.620239, 46.614544, 85.469711)

WARNING: Too many light styles on a face at (-1058.005371, 150.245987, -23.790894)

WARNING: Too many light styles on a face at (-1354.313232, -1553.365234, 79.568520)

WARNING: Too many light styles on a face at (-1991.544189, -1552.697021, 79.352722)

WARNING: Too many light styles on a face at (-962.902588, -1526.577026, 83.523750)

WARNING: Too many light styles on a face at (-2443.281250, -1523.001953, 72.180595)

WARNING: Too many light styles on a face at (-2533.666504, -1090.305908, 67.208405)

WARNING: Too many light styles on a face at (-214.604828, -484.841187, 83.608109)

WARNING: Too many light styles on a face at (-1901.186157, -1060.777222, -17.481623)

WARNING: Too many light styles on a face at (-696.580688, -1075.406250, 80.775352)

WARNING: Too many light styles on a face at (-1810.910278, 46.855774, -105.952377)

WARNING: Too many light styles on a face at (-2292.777832, 209.324860, -166.454361)

WARNING: Too many light styles on a face at (-1600.039063, 46.873249, -93.864433)

WARNING: Too many light styles on a face at (-667.480713, -1523.152710, 84.632126)

WARNING: Too many light styles on a face at (131.713654, -662.005371, 105.046440)

WARNING: Too many light styles on a face at (86.565903, -307.556610, 105.847229)

WARNING: Too many light styles on a face at (-139.277908, -1433.569214, 85.477936)

WARNING: Too many light styles on a face at (116.756927, -898.480103, 96.926872)

WARNING: Too many light styles on a face at (-62.380352, 290.254456, 101.037415)

WARNING: Too many light styles on a face at (-69.007759, 277.573730, 310.596863)

WARNING: Too many light styles on a face at (-199.111145, 293.167664, 87.425339)

WARNING: Too many light styles on a face at (53.681610, 60.672302, 115.413803)

WARNING: Too many light styles on a face at (-699.862427, 280.027863, 120.495590)

WARNING: Too many light styles on a face at (-744.475586, 307.176605, 225.472504)
.
WARNING: Too many light styles on a face at (-1592.470581, 495.115051, 643.845703)

WARNING: Too many light styles on a face at (-1130.666748, 997.500000, 588.502625)

WARNING: Too many light styles on a face at (-1080.941162, 555.264709, 654.195007)

WARNING: Too many light styles on a face at (-519.448853, 209.026398, 478.274200)

WARNING: Too many light styles on a face at (-568.595886, 162.980072, 811.295471)

WARNING: Too many light styles on a face at (-1833.162720, 495.089844, 589.522583)

WARNING: Too many light styles on a face at (-944.952759, 434.400269, 684.323181)

WARNING: Too many light styles on a face at (-1592.409180, 344.267212, 637.347046)

WARNING: Too many light styles on a face at (-2104.207031, -16.993191, 597.113037)

WARNING: Too many light styles on a face at (-1585.595093, -521.633423, 782.895386)

WARNING: Too many light styles on a face at (-1585.631348, -693.089844, 739.458374)

WARNING: Too many light styles on a face at (-1841.409546, -351.767853, 744.470764)

WARNING: Too many light styles on a face at (-1670.771362, -635.816101, 714.099182)

WARNING: Too many light styles on a face at (-2154.482666, -67.446518, 599.586060)

WARNING: Too many light styles on a face at (-2069.392822, -1040.456543, 405.717926)

WARNING: Too many light styles on a face at (-2155.176270, 445.222839, 576.094482)

WARNING: Too many light styles on a face at (-2104.850098, -1070.998169, 394.122498)

WARNING: Too many light styles on a face at (-2104.348877, -1533.974365, 87.517227)

WARNING: Too many light styles on a face at (-1592.401855, -1525.568481, 68.081520)

WARNING: Too many light styles on a face at (-1617.333374, -1509.734253, 210.825211)

WARNING: Too many light styles on a face at (-1622.000000, -1511.500000, 214.661926)

WARNING: Too many light styles on a face at (-1591.717773, -1432.046997, 275.577332)

WARNING: Too many light styles on a face at (-2556.411865, -1131.323608, 386.034302)

WARNING: Too many light styles on a face at (-2450.738525, -1533.502319, 197.444626)

WARNING: Too many light styles on a face at (-50.798668, -1562.003418, 199.233215)

WARNING: Too many light styles on a face at (-56.839134, -1552.970581, 396.817780)

WARNING: Too many light styles on a face at (-569.092773, -1561.424927, 374.153656)

WARNING: Too many light styles on a face at (-569.225708, -1558.753418, 266.195740)

WARNING: Too many light styles on a face at (-1081.317749, -1558.515625, 375.164307)

WARNING: Too many light styles on a face at (-984.239746, -1558.500000, 374.809021)

WARNING: Too many light styles on a face at (-666.680054, -1558.500000, 374.240906)

WARNING: Too many light styles on a face at (-668.381836, -1558.500000, 148.520157)

WARNING: Too many light styles on a face at (-1081.452515, -1557.141602, 330.280182)

WARNING: Too many light styles on a face at (-781.091003, -1561.681763, 85.195396)

WARNING: Too many light styles on a face at (-56.395020, 283.503784, 779.741943)

WARNING: Too many light styles on a face at (-50.205536, -1036.367432, 407.712524)

WARNING: Too many light styles on a face at (333.315399, -1110.011353, 277.865723)

WARNING: Too many light styles on a face at (1199.781372, -142.261154, -229.102722)

WARNING: Too many light styles on a face at (1175.762329, 535.677856, 95.161507)

WARNING: Too many light styles on a face at (1386.983154, 446.188995, 473.454620)

WARNING: Too many light styles on a face at (1182.366821, 476.344208, 321.723175)
.
WARNING: Too many light styles on a face at (1226.250977, -309.166016, 407.121063)

WARNING: Too many light styles on a face at (1183.825195, -816.301270, 595.462585)

WARNING: Too many light styles on a face at (1383.251831, -309.323730, 546.020935)

WARNING: Too many light styles on a face at (1152.105103, -1041.668457, 238.895111)

WARNING: Too many light styles on a face at (1390.000000, -788.772705, 625.902893)

WARNING: Too many light styles on a face at (-115.159012, 302.511078, 596.965881)

WARNING: Too many light styles on a face at (-139.739288, 302.871796, 577.003418)

WARNING: Too many light styles on a face at (389.116333, 555.309143, 727.909241)

WARNING: Too many light styles on a face at (-3217.258057, 456.682129, -167.929642)

WARNING: Too many light styles on a face at (183.995163, 977.047302, 658.914368)

WARNING: Too many light styles on a face at (-3162.480713, 588.752075, -167.957886)

WARNING: Too many light styles on a face at (-2424.000000, -822.500000, 392.350861)

WARNING: Too many light styles on a face at (-2583.995361, -863.796265, 407.640442)

WARNING: Too many light styles on a face at (414.000000, -587.357117, 733.528320)

WARNING: Too many light styles on a face at (-3105.882324, 681.961487, -173.804596)

WARNING: Too many light styles on a face at (486.000000, -404.000000, 586.195007)

WARNING: Too many light styles on a face at (278.000000, -204.055557, 572.766418)

WARNING: Too many light styles on a face at (493.087616, 277.923645, 542.595032)

WARNING: Too many light styles on a face at (502.000000, -667.928589, 670.595154)

WARNING: Too many light styles on a face at (502.000000, -759.357178, 638.595154)

WARNING: Too many light styles on a face at (-697.119751, 279.811707, 259.480713)

WARNING: Too many light styles on a face at (-277.358307, -1041.183472, 425.529388)

WARNING: Too many light styles on a face at (-568.595337, -1552.970581, 429.728394)

WARNING: Too many light styles on a face at (-1080.470581, -1552.970581, 430.194916)

WARNING: Too many light styles on a face at (-579.723816, 960.180054, 595.996643)

WARNING: Too many light styles on a face at (-941.090942, -1613.833496, 374.195007)

WARNING: Too many light styles on a face at (-675.224304, -1568.306152, 89.582489)

WARNING: Too many light styles on a face at (-5415.265625, -2603.414795, 130.392517)

WARNING: Too many light styles on a face at (-5783.134766, -451.566406, -2.552175)

WARNING: Too many light styles on a face at (-3774.052246, -1960.073608, -17.251183)

WARNING: Too many light styles on a face at (-5303.133789, -2065.795654, -14.255134)
7
WARNING: Too many light styles on a face at (-3340.389893, 440.753418, 569.084290)

WARNING: Too many light styles on a face at (-3529.612061, 755.352661, 671.648682)

WARNING: Too many light styles on a face at (-5439.904297, -134.912842, -37.623238)

WARNING: Too many light styles on a face at (-2749.071777, -1095.274048, 297.693573)

WARNING: Too many light styles on a face at (-3136.000000, 371.807617, -173.804596)

WARNING: Too many light styles on a face at (-5760.145020, -1846.888794, 453.113617)
...8...9...100...1...2...3...4...5...6...7...8...9...10transfers 2839237, max 339
transfer lists:  21.7 megs
0...1...2...3...4...5...6...7...8...9...10	Bounce #1 added RGB(84021, 66396, 36298)
0...1...2...3...4...5...6...7...8...9...10	Bounce #2 added RGB(3502, 2376, 1205)
0...1...2...3...4...5...6...7...8...9...10	Bounce #3 added RGB(342, 219, 105)
0...1...2...3...4...5...6...7...8...9...10	Bounce #4 added RGB(24, 13, 7)
0...1...2...3...4...5...6...7...8...9...10	Bounce #5 added RGB(3, 2, 1)
0...1...2...3...4...5...6...7...8...9...10	Bounce #6 added RGB(0, 0, 0)
Build Patch/Sample Hash Table(s).....Done<0.0531 sec>
0...1...2...3...4...5...6...7...8...9...10FinalLightFace Done
0 of 0 (0% of) surface lights went in leaf ambient cubes.
0...1...2...3...4...5...6...7...8...9...10Writing leaf ambient...done
Ready to Finish

Object names       Objects/Maxobjs  Memory / Maxmem  Fullness 
------------       ---------------  ---------------  -------- 
models                  32/1024         1536/49152    ( 3.1%) 
brushes                126/8192         1512/98304    ( 1.5%) 
brushsides            3502/65536       28016/524288   ( 5.3%) 
planes               11258/65536      225160/1310720  (17.2%) 
vertexes              5827/65536       69924/786432   ( 8.9%) 
nodes                 3521/65536      112672/2097152  ( 5.4%) 
texinfos               359/12288       25848/884736   ( 2.9%) 
texdata                 39/2048         1248/65536    ( 1.9%) 
dispinfos              305/0           53680/0        ( 0.0%) 
disp_verts            9793/0          195860/0        ( 0.0%) 
disp_tris            13504/0           27008/0        ( 0.0%) 
disp_lmsamples     1744509/0         1744509/0        ( 0.0%) 
faces                 3612/65536      202272/3670016  ( 5.5%) 
hdr faces                0/65536           0/3670016  ( 0.0%) 
origfaces             1406/65536       78736/3670016  ( 2.1%) 
leaves                3554/65536      113728/2097152  ( 5.4%) 
leaffaces             3813/65536        7626/131072   ( 5.8%) 
leafbrushes           1753/65536        3506/131072   ( 2.7%) 
areas                    4/256            32/2048     ( 1.6%) 
surfedges            22930/512000      91720/2048000  ( 4.5%) 
edges                12640/256000      50560/1024000  ( 4.9%) 
LDR worldlights         21/8192         1848/720896   ( 0.3%) 
HDR worldlights          0/8192            0/720896   ( 0.0%) 
leafwaterdata            2/32768          24/393216   ( 0.0%) 
waterstrips             36/32768         360/327680   ( 0.1%) 
waterverts               0/65536           0/786432   ( 0.0%) 
waterindices           468/65536         936/131072   ( 0.7%) 
cubemapsamples           2/1024           32/16384    ( 0.2%) 
overlays                 0/512             0/180224   ( 0.0%) 
LDR lightdata         [variable]    15693532/0        ( 0.0%) 
HDR lightdata         [variable]           0/0        ( 0.0%) 
visdata               [variable]       41327/16777216 ( 0.2%) 
entdata               [variable]      106157/393216   (27.0%) 
LDR ambient table     3554/65536       14216/262144   ( 5.4%) 
HDR ambient table     3554/65536       14216/262144   ( 5.4%) 
LDR leaf ambient     10823/65536      303044/1835008  (16.5%) 
HDR leaf ambient      3554/65536       99512/1835008  ( 5.4%) 
occluders                0/0               0/0        ( 0.0%) 
occluder polygons        0/0               0/0        ( 0.0%) 
occluder vert ind        0/0               0/0        ( 0.0%) 
detail props          [variable]           1/12       ( 8.3%) 
static props          [variable]           1/14360    ( 0.0%) 
pakfile               [variable]        6721/0        ( 0.0%) 
physics               [variable]     1647327/4194304  (39.3%) 
physics terrain       [variable]           0/1048576  ( 0.0%) 

Level flags = 0

Total triangle count: 9037
Writing z:\dovahkiin-warrior\firehost-redux-custom\maps_src\ctf_crystalcove_004.bsp
1 minute, 24 seconds elapsed
