PRT1
257
830
4 0 2 (2645.739990 3072 2370.850098 ) (2048 3072 2370.850098 ) (2048 3072 -1684.849976 ) (2645.739990 3072 -1684.849976 ) 
4 0 1 (2048 3072 -1684.849976 ) (2048 3072 2370.850098 ) (2048 3241.959961 2370.850098 ) (2048 3241.959961 -1684.849976 ) 
4 1 18 (1024 3072 -1684.849976 ) (1024 3072 2370.850098 ) (1024 3241.959961 2370.850098 ) (1024 3241.959961 -1684.849976 ) 
4 1 5 (1136 3072 -879.805054 ) (1024 3072 -879.805054 ) (1024 3072 -1684.849976 ) (1136 3072 -1684.849976 ) 
4 1 4 (2048 3072 -1684.849976 ) (2048 3072 -879.805054 ) (1136 3072 -879.805054 ) (1136 3072 -1684.849976 ) 
4 1 3 (2048 3072 -879.805054 ) (2048 3072 2370.850098 ) (1024 3072 2370.850098 ) (1024 3072 -879.805054 ) 
4 2 8 (2645.739990 2048 2370.850098 ) (2048 2048 2370.850098 ) (2048 2048 -1684.849976 ) (2645.739990 2048 -1684.849976 ) 
4 2 4 (2048 3072 -879.805054 ) (2048 3072 -1684.849976 ) (2048 2048 -1684.849976 ) (2048 2048 -879.805054 ) 
4 2 3 (2048 3072 2370.850098 ) (2048 3072 -879.805054 ) (2048 2048 -879.805054 ) (2048 2048 2370.850098 ) 
4 3 22 (1024 2048 -879.805054 ) (1024 2048 1181.099976 ) (1024 3072 1181.099976 ) (1024 3072 -879.805054 ) 
4 3 21 (1024 2048 1181.099976 ) (1024 2048 2370.850098 ) (1024 3072 2370.850098 ) (1024 3072 1181.099976 ) 
4 3 9 (1024 2048 2370.850098 ) (1024 2048 -879.805054 ) (2048 2048 -879.805054 ) (2048 2048 2370.850098 ) 
4 3 6 (1024 2048 -879.805054 ) (1024 2151.500000 -879.805054 ) (1136 2151.500000 -879.805054 ) (1136 2048 -879.805054 ) 
4 3 5 (1024 2151.500000 -879.805054 ) (1024 3072 -879.805054 ) (1136 3072 -879.805054 ) (1136 2151.500000 -879.805054 ) 
4 3 4 (1136 3072 -879.805054 ) (2048 3072 -879.805054 ) (2048 2048 -879.805054 ) (1136 2048 -879.805054 ) 
4 4 10 (1136 2048 -1684.849976 ) (2048 2048 -1684.849976 ) (2048 2048 -879.805054 ) (1136 2048 -879.805054 ) 
4 4 7 (1136 2151.500000 -1684.849976 ) (1136 2048 -1684.849976 ) (1136 2048 -1199.800049 ) (1136 2151.500000 -1199.800049 ) 
4 4 6 (1136 2048 -1199.800049 ) (1136 2048 -879.805054 ) (1136 2151.500000 -879.805054 ) (1136 2151.500000 -1199.800049 ) 
4 4 5 (1136 3072 -1684.849976 ) (1136 2151.500000 -1684.849976 ) (1136 2151.500000 -879.805054 ) (1136 3072 -879.805054 ) 
4 5 31 (1024 3072 -1135.900146 ) (1024 3072 -1199.800049 ) (1024 2151.500000 -1199.800049 ) (1024 2151.500000 -1135.900146 ) 
4 5 25 (1024 2151.500000 -879.805054 ) (1024 3072 -879.805054 ) (1024 3072 -1135.900146 ) (1024 2151.500000 -1135.900146 ) 
4 5 33 (1024 3072 -1199.800049 ) (1024 3072 -1684.849976 ) (1024 2151.500000 -1684.849976 ) (1024 2151.500000 -1199.800049 ) 
4 5 7 (1024 2151.500000 -1684.849976 ) (1136 2151.500000 -1684.849976 ) (1136 2151.500000 -1199.800049 ) (1024 2151.500000 -1199.800049 ) 
4 5 6 (1136 2151.500000 -1199.800049 ) (1136 2151.500000 -879.805054 ) (1024 2151.500000 -879.805054 ) (1024 2151.500000 -1199.800049 ) 
4 6 32 (1024 2048 -1199.800049 ) (1024 2048 -1135.900146 ) (1024 2151.500000 -1135.900146 ) (1024 2151.500000 -1199.800049 ) 
4 6 26 (1024 2048 -1135.900146 ) (1024 2048 -879.805054 ) (1024 2151.500000 -879.805054 ) (1024 2151.500000 -1135.900146 ) 
4 6 11 (1024 2048 -879.805054 ) (1024 2048 -1199.800049 ) (1136 2048 -1199.800049 ) (1136 2048 -879.805054 ) 
4 6 7 (1024 2048 -1199.800049 ) (1024 2151.500000 -1199.800049 ) (1136 2151.500000 -1199.800049 ) (1136 2048 -1199.800049 ) 
4 7 33 (1024 2048 -1684.849976 ) (1024 2048 -1199.800049 ) (1024 2151.500000 -1199.800049 ) (1024 2151.500000 -1684.849976 ) 
4 7 12 (1024 2048 -1199.800049 ) (1024 2048 -1684.849976 ) (1136 2048 -1684.849976 ) (1136 2048 -1199.800049 ) 
4 8 13 (2645.739990 1024 2370.850098 ) (2048 1024 2370.850098 ) (2048 1024 -1684.849976 ) (2645.739990 1024 -1684.849976 ) 
4 8 10 (2048 2048 -879.805054 ) (2048 2048 -1684.849976 ) (2048 1024 -1684.849976 ) (2048 1024 -879.805054 ) 
4 8 9 (2048 2048 2370.850098 ) (2048 2048 -879.805054 ) (2048 1024 -879.805054 ) (2048 1024 2370.850098 ) 
4 9 39 (1024 1142 80.195396 ) (1024 1142 -879.805054 ) (1024 1095 -879.805054 ) (1024 1095 80.195396 ) 
4 9 38 (1024 1095 2370.850098 ) (1024 1142 2370.850098 ) (1024 1142 80.195396 ) (1024 1095 80.195396 ) 
4 9 37 (1024 1142 2370.850098 ) (1024 2048 2370.850098 ) (1024 2048 -879.805054 ) (1024 1142 -879.805054 ) 
4 9 40 (1024 1024 -879.805054 ) (1024 1024 2370.850098 ) (1024 1095 2370.850098 ) (1024 1095 -879.805054 ) 
4 9 14 (1024 1024 2370.850098 ) (1024 1024 -879.805054 ) (2048 1024 -879.805054 ) (2048 1024 2370.850098 ) 
4 9 11 (1136 1024 -879.805054 ) (1024 1024 -879.805054 ) (1024 2048 -879.805054 ) (1136 2048 -879.805054 ) 
4 9 10 (2048 2048 -879.805054 ) (2048 1024 -879.805054 ) (1136 1024 -879.805054 ) (1136 2048 -879.805054 ) 
4 10 15 (1136 1024 -1684.849976 ) (2048 1024 -1684.849976 ) (2048 1024 -879.805054 ) (1136 1024 -879.805054 ) 
4 10 12 (1136 2048 -1684.849976 ) (1136 1024 -1684.849976 ) (1136 1024 -1199.800049 ) (1136 2048 -1199.800049 ) 
4 10 11 (1136 1024 -1199.800049 ) (1136 1024 -879.805054 ) (1136 2048 -879.805054 ) (1136 2048 -1199.800049 ) 
4 11 48 (1024 1024 -1199.800049 ) (1024 1024 -879.805054 ) (1024 1095 -879.805054 ) (1024 1095 -1199.800049 ) 
4 11 45 (1024 1095 -879.805054 ) (1024 1142 -879.805054 ) (1024 1142 -1135.800049 ) (1024 1095 -1135.800049 ) 
4 11 46 (1024 1142 -1135.800049 ) (1024 1142 -1199.800049 ) (1024 1095 -1199.800049 ) (1024 1095 -1135.800049 ) 
4 11 43 (1024 1142 -879.805054 ) (1024 2048 -879.805054 ) (1024 2048 -1199.800049 ) (1024 1142 -1199.800049 ) 
4 11 16 (1024 1024 -879.805054 ) (1024 1024 -1199.800049 ) (1136 1024 -1199.800049 ) (1136 1024 -879.805054 ) 
4 11 12 (1024 1024 -1199.800049 ) (1024 2048 -1199.800049 ) (1136 2048 -1199.800049 ) (1136 1024 -1199.800049 ) 
4 12 54 (1024 1024 -1684.849976 ) (1024 1024 -1199.800049 ) (1024 2048 -1199.800049 ) (1024 2048 -1684.849976 ) 
4 12 17 (1024 1024 -1199.800049 ) (1024 1024 -1684.849976 ) (1136 1024 -1684.849976 ) (1136 1024 -1199.800049 ) 
4 13 69 (2645.739990 0 2370.850098 ) (2048 0 2370.850098 ) (2048 0 -1684.849976 ) (2645.739990 0 -1684.849976 ) 
4 13 15 (2048 1024 -879.805054 ) (2048 1024 -1684.849976 ) (2048 0 -1684.849976 ) (2048 0 -879.805054 ) 
4 13 14 (2048 1024 2370.850098 ) (2048 1024 -879.805054 ) (2048 0 -879.805054 ) (2048 0 2370.850098 ) 
4 14 70 (2048 0 -879.805054 ) (2048 0 2370.850098 ) (1024 0 2370.850098 ) (1024 0 -879.805054 ) 
4 14 58 (1024 514.934143 1181.099976 ) (1024 1024 1181.099976 ) (1024 1024 -879.805054 ) (1024 514.934143 -879.805054 ) 
4 14 56 (1024 0 -879.805054 ) (1024 0 1181.099976 ) (1024 514.934143 1181.099976 ) (1024 514.934143 -879.805054 ) 
4 14 55 (1024 0 1181.099976 ) (1024 0 2370.850098 ) (1024 1024 2370.850098 ) (1024 1024 1181.099976 ) 
4 14 16 (1024 0 -879.805054 ) (1024 1024 -879.805054 ) (1136 1024 -879.805054 ) (1136 0 -879.805054 ) 
4 14 15 (1136 1024 -879.805054 ) (2048 1024 -879.805054 ) (2048 0 -879.805054 ) (1136 0 -879.805054 ) 
4 15 71 (2048 0 -1684.849976 ) (2048 0 -879.805054 ) (1136 0 -879.805054 ) (1136 0 -1684.849976 ) 
4 15 17 (1136 1024 -1684.849976 ) (1136 0 -1684.849976 ) (1136 0 -1199.800049 ) (1136 1024 -1199.800049 ) 
4 15 16 (1136 0 -1199.800049 ) (1136 0 -879.805054 ) (1136 1024 -879.805054 ) (1136 1024 -1199.800049 ) 
4 16 72 (1136 0 -879.805054 ) (1024 0 -879.805054 ) (1024 0 -1199.800049 ) (1136 0 -1199.800049 ) 
4 16 59 (1024 0 -1199.800049 ) (1024 0 -879.805054 ) (1024 1024 -879.805054 ) (1024 1024 -1199.800049 ) 
4 16 17 (1024 1024 -1199.800049 ) (1136 1024 -1199.800049 ) (1136 0 -1199.800049 ) (1024 0 -1199.800049 ) 
4 17 73 (1024 0 -1199.800049 ) (1024 0 -1684.849976 ) (1136 0 -1684.849976 ) (1136 0 -1199.800049 ) 
4 17 60 (1024 0 -1684.849976 ) (1024 0 -1199.800049 ) (1024 1024 -1199.800049 ) (1024 1024 -1684.849976 ) 
4 18 31 (1024 3072 -1199.800049 ) (1024 3072 -1135.900146 ) (336 3072 -1135.900146 ) (336 3072 -1199.800049 ) 
4 18 25 (1024 3072 -1135.900146 ) (1024 3072 -879.805054 ) (336 3072 -879.805054 ) (336 3072 -1135.900146 ) 
4 18 33 (1024 3072 -1684.849976 ) (1024 3072 -1199.800049 ) (336 3072 -1199.800049 ) (336 3072 -1684.849976 ) 
4 18 34 (336 3072 -879.805054 ) (0 3072 -879.805054 ) (0 3072 -1684.849976 ) (336 3072 -1684.849976 ) 
4 18 22 (1024 3072 -879.805054 ) (1024 3072 1181.099976 ) (0 3072 1181.099976 ) (0 3072 -879.805054 ) 
4 18 21 (1024 3072 1181.099976 ) (1024 3072 2370.850098 ) (0 3072 2370.850098 ) (0 3072 1181.099976 ) 
4 18 19 (0 3072 -1684.849976 ) (0 3072 2370.850098 ) (0 3241.959961 2370.850098 ) (0 3241.959961 -1684.849976 ) 
4 19 35 (0 3072 -1684.849976 ) (0 3072 2370.850098 ) (-1024 3072 2370.850098 ) (-1024 3072 -1684.849976 ) 
4 19 20 (-1024 3072 -1684.849976 ) (-1024 3072 2370.850098 ) (-1024 3241.959961 2370.850098 ) (-1024 3241.959961 -1684.849976 ) 
4 20 115 (-2048 3072 -1684.849976 ) (-2048 3072 2370.850098 ) (-2048 3241.959961 2370.850098 ) (-2048 3241.959961 -1684.849976 ) 
4 20 36 (-1024 3072 -1684.849976 ) (-1024 3072 2370.850098 ) (-2048 3072 2370.850098 ) (-2048 3072 -1684.849976 ) 
4 21 41 (643.664185 2048 2370.850098 ) (0 2048 2370.850098 ) (0 2048 1181.099976 ) (643.664185 2048 1181.099976 ) 
4 21 37 (1024 2048 1181.099976 ) (1024 2048 2370.850098 ) (643.664185 2048 2370.850098 ) (643.664185 2048 1181.099976 ) 
4 21 35 (0 2048 1181.099976 ) (0 2048 2370.850098 ) (0 3072 2370.850098 ) (0 3072 1181.099976 ) 
3 21 24 (987.731689 2048 1181.099976 ) (643.664185 2048 1181.099976 ) (702.835999 2177.840088 1181.099976 ) 
4 21 23 (489.809937 2048 1181.099976 ) (0 2048 1181.099976 ) (0 2498.155029 1181.099976 ) (575.440979 2235.899902 1181.099976 ) 
5 21 22 (1024 2048 1181.099976 ) (987.731689 2048 1181.099976 ) (0 2498.155029 1181.099976 ) (0 3072 1181.099976 ) (1024 3072 1181.099976 ) 
4 22 37 (1024 2048 -879.805054 ) (1024 2048 1181.099976 ) (987.731689 2048 1181.099976 ) (987.731689 2048 -879.805054 ) 
4 22 35 (0 2498.155029 1181.099976 ) (0 3072 1181.099976 ) (0 3072 -879.805054 ) (0 2498.155273 -879.805054 ) 
4 22 26 (1024 2048 -879.805054 ) (987.731689 2048 -879.805054 ) (760.631714 2151.500000 -879.805054 ) (1024 2151.500000 -879.805054 ) 
5 22 25 (760.631714 2151.500000 -879.805054 ) (336 2345.024414 -879.805054 ) (336 3072 -879.805054 ) (1024 3072 -879.805054 ) (1024 2151.500000 -879.805054 ) 
4 22 34 (336 2345.024414 -879.805054 ) (0 2498.155029 -879.805054 ) (0 3072 -879.805054 ) (336 3072 -879.805054 ) 
4 22 24 (702.836426 2177.841064 -879.805054 ) (987.734070 2048 -879.805054 ) (987.731445 2048 1181.099976 ) (702.836121 2177.840332 1181.099976 ) 
4 22 23 (0 2498.156250 -879.805054 ) (575.441406 2235.900879 -879.805054 ) (575.441162 2235.900391 1181.099976 ) (0 2498.156250 1181.099976 ) 
4 23 42 (489.809937 2048 1181.099976 ) (0 2048 1181.099976 ) (0 2048 -879.805054 ) (489.809937 2048 -879.805054 ) 
4 23 35 (0 2048 -879.805054 ) (0 2048 1181.099976 ) (0 2498.155029 1181.099976 ) (0 2498.155273 -879.805054 ) 
4 23 29 (489.809937 2048 -879.805054 ) (336 2048 -879.805054 ) (336 2151.500000 -879.805054 ) (536.977661 2151.500000 -879.805054 ) 
4 23 27 (336 2151.500000 -879.805054 ) (336 2345.024170 -879.805054 ) (575.440979 2235.899902 -879.805054 ) (536.977661 2151.500000 -879.805054 ) 
4 23 34 (336 2048 -879.805054 ) (0 2048 -879.805054 ) (0 2498.155029 -879.805054 ) (336 2345.024170 -879.805054 ) 
4 24 37 (987.731689 2048 1181.099976 ) (643.664185 2048 1181.099976 ) (643.664185 2048 -879.805054 ) (987.731689 2048 -879.805054 ) 
4 24 30 (987.731689 2048 -879.805054 ) (643.664185 2048 -879.805054 ) (690.832092 2151.500000 -879.805054 ) (760.631531 2151.500000 -879.805054 ) 
3 24 28 (690.832092 2151.500000 -879.805054 ) (702.835999 2177.840088 -879.805054 ) (760.631531 2151.500000 -879.805054 ) 
5 25 31 (760.631714 2151.500000 -1135.900146 ) (336 2345.024414 -1135.900146 ) (336 3072 -1135.900146 ) (1024 3072 -1135.900146 ) (1024 2151.500000 -1135.900146 ) 
4 25 28 (702.836426 2177.841064 -1135.900146 ) (760.634033 2151.500000 -1135.900146 ) (760.632324 2151.500000 -879.805054 ) (702.836121 2177.840576 -879.805054 ) 
4 25 27 (336 2345.025391 -879.805054 ) (336 2345.025391 -1135.900146 ) (575.441406 2235.900879 -1135.900146 ) (575.441284 2235.900391 -879.805054 ) 
4 25 34 (336 2345.024414 -879.805054 ) (336 3072 -879.805054 ) (336 3072 -1135.900146 ) (336 2345.024414 -1135.900146 ) 
4 25 26 (760.630920 2151.500000 -879.805054 ) (760.630920 2151.500000 -1135.900146 ) (1024 2151.500000 -1135.900146 ) (1024 2151.500000 -879.805054 ) 
4 26 43 (1024 2048 -1135.900146 ) (1024 2048 -879.805054 ) (987.731689 2048 -879.805054 ) (987.731689 2048 -1135.900146 ) 
4 26 32 (1024 2048 -1135.900146 ) (987.731689 2048 -1135.900146 ) (760.631714 2151.500000 -1135.900146 ) (1024 2151.500000 -1135.900146 ) 
4 26 30 (760.634033 2151.500000 -1135.900146 ) (987.734070 2048 -1135.900146 ) (987.731506 2048 -879.805054 ) (760.632324 2151.500000 -879.805054 ) 
4 27 31 (336 2151.500000 -1135.900146 ) (336 2345.024414 -1135.900146 ) (575.441040 2235.899902 -1135.900146 ) (536.977722 2151.500000 -1135.900146 ) 
4 27 29 (336 2151.500000 -879.805054 ) (336 2151.500000 -1135.900146 ) (536.977661 2151.500000 -1135.900146 ) (536.977722 2151.500000 -879.805054 ) 
4 27 34 (336 2151.500000 -879.805054 ) (336 2345.024414 -879.805054 ) (336 2345.024414 -1135.900146 ) (336 2151.500000 -1135.900146 ) 
3 28 31 (702.836060 2177.840088 -1135.900146 ) (760.631714 2151.500000 -1135.900146 ) (690.832092 2151.500000 -1135.900146 ) 
4 28 30 (690.832031 2151.500000 -1135.900146 ) (760.630920 2151.500000 -1135.900146 ) (760.630920 2151.500000 -879.805054 ) (690.832031 2151.500000 -879.805054 ) 
4 29 50 (489.809998 2048 -879.805054 ) (336 2048 -879.805054 ) (336 2048 -1135.900146 ) (489.809998 2048 -1135.900146 ) 
4 29 32 (489.809998 2048 -1135.900146 ) (336 2048 -1135.900146 ) (336 2151.500000 -1135.900146 ) (536.977661 2151.500000 -1135.900146 ) 
4 29 34 (336 2048 -1135.900146 ) (336 2048 -879.805054 ) (336 2151.500000 -879.805054 ) (336 2151.500000 -1135.900146 ) 
4 30 43 (987.731689 2048 -879.805054 ) (643.664185 2048 -879.805054 ) (643.664185 2048 -1135.900146 ) (987.731689 2048 -1135.900146 ) 
4 30 32 (987.731689 2048 -1135.900146 ) (643.664185 2048 -1135.900146 ) (690.832092 2151.500000 -1135.900146 ) (760.631714 2151.500000 -1135.900146 ) 
4 31 34 (336 2151.500000 -1135.900146 ) (336 3072 -1135.900146 ) (336 3072 -1199.800049 ) (336 2151.500000 -1199.800049 ) 
4 31 33 (336 2151.500000 -1199.800049 ) (336 3072 -1199.800049 ) (1024 3072 -1199.800049 ) (1024 2151.500000 -1199.800049 ) 
4 31 32 (336 2151.500000 -1199.800049 ) (1024 2151.500000 -1199.800049 ) (1024 2151.500000 -1135.900146 ) (336 2151.500000 -1135.900146 ) 
4 32 52 (643.664185 2048 -1135.900146 ) (336 2048 -1135.900146 ) (336 2048 -1199.800049 ) (643.664185 2048 -1199.800049 ) 
4 32 43 (1024 2048 -1199.800049 ) (1024 2048 -1135.900146 ) (643.664185 2048 -1135.900146 ) (643.664185 2048 -1199.800049 ) 
4 32 34 (336 2048 -1199.800049 ) (336 2048 -1135.900146 ) (336 2151.500000 -1135.900146 ) (336 2151.500000 -1199.800049 ) 
4 32 33 (336 2048 -1199.800049 ) (336 2151.500000 -1199.800049 ) (1024 2151.500000 -1199.800049 ) (1024 2048 -1199.800049 ) 
4 33 54 (1024 2048 -1684.849976 ) (1024 2048 -1199.800049 ) (336 2048 -1199.800049 ) (336 2048 -1684.849976 ) 
4 33 34 (336 3072 -1684.849976 ) (336 2048 -1684.849976 ) (336 2048 -1199.800049 ) (336 3072 -1199.800049 ) 
4 34 53 (0 2048 -1135.900146 ) (0 2048 -1199.800049 ) (336 2048 -1199.800049 ) (336 2048 -1135.900146 ) 
4 34 51 (336 2048 -879.805054 ) (0 2048 -879.805054 ) (0 2048 -1135.900146 ) (336 2048 -1135.900146 ) 
4 34 54 (0 2048 -1199.800049 ) (0 2048 -1684.849976 ) (336 2048 -1684.849976 ) (336 2048 -1199.800049 ) 
4 34 35 (0 2048 -1684.849976 ) (0 2048 -879.805054 ) (0 3072 -879.805054 ) (0 3072 -1684.849976 ) 
4 35 65 (0 2048 -1684.849976 ) (0 2048 2370.850098 ) (-1024 2048 2370.850098 ) (-1024 2048 -1684.849976 ) 
4 35 36 (-1024 3072 2370.850098 ) (-1024 3072 -1684.849976 ) (-1024 2048 -1684.849976 ) (-1024 2048 2370.850098 ) 
4 36 118 (-2048 2048 -1684.849976 ) (-2048 2048 2370.850098 ) (-2048 3072 2370.850098 ) (-2048 3072 -1684.849976 ) 
4 36 66 (-2048 2048 2370.850098 ) (-2048 2048 -1684.849976 ) (-1024 2048 -1684.849976 ) (-1024 2048 2370.850098 ) 
3 37 44 (336 1142 -879.805054 ) (230.774506 1142 -879.805054 ) (336 1372.895264 -879.805054 ) 
5 37 43 (643.664185 2048 -879.805054 ) (1024 2048 -879.805054 ) (1024 1142 -879.805054 ) (336 1142 -879.805054 ) (336 1372.895264 -879.805054 ) 
4 37 41 (230.774628 1142 1181.099976 ) (230.774658 1142 2370.850098 ) (643.664368 2048 2370.850098 ) (643.664246 2048 1181.099976 ) 
4 37 39 (726.684326 1142 -879.805054 ) (1024 1142 -879.805054 ) (1024 1142 80.195396 ) (703 1142 80.195396 ) 
4 37 38 (230.773438 1142 2370.850098 ) (230.773438 1142 80.195396 ) (1024 1142 80.195396 ) (1024 1142 2370.850098 ) 
4 38 41 (209.355408 1095 1181.099976 ) (209.355438 1095 2370.850098 ) (230.774658 1142 2370.850098 ) (230.774628 1142 1181.099976 ) 
4 38 39 (1024 1095 80.195396 ) (673 1095 80.195396 ) (703 1142 80.195396 ) (1024 1142 80.195396 ) 
4 38 40 (209.353592 1095 2370.850098 ) (209.353531 1095 80.195396 ) (1024 1095 80.195396 ) (1024 1095 2370.850098 ) 
4 39 45 (1024 1142 -879.805054 ) (1024 1095 -879.805054 ) (696.684326 1095 -879.805054 ) (726.684204 1142 -879.805054 ) 
4 39 40 (696.684326 1095 -879.805054 ) (1024 1095 -879.805054 ) (1024 1095 80.195396 ) (673 1095 80.195396 ) 
4 40 58 (1024 1024 -879.805054 ) (1024 1024 1181.099976 ) (176.998596 1024 1181.099976 ) (176.998581 1024 -879.805054 ) 
4 40 55 (1024 1024 1181.099976 ) (1024 1024 2370.850098 ) (176.998596 1024 2370.850098 ) (176.998596 1024 1181.099976 ) 
4 40 49 (336 1024 -879.805054 ) (176.998596 1024 -879.805054 ) (209.355286 1095 -879.805054 ) (336 1095 -879.805054 ) 
4 40 48 (1024 1095 -879.805054 ) (1024 1024 -879.805054 ) (336 1024 -879.805054 ) (336 1095 -879.805054 ) 
4 40 41 (176.998718 1024 1181.099976 ) (176.998749 1024 2370.850098 ) (209.355438 1095 2370.850098 ) (209.355408 1095 1181.099976 ) 
4 41 65 (0 2048 2370.850098 ) (0 2048 1181.099976 ) (0 1024 1181.099976 ) (0 1024 2370.850098 ) 
4 41 55 (176.998596 1024 2370.850098 ) (0 1024 2370.850098 ) (0 1024 1181.099976 ) (176.998596 1024 1181.099976 ) 
4 41 42 (0 2048 1181.099976 ) (489.809937 2048 1181.099976 ) (23.145691 1024 1181.099976 ) (0 1024 1181.099976 ) 
4 42 65 (0 2048 1181.099976 ) (0 2048 -879.805054 ) (0 1024 -879.805054 ) (0 1024 1181.099976 ) 
4 42 57 (0 1024 1181.099976 ) (0 1024 -879.805054 ) (23.145687 1024 -879.805054 ) (23.145691 1024 1181.099976 ) 
5 42 51 (0 1024 -879.805054 ) (0 2048 -879.805054 ) (336 2048 -879.805054 ) (336 1710.495239 -879.805054 ) (23.145691 1024 -879.805054 ) 
3 42 50 (336 2048 -879.805054 ) (489.809967 2048 -879.805054 ) (336 1710.495239 -879.805054 ) 
4 43 52 (643.666016 2048 -1199.800049 ) (336 1372.891846 -1199.800049 ) (336 1372.892822 -1135.900146 ) (643.665527 2048 -1135.900146 ) 
4 43 45 (1024 1142 -1135.800049 ) (1024 1142 -879.805054 ) (726.684326 1142 -879.805054 ) (733 1142 -1135.800049 ) 
4 43 46 (336 1142 -1199.800049 ) (1024 1142 -1199.800049 ) (1024 1142 -1135.800049 ) (336 1142 -1135.800049 ) 
5 43 54 (643.664185 2048 -1199.800049 ) (1024 2048 -1199.800049 ) (1024 1142 -1199.800049 ) (336 1142 -1199.800049 ) (336 1372.895264 -1199.800049 ) 
4 43 44 (336 1372.896973 -879.805054 ) (336 1372.896973 -1199.800049 ) (336 1142 -1199.800049 ) (336 1142 -879.805054 ) 
4 44 53 (336 1372.891846 -1199.800049 ) (230.775970 1142 -1199.800049 ) (230.775574 1142 -1135.900146 ) (336 1372.892822 -1135.900146 ) 
4 44 47 (230.773438 1142 -1135.800049 ) (230.773438 1142 -1199.800049 ) (336 1142 -1199.800049 ) (336 1142 -1135.800049 ) 
3 44 54 (336 1142 -1199.800049 ) (230.774506 1142 -1199.800049 ) (336 1372.895264 -1199.800049 ) 
4 45 48 (1024 1095 -1135.800049 ) (1024 1095 -879.805054 ) (696.684326 1095 -879.805054 ) (703 1095 -1135.800049 ) 
4 45 46 (1024 1095 -1135.800049 ) (703 1095 -1135.800049 ) (733 1142 -1135.800049 ) (1024 1142 -1135.800049 ) 
4 46 48 (336 1095 -1199.800049 ) (1024 1095 -1199.800049 ) (1024 1095 -1135.800049 ) (336 1095 -1135.800049 ) 
4 46 47 (336 1142 -1135.800049 ) (336 1142 -1199.800049 ) (336 1095 -1199.800049 ) (336 1095 -1135.800049 ) 
4 46 54 (1024 1142 -1199.800049 ) (1024 1095 -1199.800049 ) (336 1095 -1199.800049 ) (336 1142 -1199.800049 ) 
4 47 53 (230.775970 1142 -1199.800049 ) (209.356720 1095 -1199.800049 ) (209.356323 1095 -1135.800049 ) (230.775574 1142 -1135.800049 ) 
4 47 49 (209.353485 1095 -1135.800049 ) (209.353485 1095 -1199.800049 ) (336 1095 -1199.800049 ) (336 1095 -1135.800049 ) 
4 47 54 (336 1095 -1199.800049 ) (209.355286 1095 -1199.800049 ) (230.774506 1142 -1199.800049 ) (336 1142 -1199.800049 ) 
4 48 59 (1024 1024 -1199.800049 ) (1024 1024 -879.805054 ) (336 1024 -879.805054 ) (336 1024 -1199.800049 ) 
4 48 54 (1024 1095 -1199.800049 ) (1024 1024 -1199.800049 ) (336 1024 -1199.800049 ) (336 1095 -1199.800049 ) 
4 48 49 (336 1095 -879.805054 ) (336 1095 -1199.800049 ) (336 1024 -1199.800049 ) (336 1024 -879.805054 ) 
4 49 63 (336 1024 -879.805054 ) (176.998596 1024 -879.805054 ) (176.998581 1024 -1135.900146 ) (336 1024 -1135.900146 ) 
4 49 64 (176.998581 1024 -1135.900146 ) (176.998581 1024 -1199.800049 ) (336 1024 -1199.800049 ) (336 1024 -1135.900146 ) 
4 49 53 (209.356720 1095 -1199.800049 ) (177 1024 -1199.800049 ) (177 1024 -1135.900146 ) (209.356323 1095 -1135.900146 ) 
4 49 54 (336 1024 -1199.800049 ) (176.998596 1024 -1199.800049 ) (209.355286 1095 -1199.800049 ) (336 1095 -1199.800049 ) 
3 50 52 (336 1710.495239 -1135.900146 ) (336 2048 -1135.900146 ) (489.809998 2048 -1135.900146 ) 
4 50 51 (336 2048 -1135.900146 ) (336 1710.495239 -1135.900146 ) (336 1710.495117 -879.805054 ) (336 2048 -879.805054 ) 
4 51 65 (0 2048 -879.805054 ) (0 2048 -1135.900146 ) (0 1024 -1135.900146 ) (0 1024 -879.805054 ) 
4 51 62 (23.145691 1024 -879.805054 ) (0 1024 -879.805054 ) (0 1024 -1135.900146 ) (23.145687 1024 -1135.900146 ) 
5 51 53 (23.145691 1024 -1135.900146 ) (0 1024 -1135.900146 ) (0 2048 -1135.900146 ) (336 2048 -1135.900146 ) (336 1710.495239 -1135.900146 ) 
3 52 54 (336 2048 -1199.800049 ) (643.664185 2048 -1199.800049 ) (336 1372.895264 -1199.800049 ) 
4 52 53 (336 2048 -1199.800049 ) (336 1372.898438 -1199.800049 ) (336 1372.898438 -1135.900146 ) (336 2048 -1135.900146 ) 
4 53 65 (0 2048 -1135.900146 ) (0 2048 -1199.800049 ) (0 1024 -1199.800049 ) (0 1024 -1135.900146 ) 
4 53 64 (0 1024 -1135.900146 ) (0 1024 -1199.800049 ) (176.998581 1024 -1199.800049 ) (176.998581 1024 -1135.900146 ) 
5 53 54 (0 1024 -1199.800049 ) (0 2048 -1199.800049 ) (336 2048 -1199.800049 ) (336 1372.895264 -1199.800049 ) (176.998596 1024 -1199.800049 ) 
4 54 65 (0 2048 -1199.800049 ) (0 2048 -1684.849976 ) (0 1024 -1684.849976 ) (0 1024 -1199.800049 ) 
4 54 64 (336 1024 -1199.800049 ) (0 1024 -1199.800049 ) (0 1024 -1684.849976 ) (336 1024 -1684.849976 ) 
4 54 60 (1024 1024 -1684.849976 ) (1024 1024 -1199.800049 ) (336 1024 -1199.800049 ) (336 1024 -1684.849976 ) 
4 55 84 (1024 0 1181.099976 ) (1024 0 2370.850098 ) (371 0 2370.850098 ) (371 0 1181.099976 ) 
4 55 88 (371 0 2370.850098 ) (0 0 2370.850098 ) (0 0 1181.099976 ) (371 0 1181.099976 ) 
4 55 67 (0 0 1181.099976 ) (0 0 2370.850098 ) (0 1024 2370.850098 ) (0 1024 1181.099976 ) 
4 55 58 (176.998566 1024 1181.099976 ) (1024 1024 1181.099976 ) (1024 514.934143 1181.099976 ) (130.559021 922.098022 1181.099976 ) 
4 55 57 (0 981.597168 1181.099976 ) (0 1024 1181.099976 ) (23.145689 1024 1181.099976 ) (3.164429 980.155029 1181.099976 ) 
4 55 56 (0 0 1181.099976 ) (0 981.597168 1181.099976 ) (1024 514.934143 1181.099976 ) (1024 0 1181.099976 ) 
4 56 84 (1024 0 -879.805054 ) (1024 0 1181.099976 ) (371 0 1181.099976 ) (371 0 -879.805054 ) 
4 56 88 (371 0 1181.099976 ) (0 0 1181.099976 ) (0 0 -879.805054 ) (371 0 -879.805054 ) 
4 56 67 (0 0 -879.805054 ) (0 0 1181.099976 ) (0 981.597168 1181.099976 ) (0 981.597168 -879.805054 ) 
4 56 61 (0 0 -879.805054 ) (0 981.597168 -879.805054 ) (336 828.473389 -879.805054 ) (336 0 -879.805054 ) 
4 56 59 (336 828.473389 -879.805054 ) (1024 514.934143 -879.805054 ) (1024 0 -879.805054 ) (336 0 -879.805054 ) 
4 56 58 (1024 514.936157 -879.805054 ) (130.559753 922.099731 -879.805054 ) (130.559219 922.098572 1181.099976 ) (1024 514.935547 1181.099976 ) 
4 56 57 (3.165222 980.156738 -879.805054 ) (0 981.599243 -879.805054 ) (0 981.597656 1181.099976 ) (3.164567 980.155457 1181.099976 ) 
4 57 67 (0 981.597168 1181.099976 ) (0 1024 1181.099976 ) (0 1024 -879.805054 ) (0 981.597168 -879.805054 ) 
4 57 62 (0 981.597168 -879.805054 ) (0 1024 -879.805054 ) (23.145689 1024 -879.805054 ) (3.164429 980.155029 -879.805054 ) 
4 58 63 (176.998566 1024 -879.805054 ) (336 1024 -879.805054 ) (336 828.473328 -879.805054 ) (130.559021 922.098022 -879.805054 ) 
4 58 59 (336 1024 -879.805054 ) (1024 1024 -879.805054 ) (1024 514.934143 -879.805054 ) (336 828.473328 -879.805054 ) 
4 59 89 (1024 0 -1199.800049 ) (1024 0 -879.805054 ) (336 0 -879.805054 ) (336 0 -1199.800049 ) 
4 59 63 (336 828.473328 -879.805054 ) (336 1024 -879.805054 ) (336 1024 -1135.900146 ) (336 828.473328 -1135.900146 ) 
4 59 61 (336 0 -1135.900146 ) (336 0 -879.805054 ) (336 828.473328 -879.805054 ) (336 828.473328 -1135.900146 ) 
4 59 64 (336 0 -1199.800049 ) (336 0 -1135.900146 ) (336 1024 -1135.900146 ) (336 1024 -1199.800049 ) 
4 59 60 (1024 0 -1199.800049 ) (336 0 -1199.800049 ) (336 1024 -1199.800049 ) (1024 1024 -1199.800049 ) 
4 60 90 (1024 0 -1684.849976 ) (1024 0 -1199.800049 ) (336 0 -1199.800049 ) (336 0 -1684.849976 ) 
4 60 64 (336 1024 -1684.849976 ) (336 0 -1684.849976 ) (336 0 -1199.800049 ) (336 1024 -1199.800049 ) 
4 61 91 (336 0 -879.805054 ) (0 0 -879.805054 ) (0 0 -1135.900146 ) (336 0 -1135.900146 ) 
4 61 67 (0 0 -1135.900146 ) (0 0 -879.805054 ) (0 981.597168 -879.805054 ) (0 981.597168 -1135.900146 ) 
4 61 63 (336 828.472656 -879.805054 ) (336 828.472656 -1135.900146 ) (130.558731 922.097473 -1135.900146 ) (130.559006 922.098083 -879.805054 ) 
4 61 62 (3.164093 980.154480 -1135.900146 ) (0 981.596436 -1135.900146 ) (0 981.597595 -879.805054 ) (3.164534 980.155396 -879.805054 ) 
4 61 64 (336 828.473328 -1135.900146 ) (336 0 -1135.900146 ) (0 0 -1135.900146 ) (0 981.597168 -1135.900146 ) 
4 62 67 (0 981.597168 -879.805054 ) (0 1024 -879.805054 ) (0 1024 -1135.900146 ) (0 981.597168 -1135.900146 ) 
4 62 64 (3.164368 980.155090 -1135.900146 ) (0 981.597168 -1135.900146 ) (0 1024 -1135.900146 ) (23.145691 1024 -1135.900146 ) 
4 63 64 (336 1024 -1135.900146 ) (336 828.473328 -1135.900146 ) (130.559006 922.098083 -1135.900146 ) (176.998581 1024 -1135.900146 ) 
4 64 91 (0 0 -1135.900146 ) (0 0 -1684.849976 ) (336 0 -1684.849976 ) (336 0 -1135.900146 ) 
4 64 67 (0 0 -1684.849976 ) (0 0 -1135.900146 ) (0 1024 -1135.900146 ) (0 1024 -1684.849976 ) 
4 65 67 (0 1024 -1684.849976 ) (0 1024 2370.850098 ) (-1024 1024 2370.850098 ) (-1024 1024 -1684.849976 ) 
4 65 66 (-1024 2048 2370.850098 ) (-1024 2048 -1684.849976 ) (-1024 1024 -1684.849976 ) (-1024 1024 2370.850098 ) 
4 66 124 (-2048 1024 -1684.849976 ) (-2048 1024 270 ) (-2048 2048 270 ) (-2048 2048 -1684.849976 ) 
4 66 121 (-2048 1024 270 ) (-2048 1024 2370.850098 ) (-2048 2048 2370.850098 ) (-2048 2048 270 ) 
4 66 68 (-2048 1024 2370.850098 ) (-2048 1024 -1684.849976 ) (-1024 1024 -1684.849976 ) (-1024 1024 2370.850098 ) 
4 67 105 (0 0 -1684.849976 ) (0 0 2370.850098 ) (-1024 0 2370.850098 ) (-1024 0 -1684.849976 ) 
4 67 68 (-1024 1024 2370.850098 ) (-1024 1024 -1684.849976 ) (-1024 0 -1684.849976 ) (-1024 0 2370.850098 ) 
4 68 138 (-2048 0 140.195007 ) (-2048 0 424.195007 ) (-2048 511.500122 424.195007 ) (-2048 511.500122 140.195007 ) 
4 68 137 (-2048 0 424.195007 ) (-2048 0 1586 ) (-2048 511.500153 1586 ) (-2048 511.500122 424.195007 ) 
5 68 132 (-2048 1024 483 ) (-2048 1024 270 ) (-2048 867.158447 270 ) (-2048 511.500122 481.231873 ) (-2048 511.500122 483 ) 
4 68 131 (-2048 511.500153 1586 ) (-2048 1024 1586 ) (-2048 1024 483 ) (-2048 511.500122 483 ) 
3 68 129 (-2048 867.158447 270 ) (-2048 511.500122 270 ) (-2048 511.500122 481.231873 ) 
4 68 136 (-2048 1024 270 ) (-2048 1024 140.195007 ) (-2048 511.500122 140.195007 ) (-2048 511.500122 270 ) 
4 68 141 (-2048 0 -1684.849976 ) (-2048 0 140.195007 ) (-2048 1024 140.195007 ) (-2048 1024 -1684.849976 ) 
4 68 125 (-2048 0 1586 ) (-2048 0 2370.850098 ) (-2048 1024 2370.850098 ) (-2048 1024 1586 ) 
4 68 106 (-1024 0 -1684.849976 ) (-1024 0 2370.850098 ) (-2048 0 2370.850098 ) (-2048 0 -1684.849976 ) 
4 69 74 (2645.739990 -1024 2370.850098 ) (2048 -1024 2370.850098 ) (2048 -1024 -1684.849976 ) (2645.739990 -1024 -1684.849976 ) 
4 69 71 (2048 0 -879.805054 ) (2048 0 -1684.849976 ) (2048 -1024 -1684.849976 ) (2048 -1024 -879.805054 ) 
4 69 70 (2048 0 2370.850098 ) (2048 0 -879.805054 ) (2048 -1024 -879.805054 ) (2048 -1024 2370.850098 ) 
4 70 87 (1024 -1024 759.033203 ) (1024 -1024 1181.050049 ) (1024 -944 1181.050049 ) (1024 -944 825.175964 ) 
4 70 86 (1024 -944 -879.805054 ) (1024 -1024 -879.805054 ) (1024 -1024 759.033203 ) (1024 -944 825.175964 ) 
4 70 85 (1024 -1024 1181.050049 ) (1024 -1024 2370.850098 ) (1024 -944 2370.850098 ) (1024 -944 1181.050049 ) 
4 70 84 (1024 0 2370.850098 ) (1024 0 -879.805054 ) (1024 -944 -879.805054 ) (1024 -944 2370.850098 ) 
4 70 75 (2048 -1024 -879.805054 ) (2048 -1024 2370.850098 ) (1024 -1024 2370.850098 ) (1024 -1024 -879.805054 ) 
4 70 72 (1024 0 -879.805054 ) (1136 0 -879.805054 ) (1136 -1024 -879.805054 ) (1024 -1024 -879.805054 ) 
4 70 71 (1136 0 -879.805054 ) (2048 0 -879.805054 ) (2048 -1024 -879.805054 ) (1136 -1024 -879.805054 ) 
4 71 76 (2048 -1024 -1684.849976 ) (2048 -1024 -879.805054 ) (1136 -1024 -879.805054 ) (1136 -1024 -1684.849976 ) 
4 71 73 (1136 0 -1684.849976 ) (1136 -1024 -1684.849976 ) (1136 -1024 -1199.800049 ) (1136 0 -1199.800049 ) 
4 71 72 (1136 -1024 -1199.800049 ) (1136 -1024 -879.805054 ) (1136 0 -879.805054 ) (1136 0 -1199.800049 ) 
4 72 89 (1024 0 -879.805054 ) (1024 0 -1199.800049 ) (1024 -1024 -1199.800049 ) (1024 -1024 -879.805054 ) 
4 72 77 (1136 -1024 -879.805054 ) (1024 -1024 -879.805054 ) (1024 -1024 -1199.800049 ) (1136 -1024 -1199.800049 ) 
4 72 73 (1024 -1024 -1199.800049 ) (1024 0 -1199.800049 ) (1136 0 -1199.800049 ) (1136 -1024 -1199.800049 ) 
4 73 90 (1024 0 -1199.800049 ) (1024 0 -1684.849976 ) (1024 -1024 -1684.849976 ) (1024 -1024 -1199.800049 ) 
4 73 78 (1024 -1024 -1199.800049 ) (1024 -1024 -1684.849976 ) (1136 -1024 -1684.849976 ) (1136 -1024 -1199.800049 ) 
4 74 80 (2645.739990 -2048 2370.850098 ) (2048 -2048 2370.850098 ) (2048 -2048 -1684.849976 ) (2645.739990 -2048 -1684.849976 ) 
4 74 76 (2048 -1024 -879.805054 ) (2048 -1024 -1684.849976 ) (2048 -2048 -1684.849976 ) (2048 -2048 -879.805054 ) 
4 74 75 (2048 -1024 2370.850098 ) (2048 -1024 -879.805054 ) (2048 -2048 -879.805054 ) (2048 -2048 2370.850098 ) 
5 75 97 (1024 -1381.937134 463.097992 ) (1024 -2001 463.097992 ) (1024 -2001 1181.099976 ) (1024 -1140 1181.099976 ) (1024 -1140 663.126892 ) 
3 75 96 (1024 -1140 463.097992 ) (1024 -1381.937134 463.097992 ) (1024 -1140 663.126892 ) 
4 75 95 (1024 -1024 1181.099976 ) (1024 -1024 759.033447 ) (1024 -1140 663.126892 ) (1024 -1140 1181.099976 ) 
4 75 93 (1024 -1024 759.033447 ) (1024 -1024 463.097992 ) (1024 -1140 463.097992 ) (1024 -1140 663.126892 ) 
4 75 92 (1024 -2001 2370.850098 ) (1024 -1024 2370.850098 ) (1024 -1024 1181.099976 ) (1024 -2001 1181.099976 ) 
4 75 98 (1024 -1024 463.097992 ) (1024 -1024 -879.805054 ) (1024 -2001 -879.805054 ) (1024 -2001 463.097992 ) 
4 75 99 (1024 -2048 -879.805054 ) (1024 -2048 2370.850098 ) (1024 -2001 2370.850098 ) (1024 -2001 -879.805054 ) 
4 75 81 (2048 -2048 -879.805054 ) (2048 -2048 2370.850098 ) (1024 -2048 2370.850098 ) (1024 -2048 -879.805054 ) 
4 75 77 (1024 -1112.500000 -879.805054 ) (1024 -1024 -879.805054 ) (1136 -1024 -879.805054 ) (1136 -1112.500000 -879.805054 ) 
4 75 79 (1136 -2048 -879.805054 ) (1024 -2048 -879.805054 ) (1024 -1112.500000 -879.805054 ) (1136 -1112.500000 -879.805054 ) 
4 75 76 (2048 -1024 -879.805054 ) (2048 -2048 -879.805054 ) (1136 -2048 -879.805054 ) (1136 -1024 -879.805054 ) 
4 76 81 (2048 -2048 -1684.849976 ) (2048 -2048 -879.805054 ) (1136 -2048 -879.805054 ) (1136 -2048 -1684.849976 ) 
4 76 78 (1136 -1024 -1684.849976 ) (1136 -1112.500000 -1684.849976 ) (1136 -1112.500000 -1199.800049 ) (1136 -1024 -1199.800049 ) 
4 76 77 (1136 -1112.500000 -1199.800049 ) (1136 -1112.500000 -879.805054 ) (1136 -1024 -879.805054 ) (1136 -1024 -1199.800049 ) 
4 76 79 (1136 -1112.500000 -1684.849976 ) (1136 -2048 -1684.849976 ) (1136 -2048 -879.805054 ) (1136 -1112.500000 -879.805054 ) 
4 77 101 (1024 -1112.500000 -879.805054 ) (1024 -1024 -879.805054 ) (1024 -1024 -1199.800049 ) (1024 -1112.500000 -1199.800049 ) 
4 77 79 (1136 -1112.500000 -1199.800049 ) (1136 -1112.500000 -879.805054 ) (1024 -1112.500000 -879.805054 ) (1024 -1112.500000 -1199.800049 ) 
4 77 78 (1136 -1112.500000 -1199.800049 ) (1024 -1112.500000 -1199.800049 ) (1024 -1024 -1199.800049 ) (1136 -1024 -1199.800049 ) 
4 78 102 (1024 -1024 -1199.800049 ) (1024 -1024 -1684.849976 ) (1024 -1112.500000 -1684.849976 ) (1024 -1112.500000 -1199.800049 ) 
4 78 79 (1024 -1112.500000 -1684.849976 ) (1136 -1112.500000 -1684.849976 ) (1136 -1112.500000 -1199.800049 ) (1024 -1112.500000 -1199.800049 ) 
4 79 103 (1024 -2048 -1684.849976 ) (1024 -2048 -879.805054 ) (1024 -1112.500000 -879.805054 ) (1024 -1112.500000 -1684.849976 ) 
4 79 81 (1136 -2048 -879.805054 ) (1024 -2048 -879.805054 ) (1024 -2048 -1684.849976 ) (1136 -2048 -1684.849976 ) 
4 80 82 (2645.739990 -3072 2370.850098 ) (2048 -3072 2370.850098 ) (2048 -3072 -1684.849976 ) (2645.739990 -3072 -1684.849976 ) 
4 80 81 (2048 -2048 2370.850098 ) (2048 -2048 -1684.849976 ) (2048 -3072 -1684.849976 ) (2048 -3072 2370.850098 ) 
4 81 109 (1024 -3072 -1684.849976 ) (1024 -3072 2370.850098 ) (1024 -2048 2370.850098 ) (1024 -2048 -1684.849976 ) 
4 81 83 (1024 -3072 2370.850098 ) (1024 -3072 -1684.849976 ) (2048 -3072 -1684.849976 ) (2048 -3072 2370.850098 ) 
4 82 83 (2048 -3072 2370.850098 ) (2048 -3072 -1684.849976 ) (2048 -3868.959961 -1684.849976 ) (2048 -3868.959961 2370.850098 ) 
4 83 112 (1024 -3868.959961 2370.850098 ) (1024 -3072 2370.850098 ) (1024 -3072 -1684.849976 ) (1024 -3868.959961 -1684.849976 ) 
4 84 89 (371 0 -879.805054 ) (1024 0 -879.805054 ) (1024 -944 -879.805054 ) (371 -944 -879.805054 ) 
4 84 87 (483 -944 761.277649 ) (1024 -944 825.175781 ) (1024 -944 1181.050049 ) (483 -944 1181.050049 ) 
4 84 86 (371 -944 748.049194 ) (371 -944 -879.805054 ) (1024 -944 -879.805054 ) (1024 -944 825.175781 ) 
4 84 85 (371 -944 2370.850098 ) (371 -944 1181.050049 ) (1024 -944 1181.050049 ) (1024 -944 2370.850098 ) 
4 84 88 (371 0 -879.805054 ) (371 -944 -879.805054 ) (371 -944 2370.850098 ) (371 0 2370.850098 ) 
4 85 92 (1024 -1024 1181.050049 ) (1024 -1024 2370.850098 ) (371 -1024 2370.850098 ) (371 -1024 1181.050049 ) 
4 85 87 (483 -944 1181.050049 ) (1024 -944 1181.050049 ) (1024 -1024 1181.050049 ) (461.039185 -1024 1181.050049 ) 
4 85 88 (371 -1024 1181.050049 ) (371 -1024 2370.850098 ) (371 -944 2370.850098 ) (371 -944 1181.050049 ) 
4 86 93 (1024 -1024 463.097992 ) (1024 -1024 759.033203 ) (371 -1024 681.906677 ) (371 -1024 463.097992 ) 
4 86 98 (1024 -1024 -879.805054 ) (1024 -1024 463.097992 ) (371 -1024 463.097992 ) (371 -1024 -879.805054 ) 
4 86 89 (1024 -944 -879.805054 ) (1024 -1024 -879.805054 ) (371 -1024 -879.805054 ) (371 -944 -879.805054 ) 
4 86 87 (1024 -944 825.174561 ) (483 -944 761.276245 ) (461.039185 -1024 692.539917 ) (1024 -1024 759.032104 ) 
4 86 88 (371 -944 -879.805054 ) (371 -1024 -879.805054 ) (371 -1024 681.906494 ) (371 -944 748.049194 ) 
4 87 95 (1024 -1024 759.033203 ) (1024 -1024 1181.050049 ) (461.039185 -1024 1181.050049 ) (461.039185 -1024 692.541321 ) 
4 88 105 (0 0 2370.850098 ) (0 0 -879.805054 ) (0 -1024 -879.805054 ) (0 -1024 2370.850098 ) 
4 88 100 (371 -1024 2370.850098 ) (0 -1024 2370.850098 ) (0 -1024 -879.805054 ) (371 -1024 -879.805054 ) 
4 88 89 (336 0 -879.805054 ) (371 0 -879.805054 ) (371 -1024 -879.805054 ) (336 -1024 -879.805054 ) 
4 88 91 (0 -1024 -879.805054 ) (0 0 -879.805054 ) (336 0 -879.805054 ) (336 -1024 -879.805054 ) 
4 89 101 (1024 -1024 -1199.800049 ) (1024 -1024 -879.805054 ) (336 -1024 -879.805054 ) (336 -1024 -1199.800049 ) 
4 89 91 (336 -1024 -1199.800049 ) (336 -1024 -879.805054 ) (336 0 -879.805054 ) (336 0 -1199.800049 ) 
4 89 90 (1024 -1024 -1199.800049 ) (336 -1024 -1199.800049 ) (336 0 -1199.800049 ) (1024 0 -1199.800049 ) 
4 90 102 (1024 -1024 -1684.849976 ) (1024 -1024 -1199.800049 ) (336 -1024 -1199.800049 ) (336 -1024 -1684.849976 ) 
4 90 91 (336 0 -1684.849976 ) (336 -1024 -1684.849976 ) (336 -1024 -1199.800049 ) (336 0 -1199.800049 ) 
4 91 105 (0 0 -879.805054 ) (0 0 -1684.849976 ) (0 -1024 -1684.849976 ) (0 -1024 -879.805054 ) 
4 91 104 (336 -1024 -879.805054 ) (0 -1024 -879.805054 ) (0 -1024 -1684.849976 ) (336 -1024 -1684.849976 ) 
4 92 97 (1024 -2001 1181.099976 ) (550.650330 -2001 1181.099976 ) (483 -1140 1181.099976 ) (1024 -1140 1181.099976 ) 
5 92 95 (461.039185 -1024 1181.099976 ) (1024 -1024 1181.099976 ) (1024 -1140 1181.099976 ) (483.009705 -1140 1181.099976 ) (431.226746 -1132.602417 1181.099976 ) 
3 92 94 (371 -1140 1181.099976 ) (371 -1123.998657 1181.099976 ) (483.009705 -1140 1181.099976 ) 
4 92 100 (371 -2001 1181.099976 ) (371 -2001 2370.850098 ) (371 -1024 2370.850098 ) (371 -1024 1181.099976 ) 
4 92 99 (371 -2001 2370.850098 ) (371 -2001 1181.099976 ) (1024 -2001 1181.099976 ) (1024 -2001 2370.850098 ) 
4 93 96 (415.349731 -1140 463.097992 ) (1024 -1140 463.097992 ) (1024 -1140 663.126892 ) (427.558960 -1140 592.680298 ) 
4 93 95 (429.196075 -1140 592.873230 ) (1024 -1140 663.126465 ) (1024 -1024 759.033081 ) (461.039185 -1024 692.540894 ) 
4 93 98 (371 -1140 463.097992 ) (371 -1024 463.097992 ) (1024 -1024 463.097992 ) (1024 -1140 463.097992 ) 
4 93 100 (371 -1024 681.906616 ) (371 -1024 463.097992 ) (371 -1140 463.097992 ) (371 -1140 586 ) 
3 94 95 (483.008789 -1140 1181.099976 ) (429.196045 -1140 895.196045 ) (431.226685 -1132.602661 1181.099976 ) 
3 94 100 (371 -1140 1181.099976 ) (371 -1123.998657 1181.099976 ) (371 -1140 586 ) 
6 95 97 (1024 -1140 663.126892 ) (1024 -1140 1181.099976 ) (483.009705 -1140 1181.099976 ) (482.990326 -1140 1180.996948 ) (429.196075 -1140 610.055298 ) (429.196075 -1140 592.873657 ) 
5 96 97 (1024 -1140 663.126099 ) (429.196045 -1140 592.872864 ) (427.562958 -1145.949097 587.761353 ) (427.665466 -1296.745483 463.097992 ) (1024 -1381.936035 463.097992 ) 
4 96 98 (415.349731 -1140 463.097992 ) (1024 -1140 463.097992 ) (1024 -1381.937134 463.097992 ) (427.665527 -1296.746338 463.097992 ) 
4 97 98 (1024 -2001 463.097992 ) (483 -2001 463.097992 ) (427.665588 -1296.746338 463.097992 ) (1024 -1381.937134 463.097992 ) 
4 97 99 (483 -2001 463.097992 ) (1024 -2001 463.097992 ) (1024 -2001 1181.099976 ) (550.650330 -2001 1181.099976 ) 
4 98 101 (371 -1024 -879.805054 ) (1024 -1024 -879.805054 ) (1024 -1112.500000 -879.805054 ) (371 -1112.500000 -879.805054 ) 
4 98 103 (1024 -1112.500000 -879.805054 ) (1024 -2001 -879.805054 ) (371 -2001 -879.805054 ) (371 -1112.500000 -879.805054 ) 
4 98 99 (371 -2001 463.097992 ) (371 -2001 -879.805054 ) (1024 -2001 -879.805054 ) (1024 -2001 463.097992 ) 
4 98 100 (371 -1024 -879.805054 ) (371 -2001 -879.805054 ) (371 -2001 463.097992 ) (371 -1024 463.097992 ) 
4 99 109 (1024 -2048 -879.805054 ) (1024 -2048 2370.850098 ) (371 -2048 2370.850098 ) (371 -2048 -879.805054 ) 
4 99 103 (1024 -2001 -879.805054 ) (1024 -2048 -879.805054 ) (371 -2048 -879.805054 ) (371 -2001 -879.805054 ) 
4 99 100 (371 -2001 -879.805054 ) (371 -2048 -879.805054 ) (371 -2048 2370.850098 ) (371 -2001 2370.850098 ) 
4 100 109 (371 -2048 2370.850098 ) (0 -2048 2370.850098 ) (0 -2048 -879.805054 ) (371 -2048 -879.805054 ) 
4 100 107 (0 -2048 -879.805054 ) (0 -2048 2370.850098 ) (0 -1024 2370.850098 ) (0 -1024 -879.805054 ) 
4 100 101 (336 -1024 -879.805054 ) (371 -1024 -879.805054 ) (371 -1112.500000 -879.805054 ) (336 -1112.500000 -879.805054 ) 
4 100 103 (371 -1112.500000 -879.805054 ) (371 -2048 -879.805054 ) (336 -2048 -879.805054 ) (336 -1112.500000 -879.805054 ) 
4 100 104 (0 -2048 -879.805054 ) (0 -1024 -879.805054 ) (336 -1024 -879.805054 ) (336 -2048 -879.805054 ) 
4 101 103 (336 -1112.500000 -879.805054 ) (336 -1112.500000 -1199.800049 ) (1024 -1112.500000 -1199.800049 ) (1024 -1112.500000 -879.805054 ) 
4 101 104 (336 -1112.500000 -1199.800049 ) (336 -1112.500000 -879.805054 ) (336 -1024 -879.805054 ) (336 -1024 -1199.800049 ) 
4 101 102 (1024 -1112.500000 -1199.800049 ) (336 -1112.500000 -1199.800049 ) (336 -1024 -1199.800049 ) (1024 -1024 -1199.800049 ) 
4 102 103 (336 -1112.500000 -1199.800049 ) (336 -1112.500000 -1684.849976 ) (1024 -1112.500000 -1684.849976 ) (1024 -1112.500000 -1199.800049 ) 
4 102 104 (336 -1024 -1684.849976 ) (336 -1112.500000 -1684.849976 ) (336 -1112.500000 -1199.800049 ) (336 -1024 -1199.800049 ) 
4 103 109 (1024 -2048 -1684.849976 ) (1024 -2048 -879.805054 ) (336 -2048 -879.805054 ) (336 -2048 -1684.849976 ) 
4 103 104 (336 -1112.500000 -1684.849976 ) (336 -2048 -1684.849976 ) (336 -2048 -879.805054 ) (336 -1112.500000 -879.805054 ) 
4 104 109 (336 -2048 -879.805054 ) (0 -2048 -879.805054 ) (0 -2048 -1684.849976 ) (336 -2048 -1684.849976 ) 
4 104 107 (0 -2048 -1684.849976 ) (0 -2048 -879.805054 ) (0 -1024 -879.805054 ) (0 -1024 -1684.849976 ) 
4 105 107 (0 -1024 -1684.849976 ) (0 -1024 2370.850098 ) (-1024 -1024 2370.850098 ) (-1024 -1024 -1684.849976 ) 
4 105 106 (-1024 0 2370.850098 ) (-1024 0 -1684.849976 ) (-1024 -1024 -1684.849976 ) (-1024 -1024 2370.850098 ) 
4 106 188 (-2048 -1024 1393.192749 ) (-2048 -1024 1586 ) (-2048 0 1586 ) (-2048 0 785.020935 ) 
4 106 183 (-2048 -120.500000 68.195396 ) (-2048 -120.500000 -151.804993 ) (-2048 -400.500000 -151.804993 ) (-2048 -400.500000 68.195396 ) 
4 106 182 (-2048 -400.500000 1022.885010 ) (-2048 -120.500000 856.588013 ) (-2048 -120.500000 68.195396 ) (-2048 -400.500000 68.195396 ) 
4 106 185 (-2048 -120.500000 -151.804993 ) (-2048 -120.500000 -1684.849976 ) (-2048 -400.500000 -1684.849976 ) (-2048 -400.500000 -151.804993 ) 
4 106 186 (-2048 -1024 -1684.849976 ) (-2048 -1024 1393.192749 ) (-2048 -400.500000 1022.885010 ) (-2048 -400.500000 -1684.849976 ) 
4 106 177 (-2048 0 424.195007 ) (-2048 0 140.195007 ) (-2048 -120.500000 140.195007 ) (-2048 -120.500000 424.195007 ) 
4 106 175 (-2048 0 464.195007 ) (-2048 0 424.195007 ) (-2048 -120.500000 424.195007 ) (-2048 -120.500000 464.195007 ) 
4 106 179 (-2048 0 140.195007 ) (-2048 0 -175.804993 ) (-2048 -120.500000 -175.804993 ) (-2048 -120.500000 140.195007 ) 
4 106 171 (-2048 -120.500000 856.588013 ) (-2048 0 785.020935 ) (-2048 0 464.195007 ) (-2048 -120.500000 464.195007 ) 
4 106 180 (-2048 0 -175.804993 ) (-2048 0 -1684.849976 ) (-2048 -120.500000 -1684.849976 ) (-2048 -120.500000 -175.804993 ) 
4 106 169 (-2048 -1024 1586 ) (-2048 -1024 2370.850098 ) (-2048 0 2370.850098 ) (-2048 0 1586 ) 
4 106 108 (-1024 -1024 -1684.849976 ) (-1024 -1024 2370.850098 ) (-2048 -1024 2370.850098 ) (-2048 -1024 -1684.849976 ) 
4 107 110 (0 -2048 -1684.849976 ) (0 -2048 2370.850098 ) (-1024 -2048 2370.850098 ) (-1024 -2048 -1684.849976 ) 
4 107 108 (-1024 -1024 2370.850098 ) (-1024 -1024 -1684.849976 ) (-1024 -2048 -1684.849976 ) (-1024 -2048 2370.850098 ) 
4 108 195 (-2048 -2048 -1684.849976 ) (-2048 -2048 1586 ) (-2048 -1024 1586 ) (-2048 -1024 -1684.849976 ) 
4 108 193 (-2048 -2048 1586 ) (-2048 -2048 2370.850098 ) (-2048 -1024 2370.850098 ) (-2048 -1024 1586 ) 
4 108 111 (-1024 -2048 -1684.849976 ) (-1024 -2048 2370.850098 ) (-2048 -2048 2370.850098 ) (-2048 -2048 -1684.849976 ) 
4 109 112 (1024 -3072 -1684.849976 ) (1024 -3072 2370.850098 ) (0 -3072 2370.850098 ) (0 -3072 -1684.849976 ) 
4 109 110 (0 -3072 -1684.849976 ) (0 -3072 2370.850098 ) (0 -2048 2370.850098 ) (0 -2048 -1684.849976 ) 
4 110 113 (0 -3072 -1684.849976 ) (0 -3072 2370.850098 ) (-1024 -3072 2370.850098 ) (-1024 -3072 -1684.849976 ) 
4 110 111 (-1024 -2048 2370.850098 ) (-1024 -2048 -1684.849976 ) (-1024 -3072 -1684.849976 ) (-1024 -3072 2370.850098 ) 
4 111 217 (-2048 -3072 -1684.849976 ) (-2048 -3072 2370.850098 ) (-2048 -2687 2370.850098 ) (-2048 -2687 -1684.849976 ) 
4 111 216 (-2048 -2048 -46 ) (-2048 -2048 -1684.849976 ) (-2048 -2687 -1684.849976 ) (-2048 -2687 -46 ) 
4 111 212 (-2048 -2048 706 ) (-2048 -2048 -46 ) (-2048 -2687 -46 ) (-2048 -2687 706 ) 
4 111 209 (-2048 -2048 1586 ) (-2048 -2048 706 ) (-2048 -2687 706 ) (-2048 -2687 1586 ) 
4 111 207 (-2048 -2687 2370.850098 ) (-2048 -2048 2370.850098 ) (-2048 -2048 1586 ) (-2048 -2687 1586 ) 
4 111 114 (-2048 -3072 2370.850098 ) (-2048 -3072 -1684.849976 ) (-1024 -3072 -1684.849976 ) (-1024 -3072 2370.850098 ) 
4 112 113 (0 -3072 2370.850098 ) (0 -3072 -1684.849976 ) (0 -3868.959961 -1684.849976 ) (0 -3868.959961 2370.850098 ) 
4 113 114 (-1024 -3072 2370.850098 ) (-1024 -3072 -1684.849976 ) (-1024 -3868.959961 -1684.849976 ) (-1024 -3868.959961 2370.850098 ) 
4 114 232 (-2048 -3868.959961 2370.850098 ) (-2048 -3072 2370.850098 ) (-2048 -3072 -1684.849976 ) (-2048 -3868.959961 -1684.849976 ) 
4 115 118 (-2048 3072 -1684.849976 ) (-2048 3072 2370.850098 ) (-3072 3072 2370.850098 ) (-3072 3072 -1684.849976 ) 
4 115 116 (-3072 3072 -1684.849976 ) (-3072 3072 2370.850098 ) (-3072 3241.959961 2370.850098 ) (-3072 3241.959961 -1684.849976 ) 
4 116 119 (-3072 3072 -1684.849976 ) (-3072 3072 2370.850098 ) (-4096 3072 2370.850098 ) (-4096 3072 -1684.849976 ) 
4 116 117 (-4096 3072 -1684.849976 ) (-4096 3072 2370.850098 ) (-4096 3241.959961 2370.850098 ) (-4096 3241.959961 -1684.849976 ) 
4 117 156 (-5120 3072 -1684.849976 ) (-5120 3072 2370.850098 ) (-5120 3241.959961 2370.850098 ) (-5120 3241.959961 -1684.849976 ) 
4 117 120 (-4096 3072 -1684.849976 ) (-4096 3072 2370.850098 ) (-5120 3072 2370.850098 ) (-5120 3072 -1684.849976 ) 
4 118 124 (-2048 2048 -1684.849976 ) (-2048 2048 270 ) (-3072 2048 270 ) (-3072 2048 -1684.849976 ) 
4 118 123 (-3072 2048 1586 ) (-3072 2048 270 ) (-2808 2048 270 ) (-2808 2048 1586 ) 
4 118 122 (-2808 2048 2370.850098 ) (-3072 2048 2370.850098 ) (-3072 2048 1586 ) (-2808 2048 1586 ) 
4 118 121 (-2048 2048 270 ) (-2048 2048 2370.850098 ) (-2808 2048 2370.850098 ) (-2808 2048 270 ) 
4 118 119 (-3072 2048 -1684.849976 ) (-3072 2048 2370.850098 ) (-3072 3072 2370.850098 ) (-3072 3072 -1684.849976 ) 
4 119 142 (-3072 2048 -1684.849976 ) (-3072 2048 2370.850098 ) (-4096 2048 2370.850098 ) (-4096 2048 -1684.849976 ) 
4 119 120 (-4096 3072 2370.850098 ) (-4096 3072 -1684.849976 ) (-4096 2048 -1684.849976 ) (-4096 2048 2370.850098 ) 
4 120 157 (-5120 2048 -1684.849976 ) (-5120 2048 2370.850098 ) (-5120 3072 2370.850098 ) (-5120 3072 -1684.849976 ) 
4 120 143 (-5120 2048 2370.850098 ) (-5120 2048 -1684.849976 ) (-4096 2048 -1684.849976 ) (-4096 2048 2370.850098 ) 
4 121 132 (-2048 1024 270 ) (-2048 1024 483 ) (-2808 1024 483 ) (-2808 1024 270 ) 
4 121 131 (-2048 1024 483 ) (-2048 1024 1586 ) (-2808 1024 1586 ) (-2808 1024 483 ) 
4 121 126 (-2621 1024 2370.850098 ) (-2808 1024 2370.850098 ) (-2808 1024 1586 ) (-2621 1024 1586 ) 
4 121 125 (-2048 1024 1586 ) (-2048 1024 2370.850098 ) (-2621 1024 2370.850098 ) (-2621 1024 1586 ) 
4 121 124 (-2808 2048 270 ) (-2048 2048 270 ) (-2048 1024 270 ) (-2808 1024 270 ) 
4 121 123 (-2808 2048 270 ) (-2808 1068 270 ) (-2808 1068 1586 ) (-2808 2048 1586 ) 
4 121 122 (-2808 1024 1586 ) (-2808 1024 2370.850098 ) (-2808 2048 2370.850098 ) (-2808 2048 1586 ) 
4 122 142 (-3072 2048 2370.850098 ) (-3072 2048 1586 ) (-3072 1024 1586 ) (-3072 1024 2370.850098 ) 
4 122 126 (-2808 1024 2370.850098 ) (-3072 1024 2370.850098 ) (-3072 1024 1586 ) (-2808 1024 1586 ) 
5 122 123 (-3072 2048 1586 ) (-2808 2048 1586 ) (-2808 1068 1586 ) (-2838.007080 1024 1586 ) (-3072 1024 1586 ) 
4 123 142 (-3072 2048 1586 ) (-3072 2048 270 ) (-3072 1024 270 ) (-3072 1024 1586 ) 
4 123 135 (-2927.640137 1024 270 ) (-2838.007080 1024 270 ) (-2838.007080 1024 483 ) (-2927.640137 1024 483 ) 
4 123 134 (-2838.007080 1024 483 ) (-2838.007080 1024 1586 ) (-2927.640137 1024 1586 ) (-2927.640137 1024 483 ) 
4 123 128 (-3072 1024 1586 ) (-3072 1024 270 ) (-2927.640137 1024 270 ) (-2927.640137 1024 1586 ) 
5 123 124 (-3072 1024 270 ) (-3072 2048 270 ) (-2808 2048 270 ) (-2808 1068 270 ) (-2838.007080 1024 270 ) 
4 124 142 (-3072 2048 270 ) (-3072 2048 -1684.849976 ) (-3072 1024 -1684.849976 ) (-3072 1024 270 ) 
4 124 136 (-2048 1024 140.195007 ) (-2048 1024 270 ) (-3072 1024 270 ) (-3072 1024 140.195007 ) 
4 124 141 (-2048 1024 -1684.849976 ) (-2048 1024 140.195007 ) (-3072 1024 140.195007 ) (-3072 1024 -1684.849976 ) 
4 125 169 (-2048 0 1586 ) (-2048 0 2370.850098 ) (-2621 0 2370.850098 ) (-2621 0 1586 ) 
3 125 137 (-2048 0 1586 ) (-2559.500244 0 1586 ) (-2048 511.500122 1586 ) 
5 125 131 (-2559.500244 0 1586 ) (-2621 0 1586 ) (-2621 1024 1586 ) (-2048 1024 1586 ) (-2048 511.500122 1586 ) 
4 125 127 (-2621 0 1587 ) (-2621 0 2370.850098 ) (-2621 769 2370.850098 ) (-2621 769 1587 ) 
4 125 126 (-2621 1024 1586 ) (-2621 769 1586 ) (-2621 769 2370.850098 ) (-2621 1024 2370.850098 ) 
4 126 144 (-3072 769 2370.850098 ) (-3072 1024 2370.850098 ) (-3072 1024 1586 ) (-3072 769 1586 ) 
4 126 134 (-3004.031738 917.900879 1586 ) (-2927.640381 1024 1586 ) (-2838.007080 1024 1586 ) (-3001 785 1586 ) 
4 126 133 (-3072 769 1586 ) (-3072 823.500244 1586 ) (-3004.031738 917.900879 1586 ) (-3000.635254 769 1586 ) 
4 126 131 (-2808 1024 1586 ) (-2621 1024 1586 ) (-2621 769 1586 ) (-2808 769 1586 ) 
3 126 128 (-3072 823.500244 1586 ) (-3072 1024 1586 ) (-2927.640381 1024 1586 ) 
4 126 127 (-2621 769 1587 ) (-2621 769 2370.850098 ) (-3072 769 2370.850098 ) (-3072 769 1587 ) 
4 127 170 (-2621 0 2370.850098 ) (-3072 0 2370.850098 ) (-3072 0 1587 ) (-2621 0 1587 ) 
4 127 145 (-3072 0 1587 ) (-3072 0 2370.850098 ) (-3072 769 2370.850098 ) (-3072 769 1587 ) 
4 128 147 (-3072 1024 483 ) (-3072 1024 270 ) (-3072 823.500366 270 ) (-3072 823.500366 483 ) 
4 128 146 (-3072 823.500427 1586 ) (-3072 1024 1586 ) (-3072 1024 483 ) (-3072 823.500366 483 ) 
4 128 135 (-2974.800537 958.500244 270 ) (-2927.640625 1024 270 ) (-2927.640625 1024 483 ) (-2955.552979 985.232666 483 ) 
4 128 134 (-2927.640625 1024 483 ) (-2927.640137 1024 1586 ) (-3004.031738 917.900574 1586 ) (-3004.031738 917.901245 483 ) 
4 128 133 (-3004.031738 917.900574 1586 ) (-3072 823.500000 1586 ) (-3072 823.500610 483 ) (-3004.031738 917.901245 483 ) 
3 128 136 (-3072 1024 270 ) (-2927.640381 1024 270 ) (-3072 823.500427 270 ) 
5 129 172 (-2738 0 270 ) (-2559.500000 0 270 ) (-2559.500000 0 464.195007 ) (-2622.975098 0 464.195007 ) (-2738 0 400.013092 ) 
3 129 171 (-2559.500000 0 464.195007 ) (-2559.500000 0 499.612946 ) (-2622.975098 0 464.195007 ) 
4 129 181 (-2808 0 270 ) (-2738 0 270 ) (-2738 0 400.013092 ) (-2808 0 360.954346 ) 
4 129 140 (-2380 179.499939 424.195007 ) (-2559.500000 0 424.195007 ) (-2559.500000 0 270 ) (-2380 179.499954 270 ) 
4 129 138 (-2048 511.500000 270 ) (-2048 511.500000 424.195007 ) (-2380 179.499939 424.195007 ) (-2380 179.499954 270 ) 
4 129 137 (-2048 511.500000 424.195007 ) (-2048 511.500000 481.231995 ) (-2559.500000 0 499.612915 ) (-2559.500000 0 424.195007 ) 
5 129 132 (-2048 867.165039 270 ) (-2527.153076 417.003571 270 ) (-2337.007324 237.008835 483 ) (-2097.100098 462.400391 483 ) (-2048 511.500366 481.235565 ) 
3 129 131 (-2589.280029 0 483 ) (-2559.500244 0 499.616608 ) (-2097.100098 462.400391 483 ) 
5 129 136 (-2048 867.158447 270 ) (-2048 511.503906 270 ) (-2559.503906 0 270 ) (-2808 0 270 ) (-2808 153.143021 270 ) 
4 130 191 (-2983.093506 0 1586 ) (-3072 0 1586 ) (-3072 0 270 ) (-2983.093506 0 270 ) 
4 130 148 (-3072 0 270 ) (-3072 0 483 ) (-3072 170.532288 483 ) (-3072 183.520752 270 ) 
4 130 146 (-3072 0 483 ) (-3072 0 1586 ) (-3072 103.272736 1586 ) (-3072 170.532288 483 ) 
4 130 133 (-3072 170.528198 483 ) (-3072 103.269257 1586 ) (-2983.679688 25.691895 1586 ) (-2985.245361 94.325806 483 ) 
4 130 136 (-2983.093506 0 270 ) (-3072 0 270 ) (-3072 183.520798 270 ) (-2985.547852 107.584564 270 ) 
5 131 188 (-2559.500244 0 1586 ) (-2808 0 1586 ) (-2808 0 483 ) (-2589.273193 0 483 ) (-2559.500000 0 499.612946 ) 
5 131 137 (-2048 511.500000 483 ) (-2048 511.500000 1586 ) (-2559.500000 0 1586 ) (-2559.500000 0 499.612915 ) (-2097.199707 462.300354 483 ) 
6 131 132 (-2097.304688 462.191406 483 ) (-2337 237 483 ) (-2808 806.745056 483 ) (-2808 1024 483 ) (-2048 1024 483 ) (-2048 511.496094 483 ) 
3 132 137 (-2048 511.500000 481.231995 ) (-2048 511.500000 483 ) (-2097.199707 462.300354 483 ) 
5 132 136 (-2808 1024 270 ) (-2048 1024 270 ) (-2048 867.158447 270 ) (-2527.149902 417 270 ) (-2808 756.730164 270 ) 
4 133 146 (-3072 103.272736 1586 ) (-3072 823.500427 1586 ) (-3072 823.500366 483 ) (-3072 170.532288 483 ) 
4 133 134 (-3001 785 483 ) (-3004.031494 917.900940 483 ) (-3004.031494 917.900940 1586 ) (-3001 785 1586 ) 
4 134 135 (-2955.554199 985.233887 483 ) (-2927.642822 1024 483 ) (-2838.007080 1024 483 ) (-2905.629883 924.843079 483 ) 
4 135 136 (-2927.640381 1024 270 ) (-2838.007080 1024 270 ) (-2924.320313 897.437012 270 ) (-2974.800293 958.500061 270 ) 
4 136 192 (-3072 0 270 ) (-3072 0 140.195007 ) (-2808 0 140.195007 ) (-2808 0 270 ) 
4 136 172 (-2738 0 140.195007 ) (-2559.500000 0 140.195007 ) (-2559.500000 0 270 ) (-2738 0 270 ) 
4 136 181 (-2808 0 140.195007 ) (-2738 0 140.195007 ) (-2738 0 270 ) (-2808 0 270 ) 
4 136 149 (-3072 0 140.195007 ) (-3072 0 270 ) (-3072 1024 270 ) (-3072 1024 140.195007 ) 
4 136 140 (-2559.500000 0 140.195007 ) (-2380 179.499954 140.195007 ) (-2380 179.499939 270 ) (-2559.500000 0 270 ) 
4 136 138 (-2380 179.499954 140.195007 ) (-2048 511.500000 140.195007 ) (-2048 511.500000 270 ) (-2380 179.499939 270 ) 
5 136 141 (-2559.500244 0 140.195007 ) (-3072 0 140.195007 ) (-3072 1024 140.195007 ) (-2048 1024 140.195007 ) (-2048 511.500122 140.195007 ) 
4 137 188 (-2048 0 785.020996 ) (-2048 0 1586 ) (-2559.500244 0 1586 ) (-2559.500000 0 499.613037 ) 
4 137 175 (-2048 0 424.195007 ) (-2048 0 464.195007 ) (-2559.500000 0 464.195007 ) (-2559.500000 0 424.195007 ) 
4 137 171 (-2048 0 464.195007 ) (-2048 0 785.020996 ) (-2559.500000 0 499.613037 ) (-2559.500000 0 464.195007 ) 
4 137 140 (-2543.500000 0 424.195007 ) (-2559.503906 0 424.195007 ) (-2380.001953 179.501877 424.195007 ) (-2372 171.499893 424.195007 ) 
3 137 139 (-2200.500000 0 424.195007 ) (-2543.500000 0 424.195007 ) (-2372 171.499893 424.195007 ) 
4 137 138 (-2048 0 424.195007 ) (-2200.500000 0 424.195007 ) (-2380.001953 179.501877 424.195007 ) (-2048 511.503937 424.195007 ) 
4 138 177 (-2048 0 140.195007 ) (-2048 0 424.195007 ) (-2200.500000 0 424.195007 ) (-2200.500000 0 140.195007 ) 
4 138 140 (-2372 171.499939 424.195007 ) (-2380.003906 179.503906 424.195007 ) (-2380.003906 179.503891 140.195007 ) (-2372 171.499908 140.195007 ) 
4 138 139 (-2200.500000 0 424.195007 ) (-2372 171.499939 424.195007 ) (-2372 171.499908 140.195007 ) (-2200.500000 0 140.195007 ) 
4 138 141 (-2048 0 140.195007 ) (-2200.500000 0 140.195007 ) (-2380 179.500031 140.195007 ) (-2048 511.500122 140.195007 ) 
4 139 177 (-2200.500000 0 424.195007 ) (-2543.500000 0 424.195007 ) (-2543.500000 0 140.195007 ) (-2200.500000 0 140.195007 ) 
3 139 141 (-2200.500000 0 140.195007 ) (-2543.500000 0 140.195007 ) (-2372 171.499847 140.195007 ) 
4 139 140 (-2372.001953 171.498062 424.195007 ) (-2372.001953 171.498047 140.195007 ) (-2543.500000 0 140.195007 ) (-2543.503906 0 424.195007 ) 
4 140 178 (-2543.500000 0 424.195007 ) (-2559.500000 0 424.195007 ) (-2559.500000 0 140.195007 ) (-2543.500000 0 140.195007 ) 
4 140 141 (-2543.500000 0 140.195007 ) (-2559.500244 0 140.195007 ) (-2380 179.500031 140.195007 ) (-2372 171.499847 140.195007 ) 
4 141 192 (-2808 0 140.195007 ) (-3072 0 140.195007 ) (-3072 0 -1684.849976 ) (-2808 0 -1684.849976 ) 
4 141 179 (-2048 0 -175.804993 ) (-2048 0 140.195007 ) (-2559.500000 0 140.195007 ) (-2559.500000 0 -175.804993 ) 
4 141 172 (-2559.500000 0 140.195007 ) (-2738 0 140.195007 ) (-2738 0 -175.804993 ) (-2559.500000 0 -175.804993 ) 
4 141 180 (-2048 0 -1684.849976 ) (-2048 0 -175.804993 ) (-2738 0 -175.804993 ) (-2738 0 -1684.849976 ) 
4 141 181 (-2738 0 140.195007 ) (-2808 0 140.195007 ) (-2808 0 -1684.849976 ) (-2738 0 -1684.849976 ) 
4 141 149 (-3072 0 -1684.849976 ) (-3072 0 140.195007 ) (-3072 1024 140.195007 ) (-3072 1024 -1684.849976 ) 
4 142 147 (-3072 1024 270 ) (-3072 1024 483 ) (-4096 1024 483 ) (-4096 1024 270 ) 
4 142 146 (-3072 1024 483 ) (-3072 1024 1586 ) (-4096 1024 1586 ) (-4096 1024 483 ) 
4 142 149 (-3072 1024 -1684.849976 ) (-3072 1024 270 ) (-4096 1024 270 ) (-4096 1024 -1684.849976 ) 
4 142 144 (-3072 1024 1586 ) (-3072 1024 2370.850098 ) (-4096 1024 2370.850098 ) (-4096 1024 1586 ) 
4 142 143 (-4096 2048 2370.850098 ) (-4096 2048 -1684.849976 ) (-4096 1024 -1684.849976 ) (-4096 1024 2370.850098 ) 
4 143 158 (-5120 1024 -1684.849976 ) (-5120 1024 2370.850098 ) (-5120 2048 2370.850098 ) (-5120 2048 -1684.849976 ) 
4 143 153 (-5120 1024 1586 ) (-5120 1024 -1684.849976 ) (-4365 1024 -1684.849976 ) (-4365 1024 1586 ) 
4 143 152 (-4365 1024 -1684.849976 ) (-4096 1024 -1684.849976 ) (-4096 1024 1586 ) (-4365 1024 1586 ) 
4 143 150 (-5120 1024 2370.850098 ) (-5120 1024 1586 ) (-4096 1024 1586 ) (-4096 1024 2370.850098 ) 
4 144 150 (-4096 1024 2370.850098 ) (-4096 1024 1586 ) (-4096 769 1586 ) (-4096 769 2370.850098 ) 
4 144 146 (-4096 1024 1586 ) (-3072 1024 1586 ) (-3072 769 1586 ) (-4096 769 1586 ) 
4 144 145 (-3072 769 1587 ) (-3072 769 2370.850098 ) (-4096 769 2370.850098 ) (-4096 769 1587 ) 
4 145 196 (-3072 0 1587 ) (-3072 0 2370.850098 ) (-4096 0 2370.850098 ) (-4096 0 1587 ) 
4 145 151 (-4096 0 1587 ) (-4096 0 2370.850098 ) (-4096 769 2370.850098 ) (-4096 769 1587 ) 
4 146 197 (-3072 0 483 ) (-3072 0 1586 ) (-4096 0 1586 ) (-4096 0 483 ) 
4 146 152 (-4096 1024 1586 ) (-4096 1024 483 ) (-4096 0 483 ) (-4096 0 1586 ) 
4 146 148 (-3072 0 483 ) (-3664.920166 0 483 ) (-3360 423.500061 483 ) (-3072 170.532349 483 ) 
5 146 147 (-3664.920166 0 483 ) (-4096 0 483 ) (-4096 1024 483 ) (-3072 1024 483 ) (-3072 823.500366 483 ) 
4 147 197 (-3664.920166 0 483 ) (-4096 0 483 ) (-4096 0 270 ) (-3664.920166 0 270 ) 
4 147 152 (-4096 1024 483 ) (-4096 1024 270 ) (-4096 0 270 ) (-4096 0 483 ) 
4 147 148 (-3664.917969 0 270 ) (-3354.269775 431.455353 270 ) (-3359.998291 423.498413 483 ) (-3664.916992 0 483 ) 
5 147 149 (-4096 1024 270 ) (-3072 1024 270 ) (-3072 823.500366 270 ) (-3664.920166 0 270 ) (-4096 0 270 ) 
4 148 197 (-3072 0 270 ) (-3072 0 483 ) (-3664.920166 0 483 ) (-3664.920166 0 270 ) 
4 148 149 (-3072 183.520752 270 ) (-3072 0 270 ) (-3664.920166 0 270 ) (-3354.271484 431.456757 270 ) 
4 149 197 (-3072 0 -1684.849976 ) (-3072 0 270 ) (-4096 0 270 ) (-4096 0 -1684.849976 ) 
4 149 152 (-4096 1024 270 ) (-4096 1024 -1684.849976 ) (-4096 0 -1684.849976 ) (-4096 0 270 ) 
4 150 159 (-5120 769 2370.850098 ) (-5120 1024 2370.850098 ) (-5120 1024 1586 ) (-5120 769 1586 ) 
4 150 153 (-5120 769 1586 ) (-5120 1024 1586 ) (-4365 1024 1586 ) (-4365 769 1586 ) 
4 150 152 (-4365 1024 1586 ) (-4096 1024 1586 ) (-4096 769 1586 ) (-4365 769 1586 ) 
4 150 151 (-4096 769 1587 ) (-4096 769 2370.850098 ) (-5120 769 2370.850098 ) (-5120 769 1587 ) 
4 151 198 (-4096 0 1587 ) (-4096 0 2370.850098 ) (-5120 0 2370.850098 ) (-5120 0 1587 ) 
4 151 160 (-5120 0 1587 ) (-5120 0 2370.850098 ) (-5120 769 2370.850098 ) (-5120 769 1587 ) 
4 152 199 (-4096 0 -1684.849976 ) (-4096 0 1586 ) (-4365 0 1586 ) (-4365 0 -1684.849976 ) 
4 152 154 (-4365 0 -1118 ) (-4365 0 1586 ) (-4365 113 1586 ) (-4365 113 -1118 ) 
4 152 155 (-4365 113 -1684.849976 ) (-4365 0 -1684.849976 ) (-4365 0 -1198 ) (-4365 113 -1198 ) 
4 152 153 (-4365 1024 -1684.849976 ) (-4365 113 -1684.849976 ) (-4365 113 1586 ) (-4365 1024 1586 ) 
4 153 164 (-5120 113 1586 ) (-5120 753 1586 ) (-5120 753 -1684.849976 ) (-5120 113 -1684.849976 ) 
4 153 161 (-5120 753 1586 ) (-5120 769 1586 ) (-5120 769 -1684.849976 ) (-5120 753 -1684.849976 ) 
4 153 159 (-5120 769 1586 ) (-5120 1024 1586 ) (-5120 1024 -1684.849976 ) (-5120 769 -1684.849976 ) 
4 153 154 (-4365 113 -1118 ) (-4365 113 1586 ) (-5120 113 1586 ) (-5120 113 -1118 ) 
4 153 155 (-5120 113 -1684.849976 ) (-4365 113 -1684.849976 ) (-4365 113 -1198 ) (-5120 113 -1198 ) 
4 154 200 (-4365 0 1586 ) (-5120 0 1586 ) (-5120 0 -1118 ) (-4365 0 -1118 ) 
4 154 165 (-5120 0 -1118 ) (-5120 0 1586 ) (-5120 113 1586 ) (-5120 113 -1118 ) 
4 155 201 (-5120 0 -1198 ) (-5120 0 -1684.849976 ) (-4365 0 -1684.849976 ) (-4365 0 -1198 ) 
4 155 166 (-5120 0 -1684.849976 ) (-5120 0 -1198 ) (-5120 113 -1198 ) (-5120 113 -1684.849976 ) 
4 156 157 (-5120 3072 -1684.849976 ) (-5120 3072 2370.850098 ) (-6143.740234 3072 2370.850098 ) (-6143.740234 3072 -1684.849976 ) 
4 157 158 (-5120 2048 -1684.849976 ) (-5120 2048 2370.850098 ) (-6143.740234 2048 2370.850098 ) (-6143.740234 2048 -1684.849976 ) 
4 158 168 (-5805 1024 2370.850098 ) (-6143.740234 1024 2370.850098 ) (-6143.740234 1024 -1684.849976 ) (-5805 1024 -1684.849976 ) 
4 158 159 (-5120 1024 -1684.849976 ) (-5120 1024 2370.850098 ) (-5805 1024 2370.850098 ) (-5805 1024 -1684.849976 ) 
4 159 168 (-5805 1024 -1684.849976 ) (-5805 769 -1684.849976 ) (-5805 769 2370.850098 ) (-5805 1024 2370.850098 ) 
4 159 162 (-5805 769 1586 ) (-5805 769 754 ) (-5421 769 754 ) (-5421 769 1586 ) 
4 159 163 (-5805 769 66 ) (-5805 769 -1684.849976 ) (-5421 769 -1684.849976 ) (-5421 769 66 ) 
4 159 161 (-5421 769 -1684.849976 ) (-5120 769 -1684.849976 ) (-5120 769 1586 ) (-5421 769 1586 ) 
4 159 160 (-5805 769 2370.850098 ) (-5805 769 1587 ) (-5120 769 1587 ) (-5120 769 2370.850098 ) 
4 160 243 (-5120 0 1587 ) (-5120 0 2370.850098 ) (-5805 0 2370.850098 ) (-5805 0 1587 ) 
4 160 168 (-5805 0 1587 ) (-5805 0 2370.850098 ) (-5805 769 2370.850098 ) (-5805 769 1587 ) 
4 161 164 (-5120 753 1586 ) (-5421 753 1586 ) (-5421 753 -1684.849976 ) (-5120 753 -1684.849976 ) 
4 161 162 (-5421 753 754 ) (-5421 753 1586 ) (-5421 769 1586 ) (-5421 769 754 ) 
4 161 163 (-5421 753 -1684.849976 ) (-5421 753 66 ) (-5421 769 66 ) (-5421 769 -1684.849976 ) 
4 162 168 (-5805 753 754 ) (-5805 753 1586 ) (-5805 769 1586 ) (-5805 769 754 ) 
4 162 164 (-5421 753 1586 ) (-5485 753 1586 ) (-5485 753 754 ) (-5421 753 754 ) 
4 162 167 (-5485 753 1586 ) (-5805 753 1586 ) (-5805 753 754 ) (-5485 753 754 ) 
4 163 168 (-5805 769 -1684.849976 ) (-5805 753 -1684.849976 ) (-5805 753 66 ) (-5805 769 66 ) 
4 163 164 (-5485 753 -1684.849976 ) (-5421 753 -1684.849976 ) (-5421 753 66 ) (-5485 753 66 ) 
4 163 167 (-5805 753 66 ) (-5805 753 -1684.849976 ) (-5485 753 -1684.849976 ) (-5485 753 66 ) 
4 164 165 (-5485 113 1586 ) (-5485 113 -1118 ) (-5120 113 -1118 ) (-5120 113 1586 ) 
4 164 166 (-5485 113 -1198 ) (-5485 113 -1684.849976 ) (-5120 113 -1684.849976 ) (-5120 113 -1198 ) 
4 164 167 (-5485 753 1586 ) (-5485 753 -1684.849976 ) (-5485 113 -1684.849976 ) (-5485 113 1586 ) 
4 165 244 (-5120 0 -1118 ) (-5120 0 1586 ) (-5485 0 1586 ) (-5485 0 -1118 ) 
4 165 167 (-5485 0 -1118 ) (-5485 0 1586 ) (-5485 113 1586 ) (-5485 113 -1118 ) 
4 166 245 (-5120 0 -1684.849976 ) (-5120 0 -1198 ) (-5485 0 -1198 ) (-5485 0 -1684.849976 ) 
4 166 167 (-5485 113 -1684.849976 ) (-5485 0 -1684.849976 ) (-5485 0 -1198 ) (-5485 113 -1198 ) 
4 167 247 (-5805 0 -1118 ) (-5805 0 -1684.849976 ) (-5485 0 -1684.849976 ) (-5485 0 -1118 ) 
4 167 244 (-5485 0 1586 ) (-5805 0 1586 ) (-5805 0 -1118 ) (-5485 0 -1118 ) 
4 167 168 (-5805 753 -1684.849976 ) (-5805 0 -1684.849976 ) (-5805 0 1586 ) (-5805 753 1586 ) 
4 168 248 (-5805 0 2370.850098 ) (-6143.740234 0 2370.850098 ) (-6143.740234 0 -1684.849976 ) (-5805 0 -1684.849976 ) 
4 169 193 (-2048 -1024 1586 ) (-2048 -1024 2370.850098 ) (-2621 -1024 2370.850098 ) (-2621 -1024 1586 ) 
4 169 188 (-2621 0 1586 ) (-2048 0 1586 ) (-2048 -1024 1586 ) (-2621 -1024 1586 ) 
4 169 170 (-2621 -1024 1587 ) (-2621 -1024 2370.850098 ) (-2621 0 2370.850098 ) (-2621 0 1587 ) 
4 170 196 (-3072 0 2370.850098 ) (-3072 0 1587 ) (-3072 -1024 1587 ) (-3072 -1024 2370.850098 ) 
4 170 194 (-2621 -1024 2370.850098 ) (-3072 -1024 2370.850098 ) (-3072 -1024 1587 ) (-2621 -1024 1587 ) 
4 171 188 (-2717.531738 -120.500000 483 ) (-2048 -120.500000 856.587097 ) (-2048 0 785.019958 ) (-2589.271240 0 483 ) 
4 171 182 (-2048 -120.500000 464.195007 ) (-2048 -120.500000 856.582092 ) (-2568 -120.500000 566.431335 ) (-2568 -120.500000 464.195007 ) 
4 171 187 (-2568 -120.500000 566.431335 ) (-2738 -120.500000 471.574371 ) (-2738 -120.500000 464.195007 ) (-2568 -120.500000 464.195007 ) 
4 171 175 (-2048 -120.500000 464.195007 ) (-2680 -120.500000 464.195007 ) (-2559.500244 0 464.195007 ) (-2048 0 464.195007 ) 
4 171 174 (-2671 -83 464.195007 ) (-2655.601074 -96.100708 464.195007 ) (-2656.882080 -97.381660 464.195007 ) (-2670 -86 464.195007 ) 
5 171 173 (-2680 -120.500000 464.195007 ) (-2738 -120.500000 464.195007 ) (-2738 -108.065315 464.195007 ) (-2693.141602 -65.921066 464.195007 ) (-2656.882080 -97.381660 464.195007 ) 
4 171 172 (-2692.159668 -64.998535 464.195007 ) (-2622.975098 0 464.195007 ) (-2559.500244 0 464.195007 ) (-2655.601074 -96.100708 464.195007 ) 
3 171 181 (-2738 -120.500000 464.195007 ) (-2738 -120.500000 471.579956 ) (-2738 -108.065704 464.195007 ) 
4 172 178 (-2559.501953 0 140.195007 ) (-2559.503662 0 424.195007 ) (-2612.001709 -52.498096 424.195007 ) (-2612 -52.498970 140.195007 ) 
4 172 176 (-2612.001709 -52.498096 424.195007 ) (-2655.602783 -96.099091 424.195007 ) (-2655.601807 -96.099892 140.195007 ) (-2612 -52.498970 140.195007 ) 
4 172 175 (-2559.503662 0 424.195007 ) (-2559.503906 0 464.195007 ) (-2655.602783 -96.098976 464.195007 ) (-2655.602783 -96.099091 424.195007 ) 
4 172 179 (-2655.600830 -96.100792 -175.804993 ) (-2559.500000 0 -175.804993 ) (-2559.501953 0 140.195007 ) (-2655.601807 -96.099892 140.195007 ) 
4 172 174 (-2671 -83 -175.804993 ) (-2655.599609 -96.101563 -175.804993 ) (-2655.599609 -96.101563 464.195007 ) (-2671 -83 464.195007 ) 
4 172 180 (-2738 -26 -175.804993 ) (-2738 0 -175.804993 ) (-2559.500000 0 -175.804993 ) (-2655.600830 -96.100723 -175.804993 ) 
4 172 181 (-2738 -26 415.454681 ) (-2738 0 400.012848 ) (-2738 0 -175.804993 ) (-2738 -26 -175.804993 ) 
4 173 187 (-2680 -120.500000 464.195007 ) (-2738 -120.500000 464.195007 ) (-2738 -120.500000 -175.804993 ) (-2680 -120.500000 -175.804993 ) 
4 173 176 (-2656.882813 -97.380974 140.195007 ) (-2656.883789 -97.380203 424.195007 ) (-2680.003662 -120.500000 424.195007 ) (-2680.001953 -120.500000 140.195007 ) 
4 173 175 (-2656.883789 -97.380203 424.195007 ) (-2656.883789 -97.380096 464.195007 ) (-2680.003906 -120.500000 464.195007 ) (-2680.003662 -120.500000 424.195007 ) 
4 173 179 (-2680 -120.500000 -175.804993 ) (-2656.881836 -97.381828 -175.804993 ) (-2656.882813 -97.380974 140.195007 ) (-2680.001953 -120.500000 140.195007 ) 
4 173 174 (-2656.882813 -97.382729 464.195007 ) (-2656.882813 -97.382729 -175.804993 ) (-2670 -86.002335 -175.804993 ) (-2670 -86.002411 464.195007 ) 
5 173 181 (-2738 -120.500000 -175.804993 ) (-2738 -120.500000 464.195007 ) (-2738 -108.065704 464.195007 ) (-2738 -27 416.048645 ) (-2738 -27 -175.804993 ) 
4 173 180 (-2680 -120.500000 -175.804993 ) (-2738 -120.500000 -175.804993 ) (-2738 -27 -175.804993 ) (-2656.881836 -97.381760 -175.804993 ) 
4 174 176 (-2655.601807 -96.099892 140.195007 ) (-2655.602783 -96.099091 424.195007 ) (-2656.883789 -97.380203 424.195007 ) (-2656.882813 -97.380974 140.195007 ) 
4 174 175 (-2655.602783 -96.099091 424.195007 ) (-2655.602783 -96.098976 464.195007 ) (-2656.883789 -97.380096 464.195007 ) (-2656.883789 -97.380203 424.195007 ) 
4 174 179 (-2656.881836 -97.381828 -175.804993 ) (-2655.600830 -96.100792 -175.804993 ) (-2655.601807 -96.099892 140.195007 ) (-2656.882813 -97.380974 140.195007 ) 
4 174 180 (-2671 -83 -175.804993 ) (-2655.600830 -96.100723 -175.804993 ) (-2656.881836 -97.381760 -175.804993 ) (-2670 -86 -175.804993 ) 
4 175 182 (-2048 -120.500000 424.195007 ) (-2048 -120.500000 464.195007 ) (-2568 -120.500000 464.195007 ) (-2568 -120.500000 424.195007 ) 
4 175 187 (-2568 -120.500000 464.195007 ) (-2680 -120.500000 464.195007 ) (-2680 -120.500000 424.195007 ) (-2568 -120.500000 424.195007 ) 
4 175 178 (-2604 -60.499966 424.195007 ) (-2612.001953 -52.497986 424.195007 ) (-2559.503906 0 424.195007 ) (-2543.500000 0 424.195007 ) 
5 175 177 (-2048 -120.500000 424.195007 ) (-2544 -120.500000 424.195007 ) (-2604 -60.499966 424.195007 ) (-2543.500000 0 424.195007 ) (-2048 0 424.195007 ) 
3 175 176 (-2544 -120.500000 424.195007 ) (-2680.003906 -120.500000 424.195007 ) (-2612.001953 -52.497986 424.195007 ) 
4 176 182 (-2544 -120.500000 424.195007 ) (-2568 -120.500000 424.195007 ) (-2568 -120.500000 140.195007 ) (-2544 -120.500000 140.195007 ) 
4 176 187 (-2568 -120.500000 424.195007 ) (-2680 -120.500000 424.195007 ) (-2680 -120.500000 140.195007 ) (-2568 -120.500000 140.195007 ) 
4 176 178 (-2604 -60.500069 140.195007 ) (-2612.003906 -52.496094 140.195007 ) (-2612 -52.500000 424.195007 ) (-2604 -60.500084 424.195007 ) 
4 176 177 (-2544 -120.500000 140.195007 ) (-2604 -60.500069 140.195007 ) (-2604 -60.500084 424.195007 ) (-2544 -120.500000 424.195007 ) 
3 176 179 (-2544 -120.500000 140.195007 ) (-2680.003906 -120.500000 140.195007 ) (-2612.001953 -52.497986 140.195007 ) 
4 177 182 (-2048 -120.500000 140.195007 ) (-2048 -120.500000 424.195007 ) (-2544 -120.500000 424.195007 ) (-2544 -120.500000 140.195007 ) 
5 177 179 (-2048 -120.500000 140.195007 ) (-2544 -120.500000 140.195007 ) (-2604 -60.499966 140.195007 ) (-2543.500000 0 140.195007 ) (-2048 0 140.195007 ) 
4 177 178 (-2543.500000 0 140.195007 ) (-2604 -60.500000 140.195007 ) (-2604 -60.500000 424.195007 ) (-2543.500000 0 424.195007 ) 
4 178 179 (-2604 -60.499966 140.195007 ) (-2612.001953 -52.497986 140.195007 ) (-2559.503906 0 140.195007 ) (-2543.500000 0 140.195007 ) 
4 179 184 (-2564 -120.500000 68.195396 ) (-2568 -120.500000 68.195396 ) (-2568 -120.500000 -151.804993 ) (-2564 -120.500000 -151.804993 ) 
4 179 183 (-2048 -120.500000 -151.804993 ) (-2048 -120.500000 68.195396 ) (-2564 -120.500000 68.195396 ) (-2564 -120.500000 -151.804993 ) 
4 179 182 (-2048 -120.500000 68.195396 ) (-2048 -120.500000 140.195007 ) (-2568 -120.500000 140.195007 ) (-2568 -120.500000 68.195396 ) 
4 179 185 (-2048 -120.500000 -175.804993 ) (-2048 -120.500000 -151.804993 ) (-2568 -120.500000 -151.804993 ) (-2568 -120.500000 -175.804993 ) 
4 179 187 (-2568 -120.500000 140.195007 ) (-2680 -120.500000 140.195007 ) (-2680 -120.500000 -175.804993 ) (-2568 -120.500000 -175.804993 ) 
4 179 180 (-2048 -120.500000 -175.804993 ) (-2680 -120.500000 -175.804993 ) (-2559.500000 0 -175.804993 ) (-2048 0 -175.804993 ) 
4 180 185 (-2568 -120.500000 -1684.849976 ) (-2048 -120.500000 -1684.849976 ) (-2048 -120.500000 -175.804993 ) (-2568 -120.500000 -175.804993 ) 
4 180 187 (-2738 -120.500000 -1684.849976 ) (-2568 -120.500000 -1684.849976 ) (-2568 -120.500000 -175.804993 ) (-2738 -120.500000 -175.804993 ) 
4 180 181 (-2738 0 -1684.849976 ) (-2738 -120.500000 -1684.849976 ) (-2738 -120.500000 -175.804993 ) (-2738 0 -175.804993 ) 
4 181 192 (-2808 0 270 ) (-2808 0 -1684.849976 ) (-2808 -120.500000 -1684.849976 ) (-2808 -120.500000 270 ) 
3 181 189 (-2808 -55.938461 394.175995 ) (-2808 -120.500000 432.520264 ) (-2739.801270 -120.500000 470.573914 ) 
4 181 187 (-2808 -120.500000 -1684.849976 ) (-2738 -120.500000 -1684.849976 ) (-2738 -120.500000 471.574371 ) (-2808 -120.500000 432.515625 ) 
4 182 188 (-2048 -400.500000 1022.884155 ) (-2048 -120.500000 856.587097 ) (-2568 -120.500000 566.436096 ) (-2568 -400.500000 732.733215 ) 
4 182 184 (-2564 -400.500000 68.195396 ) (-2568 -400.500000 68.195396 ) (-2568 -120.500000 68.195396 ) (-2564 -120.500000 68.195396 ) 
4 182 183 (-2048 -400.500000 68.195396 ) (-2564 -400.500000 68.195396 ) (-2564 -120.500000 68.195396 ) (-2048 -120.500000 68.195396 ) 
4 182 187 (-2568 -120.500000 566.433594 ) (-2568 -120.500000 68.195396 ) (-2568 -400.500000 68.195396 ) (-2568 -400.500000 732.730957 ) 
4 182 186 (-2568 -400.500000 732.730469 ) (-2568 -400.500000 68.195396 ) (-2048 -400.500000 68.195396 ) (-2048 -400.500000 1022.881714 ) 
4 183 186 (-2564 -400.500000 -151.804993 ) (-2048 -400.500000 -151.804993 ) (-2048 -400.500000 68.195396 ) (-2564 -400.500000 68.195396 ) 
4 183 185 (-2048 -400.500000 -151.804993 ) (-2564 -400.500000 -151.804993 ) (-2564 -120.500000 -151.804993 ) (-2048 -120.500000 -151.804993 ) 
4 183 184 (-2564 -120.500000 -151.804993 ) (-2564 -400.500000 -151.804993 ) (-2564 -400.500000 68.195396 ) (-2564 -120.500000 68.195396 ) 
4 184 186 (-2568 -400.500000 68.195396 ) (-2568 -400.500000 -151.804993 ) (-2564 -400.500000 -151.804993 ) (-2564 -400.500000 68.195396 ) 
4 184 187 (-2568 -120.500000 68.195396 ) (-2568 -120.500000 -151.804993 ) (-2568 -400.500000 -151.804993 ) (-2568 -400.500000 68.195396 ) 
4 184 185 (-2564 -400.500000 -151.804993 ) (-2568 -400.500000 -151.804993 ) (-2568 -120.500000 -151.804993 ) (-2564 -120.500000 -151.804993 ) 
4 185 186 (-2568 -400.500000 -151.804993 ) (-2568 -400.500000 -1684.849976 ) (-2048 -400.500000 -1684.849976 ) (-2048 -400.500000 -151.804993 ) 
4 185 187 (-2568 -120.500000 -151.804993 ) (-2568 -120.500000 -1684.849976 ) (-2568 -400.500000 -1684.849976 ) (-2568 -400.500000 -151.804993 ) 
4 186 195 (-2048 -1024 -1684.849976 ) (-2048 -1024 1393.192627 ) (-2568 -1024 1103.041992 ) (-2568 -1024 -1684.849976 ) 
4 186 188 (-2568 -1024 1103.041260 ) (-2048 -1024 1393.192139 ) (-2048 -400.500000 1022.884155 ) (-2568 -400.500000 732.733215 ) 
4 186 187 (-2568 -400.500000 -1684.849976 ) (-2568 -1024 -1684.849976 ) (-2568 -1024 1103.039429 ) (-2568 -400.500000 732.730957 ) 
4 187 195 (-2568 -1024 1103.041992 ) (-2808 -1024 969.126221 ) (-2808 -1024 -1684.849976 ) (-2568 -1024 -1684.849976 ) 
4 187 192 (-2808 -1024 -1684.849976 ) (-2808 -1024 270 ) (-2808 -120.500000 270 ) (-2808 -120.500000 -1684.849976 ) 
4 187 190 (-2808 -1024 270 ) (-2808 -1024 969.126221 ) (-2808 -724 790.950928 ) (-2808 -724 270 ) 
4 187 189 (-2808 -120.500000 432.520264 ) (-2808 -205.494415 483 ) (-2728.708984 -131 483 ) (-2739.801270 -120.500000 470.573914 ) 
5 187 188 (-2808 -205.494415 483 ) (-2808 -1024 969.125427 ) (-2568 -1024 1103.041260 ) (-2568 -120.500000 566.436096 ) (-2717.531738 -120.500000 483 ) 
4 188 195 (-2048 -1024 1393.192627 ) (-2048 -1024 1586 ) (-2808 -1024 1586 ) (-2808 -1024 969.126221 ) 
4 188 190 (-2808 -1024 969.126221 ) (-2808 -1024 1586 ) (-2808 -724 1586 ) (-2808 -724 790.950928 ) 
3 188 189 (-2728.710205 -131 483 ) (-2808 -205.492188 483 ) (-2808 -61.354828 483 ) 
4 190 197 (-3072 -479.555817 270 ) (-3072 -1024 270 ) (-3072 -1024 1586 ) (-3072 -479.555786 1586 ) 
4 190 195 (-2808 -1024 270 ) (-2808 -1024 1586 ) (-3072 -1024 1586 ) (-3072 -1024 270 ) 
4 190 192 (-3072 -1024 270 ) (-3072 -479.555786 270 ) (-2808 -724 270 ) (-2808 -1024 270 ) 
4 190 191 (-2970 -574 270 ) (-3072 -479.555542 270 ) (-3072 -479.554901 1586 ) (-2970 -574 1586 ) 
4 191 197 (-3072 0 1586 ) (-3072 0 270 ) (-3072 -479.555817 270 ) (-3072 -479.555786 1586 ) 
4 191 192 (-3072 -479.555786 270 ) (-3072 0 270 ) (-2983.093506 0 270 ) (-2970 -574 270 ) 
4 192 197 (-3072 0 270 ) (-3072 0 -1684.849976 ) (-3072 -1024 -1684.849976 ) (-3072 -1024 270 ) 
4 192 195 (-2808 -1024 -1684.849976 ) (-2808 -1024 270 ) (-3072 -1024 270 ) (-3072 -1024 -1684.849976 ) 
4 193 207 (-2048 -2048 1586 ) (-2048 -2048 2370.850098 ) (-2621 -2048 2370.850098 ) (-2621 -2048 1586 ) 
4 193 195 (-2621 -1024 1586 ) (-2048 -1024 1586 ) (-2048 -2048 1586 ) (-2621 -2048 1586 ) 
4 193 194 (-2621 -2048 1587 ) (-2621 -2048 2370.850098 ) (-2621 -1024 2370.850098 ) (-2621 -1024 1587 ) 
4 194 208 (-2621 -2048 2370.850098 ) (-3072 -2048 2370.850098 ) (-3072 -2048 1587 ) (-2621 -2048 1587 ) 
4 194 203 (-3072 -2048 1587 ) (-3072 -2048 2370.850098 ) (-3072 -1024 2370.850098 ) (-3072 -1024 1587 ) 
4 195 216 (-2048 -2048 -1684.849976 ) (-2048 -2048 -46 ) (-3072 -2048 -46 ) (-3072 -2048 -1684.849976 ) 
4 195 213 (-2621 -2048 706 ) (-2637 -2048 706 ) (-2637 -2048 -46 ) (-2621 -2048 -46 ) 
4 195 212 (-2048 -2048 -46 ) (-2048 -2048 706 ) (-2621 -2048 706 ) (-2621 -2048 -46 ) 
4 195 215 (-2637 -2048 706 ) (-3072 -2048 706 ) (-3072 -2048 -46 ) (-2637 -2048 -46 ) 
4 195 210 (-2637 -2048 1586 ) (-3072 -2048 1586 ) (-3072 -2048 706 ) (-2637 -2048 706 ) 
4 195 209 (-2048 -2048 706 ) (-2048 -2048 1586 ) (-2637 -2048 1586 ) (-2637 -2048 706 ) 
4 195 204 (-3072 -2048 -1684.849976 ) (-3072 -2048 1586 ) (-3072 -1024 1586 ) (-3072 -1024 -1684.849976 ) 
4 196 203 (-3072 -1024 1587 ) (-3072 -1024 2370.850098 ) (-4096 -1024 2370.850098 ) (-4096 -1024 1587 ) 
4 196 198 (-4096 0 2370.850098 ) (-4096 0 1587 ) (-4096 -1024 1587 ) (-4096 -1024 2370.850098 ) 
4 197 204 (-3072 -1024 -1684.849976 ) (-3072 -1024 1586 ) (-4096 -1024 1586 ) (-4096 -1024 -1684.849976 ) 
4 197 199 (-4096 0 1586 ) (-4096 0 -1684.849976 ) (-4096 -1024 -1684.849976 ) (-4096 -1024 1586 ) 
4 198 243 (-5120 0 2370.850098 ) (-5120 0 1587 ) (-5120 -1024 1587 ) (-5120 -1024 2370.850098 ) 
4 198 205 (-4096 -1024 1587 ) (-4096 -1024 2370.850098 ) (-5120 -1024 2370.850098 ) (-5120 -1024 1587 ) 
4 199 206 (-4096 -1024 -1684.849976 ) (-4096 -1024 1586 ) (-4365 -1024 1586 ) (-4365 -1024 -1684.849976 ) 
4 199 200 (-4365 -943 -1118 ) (-4365 -943 1586 ) (-4365 0 1586 ) (-4365 0 -1118 ) 
4 199 201 (-4365 0 -1684.849976 ) (-4365 -943 -1684.849976 ) (-4365 -943 -1198 ) (-4365 0 -1198 ) 
4 199 202 (-4365 -943 -1684.849976 ) (-4365 -1024 -1684.849976 ) (-4365 -1024 1586 ) (-4365 -943 1586 ) 
4 200 244 (-5120 0 1586 ) (-5120 0 -1118 ) (-5120 -943 -1118 ) (-5120 -943 1586 ) 
4 200 202 (-4365 -943 -1118 ) (-4365 -943 1586 ) (-5120 -943 1586 ) (-5120 -943 -1118 ) 
4 201 245 (-5120 0 -1198 ) (-5120 0 -1684.849976 ) (-5120 -943 -1684.849976 ) (-5120 -943 -1198 ) 
4 201 202 (-5120 -943 -1684.849976 ) (-4365 -943 -1684.849976 ) (-4365 -943 -1198 ) (-5120 -943 -1198 ) 
4 202 246 (-5120 -943 -1684.849976 ) (-5120 -1024 -1684.849976 ) (-5120 -1024 -1118 ) (-5120 -943 -1118 ) 
4 202 244 (-5120 -1024 -1118 ) (-5120 -1024 1586 ) (-5120 -943 1586 ) (-5120 -943 -1118 ) 
4 202 206 (-4365 -1024 1586 ) (-5120 -1024 1586 ) (-5120 -1024 -1684.849976 ) (-4365 -1024 -1684.849976 ) 
4 203 218 (-3072 -2048 1587 ) (-3072 -2048 2370.850098 ) (-4096 -2048 2370.850098 ) (-4096 -2048 1587 ) 
4 203 205 (-4096 -1024 2370.850098 ) (-4096 -1024 1587 ) (-4096 -2048 1587 ) (-4096 -2048 2370.850098 ) 
4 204 228 (-3072 -2048 -1684.849976 ) (-3072 -2048 706 ) (-4096 -2048 706 ) (-4096 -2048 -1684.849976 ) 
4 204 223 (-3197 -2048 1282 ) (-3213 -2048 1282 ) (-3213 -2048 706 ) (-3197 -2048 706 ) 
4 204 225 (-3213 -2048 1282 ) (-4096 -2048 1282 ) (-4096 -2048 706 ) (-3213 -2048 706 ) 
4 204 221 (-3072 -2048 706 ) (-3072 -2048 1282 ) (-3197 -2048 1282 ) (-3197 -2048 706 ) 
4 204 219 (-3072 -2048 1282 ) (-3072 -2048 1586 ) (-4096 -2048 1586 ) (-4096 -2048 1282 ) 
4 204 206 (-4096 -1024 1586 ) (-4096 -1024 -1684.849976 ) (-4096 -2048 -1684.849976 ) (-4096 -2048 1586 ) 
4 205 249 (-5120 -2048 1587 ) (-5120 -2048 2370.850098 ) (-5120 -1024 2370.850098 ) (-5120 -1024 1587 ) 
4 205 229 (-4096 -2048 1587 ) (-4096 -2048 2370.850098 ) (-5120 -2048 2370.850098 ) (-5120 -2048 1587 ) 
4 206 250 (-5120 -2048 -1684.849976 ) (-5120 -2048 1586 ) (-5120 -1024 1586 ) (-5120 -1024 -1684.849976 ) 
4 206 231 (-4096 -2048 -1684.849976 ) (-4096 -2048 1586 ) (-5120 -2048 1586 ) (-5120 -2048 -1684.849976 ) 
4 207 217 (-2048 -2687 1586 ) (-2048 -2687 2370.850098 ) (-2621 -2687 2370.850098 ) (-2621 -2687 1586 ) 
4 207 209 (-2048 -2687 1586 ) (-2621 -2687 1586 ) (-2621 -2048 1586 ) (-2048 -2048 1586 ) 
4 207 208 (-2621 -2687 1587 ) (-2621 -2687 2370.850098 ) (-2621 -2048 2370.850098 ) (-2621 -2048 1587 ) 
4 208 218 (-3072 -2687 1587 ) (-3072 -2687 2370.850098 ) (-3072 -2048 2370.850098 ) (-3072 -2048 1587 ) 
4 208 217 (-2621 -2687 2370.850098 ) (-3072 -2687 2370.850098 ) (-3072 -2687 1587 ) (-2621 -2687 1587 ) 
4 209 217 (-2048 -2687 706 ) (-2048 -2687 1586 ) (-2637 -2687 1586 ) (-2637 -2687 706 ) 
4 209 214 (-2621 -2687 706 ) (-2637 -2687 706 ) (-2637 -2367 706 ) (-2621 -2367 706 ) 
4 209 213 (-2637 -2367 706 ) (-2637 -2048 706 ) (-2621 -2048 706 ) (-2621 -2367 706 ) 
4 209 212 (-2048 -2687 706 ) (-2621 -2687 706 ) (-2621 -2048 706 ) (-2048 -2048 706 ) 
4 209 211 (-2637 -2687 1282 ) (-2637 -2687 1586 ) (-2637 -2671 1586 ) (-2637 -2671 1282 ) 
4 209 210 (-2637 -2048 706 ) (-2637 -2671 706 ) (-2637 -2671 1586 ) (-2637 -2048 1586 ) 
4 210 221 (-3072 -2048 1282 ) (-3072 -2048 706 ) (-3072 -2671 706 ) (-3072 -2671 1282 ) 
4 210 219 (-3072 -2671 1586 ) (-3072 -2048 1586 ) (-3072 -2048 1282 ) (-3072 -2671 1282 ) 
4 210 215 (-3072 -2671 706 ) (-3072 -2048 706 ) (-2637 -2048 706 ) (-2637 -2671 706 ) 
4 210 211 (-2637 -2671 1282 ) (-2637 -2671 1586 ) (-3072 -2671 1586 ) (-3072 -2671 1282 ) 
4 211 219 (-3072 -2687 1282 ) (-3072 -2687 1586 ) (-3072 -2671 1586 ) (-3072 -2671 1282 ) 
4 211 217 (-2637 -2687 1586 ) (-3072 -2687 1586 ) (-3072 -2687 1282 ) (-2637 -2687 1282 ) 
4 212 217 (-2048 -2687 -46 ) (-2048 -2687 706 ) (-2621 -2687 706 ) (-2621 -2687 -46 ) 
4 212 216 (-2048 -2687 -46 ) (-2621 -2687 -46 ) (-2621 -2048 -46 ) (-2048 -2048 -46 ) 
4 212 214 (-2621 -2687 130 ) (-2621 -2687 706 ) (-2621 -2367 706 ) (-2621 -2367 130 ) 
4 212 213 (-2621 -2048 -46 ) (-2621 -2367 -46 ) (-2621 -2367 706 ) (-2621 -2048 706 ) 
4 213 216 (-2637 -2367 -46 ) (-2637 -2048 -46 ) (-2621 -2048 -46 ) (-2621 -2367 -46 ) 
4 213 214 (-2637 -2367 706 ) (-2637 -2367 130 ) (-2621 -2367 130 ) (-2621 -2367 706 ) 
4 213 215 (-2637 -2048 -46 ) (-2637 -2367 -46 ) (-2637 -2367 706 ) (-2637 -2048 706 ) 
4 214 217 (-2621 -2687 706 ) (-2637 -2687 706 ) (-2637 -2687 130 ) (-2621 -2687 130 ) 
4 214 215 (-2637 -2687 130 ) (-2637 -2687 706 ) (-2637 -2367 706 ) (-2637 -2367 130 ) 
4 215 228 (-3072 -2687 -46 ) (-3072 -2687 706 ) (-3072 -2048 706 ) (-3072 -2048 -46 ) 
4 215 217 (-2637 -2687 706 ) (-3072 -2687 706 ) (-3072 -2687 -46 ) (-2637 -2687 -46 ) 
4 215 216 (-2637 -2687 -46 ) (-3072 -2687 -46 ) (-3072 -2048 -46 ) (-2637 -2048 -46 ) 
4 216 228 (-3072 -2687 -1684.849976 ) (-3072 -2687 -46 ) (-3072 -2048 -46 ) (-3072 -2048 -1684.849976 ) 
4 216 217 (-2048 -2687 -1684.849976 ) (-2048 -2687 -46 ) (-3072 -2687 -46 ) (-3072 -2687 -1684.849976 ) 
4 217 232 (-2048 -3072 -1684.849976 ) (-2048 -3072 2370.850098 ) (-3072 -3072 2370.850098 ) (-3072 -3072 -1684.849976 ) 
4 217 228 (-3072 -3072 -1684.849976 ) (-3072 -3072 706 ) (-3072 -2687 706 ) (-3072 -2687 -1684.849976 ) 
4 217 222 (-3072 -3072 706 ) (-3072 -3072 1282 ) (-3072 -2687 1282 ) (-3072 -2687 706 ) 
4 217 220 (-3072 -3072 1282 ) (-3072 -3072 1587 ) (-3072 -2687 1587 ) (-3072 -2687 1282 ) 
4 217 218 (-3072 -3072 1587 ) (-3072 -3072 2370.850098 ) (-3072 -2687 2370.850098 ) (-3072 -2687 1587 ) 
4 218 234 (-3197 -3072 2370.850098 ) (-3213 -3072 2370.850098 ) (-3213 -3072 1587 ) (-3197 -3072 1587 ) 
4 218 233 (-3072 -3072 1587 ) (-3072 -3072 2370.850098 ) (-3197 -3072 2370.850098 ) (-3197 -3072 1587 ) 
4 218 236 (-3213 -3072 2370.850098 ) (-4096 -3072 2370.850098 ) (-4096 -3072 1587 ) (-3213 -3072 1587 ) 
4 218 229 (-4096 -2048 2370.850098 ) (-4096 -2048 1587 ) (-4096 -2687 1587 ) (-4096 -2687 2370.850098 ) 
4 218 230 (-4096 -2687 1587 ) (-4096 -3072 1587 ) (-4096 -3072 2370.850098 ) (-4096 -2687 2370.850098 ) 
4 218 220 (-3072 -3072 1587 ) (-4096 -3072 1587 ) (-4096 -2687 1587 ) (-3072 -2687 1587 ) 
4 219 231 (-4096 -2048 1586 ) (-4096 -2048 1282 ) (-4096 -2687 1282 ) (-4096 -2687 1586 ) 
4 219 224 (-3197 -2671 1282 ) (-3197 -2687 1282 ) (-3213 -2687 1282 ) (-3213 -2671 1282 ) 
4 219 223 (-3213 -2048 1282 ) (-3197 -2048 1282 ) (-3197 -2671 1282 ) (-3213 -2671 1282 ) 
4 219 225 (-4096 -2687 1282 ) (-4096 -2048 1282 ) (-3213 -2048 1282 ) (-3213 -2687 1282 ) 
4 219 221 (-3197 -2048 1282 ) (-3072 -2048 1282 ) (-3072 -2671 1282 ) (-3197 -2671 1282 ) 
4 219 220 (-4096 -2687 1282 ) (-3072 -2687 1282 ) (-3072 -2687 1586 ) (-4096 -2687 1586 ) 
4 220 234 (-3197 -3072 1587 ) (-3213 -3072 1587 ) (-3213 -3072 1282 ) (-3197 -3072 1282 ) 
4 220 233 (-3072 -3072 1282 ) (-3072 -3072 1587 ) (-3197 -3072 1587 ) (-3197 -3072 1282 ) 
4 220 236 (-3213 -3072 1587 ) (-4096 -3072 1587 ) (-4096 -3072 1282 ) (-3213 -3072 1282 ) 
4 220 231 (-4096 -2687 1282 ) (-4096 -3072 1282 ) (-4096 -3072 1586 ) (-4096 -2687 1586 ) 
4 220 230 (-4096 -3072 1586 ) (-4096 -3072 1587 ) (-4096 -2687 1587 ) (-4096 -2687 1586 ) 
4 220 226 (-3213 -3071 1282 ) (-3197 -3071 1282 ) (-3197 -3072 1282 ) (-3213 -3072 1282 ) 
4 220 227 (-4096 -3072 1282 ) (-4096 -3071 1282 ) (-3213 -3071 1282 ) (-3213 -3072 1282 ) 
4 220 224 (-3213 -2687 1282 ) (-3197 -2687 1282 ) (-3197 -3071 1282 ) (-3213 -3071 1282 ) 
4 220 225 (-4096 -3071 1282 ) (-4096 -2687 1282 ) (-3213 -2687 1282 ) (-3213 -3071 1282 ) 
4 220 222 (-3197 -2687 1282 ) (-3072 -2687 1282 ) (-3072 -3072 1282 ) (-3197 -3072 1282 ) 
4 221 228 (-3197 -2671 706 ) (-3197 -2048 706 ) (-3072 -2048 706 ) (-3072 -2671 706 ) 
4 221 223 (-3197 -2048 706 ) (-3197 -2671 706 ) (-3197 -2671 1282 ) (-3197 -2048 1282 ) 
4 222 233 (-3072 -3072 706 ) (-3072 -3072 1282 ) (-3197 -3072 1282 ) (-3197 -3072 706 ) 
4 222 228 (-3072 -3072 706 ) (-3197 -3072 706 ) (-3197 -2687 706 ) (-3072 -2687 706 ) 
4 222 226 (-3197 -3072 719.942932 ) (-3197 -3072 1282 ) (-3197 -3071 1282 ) (-3197 -3071 719.942932 ) 
4 222 224 (-3197 -3071 722 ) (-3197 -3071 1282 ) (-3197 -2687 1282 ) (-3197 -2687 722 ) 
4 223 228 (-3213 -2048 706 ) (-3197 -2048 706 ) (-3197 -2671 706 ) (-3213 -2671 706 ) 
4 223 224 (-3213 -2671 1282 ) (-3213 -2671 722 ) (-3197 -2671 722 ) (-3197 -2671 1282 ) 
4 223 225 (-3213 -2048 706 ) (-3213 -2671 706 ) (-3213 -2671 1282 ) (-3213 -2048 1282 ) 
4 224 226 (-3197 -3071 722 ) (-3197 -3071 1282 ) (-3213 -3071 1282 ) (-3213 -3071 722 ) 
4 224 225 (-3213 -3071 722 ) (-3213 -3071 1282 ) (-3213 -2671 1282 ) (-3213 -2671 722 ) 
4 225 231 (-4096 -2048 1282 ) (-4096 -2048 706 ) (-4096 -3071 706 ) (-4096 -3071 1282 ) 
4 225 228 (-4096 -3071 706 ) (-4096 -2048 706 ) (-3213 -2048 706 ) (-3213 -3071 706 ) 
4 225 227 (-4096 -3071 706 ) (-3213 -3071 706 ) (-3213 -3071 1282 ) (-4096 -3071 1282 ) 
4 226 234 (-3197 -3072 1282 ) (-3213 -3072 1282 ) (-3213 -3072 717.885986 ) (-3197 -3072 719.942932 ) 
4 226 227 (-3213 -3071 1282 ) (-3213 -3071 717.885986 ) (-3213 -3072 717.885986 ) (-3213 -3072 1282 ) 
4 227 236 (-3213 -3072 1282 ) (-4096 -3072 1282 ) (-4096 -3072 706 ) (-3213 -3072 706 ) 
4 227 231 (-4096 -3071 706 ) (-4096 -3072 706 ) (-4096 -3072 1282 ) (-4096 -3071 1282 ) 
4 227 228 (-3213 -3072 706 ) (-4096 -3072 706 ) (-4096 -3071 706 ) (-3213 -3071 706 ) 
4 228 235 (-3197 -3072 706 ) (-3213 -3072 706 ) (-3213 -3072 -1684.849976 ) (-3197 -3072 -1684.849976 ) 
4 228 233 (-3072 -3072 -1684.849976 ) (-3072 -3072 706 ) (-3197 -3072 706 ) (-3197 -3072 -1684.849976 ) 
4 228 236 (-3213 -3072 706 ) (-4096 -3072 706 ) (-4096 -3072 -1684.849976 ) (-3213 -3072 -1684.849976 ) 
4 228 231 (-4096 -2048 706 ) (-4096 -2048 -1684.849976 ) (-4096 -3072 -1684.849976 ) (-4096 -3072 706 ) 
4 229 252 (-5120 -2687 2370.850098 ) (-5120 -2048 2370.850098 ) (-5120 -2048 1587 ) (-5120 -2687 1587 ) 
4 229 230 (-4096 -2687 1587 ) (-4096 -2687 2370.850098 ) (-5120 -2687 2370.850098 ) (-5120 -2687 1587 ) 
4 230 254 (-5120 -3072 1586 ) (-5120 -3072 2370.850098 ) (-5120 -2687 2370.850098 ) (-5120 -2687 1586 ) 
4 230 242 (-5120 -3072 2370.850098 ) (-5120 -3072 1586 ) (-4096 -3072 1586 ) (-4096 -3072 2370.850098 ) 
4 230 231 (-5120 -3072 1586 ) (-5120 -2687 1586 ) (-4096 -2687 1586 ) (-4096 -3072 1586 ) 
4 231 253 (-5120 -2687 1586 ) (-5120 -2048 1586 ) (-5120 -2048 -1684.849976 ) (-5120 -2687 -1684.849976 ) 
4 231 254 (-5120 -3072 -1684.849976 ) (-5120 -3072 1586 ) (-5120 -2687 1586 ) (-5120 -2687 -1684.849976 ) 
4 231 242 (-5120 -3072 1586 ) (-5120 -3072 -1684.849976 ) (-4096 -3072 -1684.849976 ) (-4096 -3072 1586 ) 
4 232 237 (-3072 -3199 -1684.849976 ) (-3072 -3868.959961 -1684.849976 ) (-3072 -3868.959961 2370.850098 ) (-3072 -3199 2370.850098 ) 
4 232 233 (-3072 -3072 2370.850098 ) (-3072 -3072 -1684.849976 ) (-3072 -3199 -1684.849976 ) (-3072 -3199 2370.850098 ) 
4 233 237 (-3197 -3199 -1684.849976 ) (-3072 -3199 -1684.849976 ) (-3072 -3199 2370.850098 ) (-3197 -3199 2370.850098 ) 
4 233 234 (-3197 -3199 719.942932 ) (-3197 -3199 2370.850098 ) (-3197 -3072 2370.850098 ) (-3197 -3072 719.942871 ) 
4 233 235 (-3197 -3072 -1684.849976 ) (-3197 -3199 -1684.849976 ) (-3197 -3199 706 ) (-3197 -3072 706 ) 
4 234 238 (-3197 -3199 722 ) (-3197 -3199 2370.850098 ) (-3213 -3199 2370.850098 ) (-3213 -3199 722 ) 
4 234 236 (-3213 -3199 717.885986 ) (-3213 -3199 2370.850098 ) (-3213 -3072 2370.850098 ) (-3213 -3072 717.885986 ) 
4 235 239 (-3213 -3199 -1684.849976 ) (-3197 -3199 -1684.849976 ) (-3197 -3199 706 ) (-3213 -3199 706 ) 
4 235 236 (-3213 -3072 -1684.849976 ) (-3213 -3199 -1684.849976 ) (-3213 -3199 706 ) (-3213 -3072 706 ) 
4 236 242 (-4096 -3072 2370.850098 ) (-4096 -3072 -1684.849976 ) (-4096 -3199 -1684.849976 ) (-4096 -3199 2370.850098 ) 
4 236 241 (-4096 -3199 -1684.849976 ) (-3213 -3199 -1684.849976 ) (-3213 -3199 2370.850098 ) (-4096 -3199 2370.850098 ) 
4 237 238 (-3197 -3199 2370.850098 ) (-3197 -3199 722 ) (-3197 -3647 722 ) (-3197 -3647 2370.850098 ) 
4 237 239 (-3197 -3199 706 ) (-3197 -3199 -1684.849976 ) (-3197 -3647 -1684.849976 ) (-3197 -3647 706 ) 
4 237 240 (-3197 -3647 -1684.849976 ) (-3197 -3868.959961 -1684.849976 ) (-3197 -3868.959961 2370.850098 ) (-3197 -3647 2370.850098 ) 
4 238 241 (-3213 -3199 2370.850098 ) (-3213 -3199 722 ) (-3213 -3647 722 ) (-3213 -3647 2370.850098 ) 
4 238 240 (-3213 -3647 2370.850098 ) (-3213 -3647 722 ) (-3197 -3647 722 ) (-3197 -3647 2370.850098 ) 
4 239 240 (-3213 -3647 706 ) (-3213 -3647 -1684.849976 ) (-3197 -3647 -1684.849976 ) (-3197 -3647 706 ) 
4 239 241 (-3213 -3199 706 ) (-3213 -3199 -1684.849976 ) (-3213 -3647 -1684.849976 ) (-3213 -3647 706 ) 
4 240 241 (-3213 -3647 -1684.849976 ) (-3213 -3868.959961 -1684.849976 ) (-3213 -3868.959961 2370.850098 ) (-3213 -3647 2370.850098 ) 
4 241 242 (-4096 -3199 -1684.849976 ) (-4096 -3868.959961 -1684.849976 ) (-4096 -3868.959961 2370.850098 ) (-4096 -3199 2370.850098 ) 
4 242 256 (-5120 -3868.959961 2370.850098 ) (-5120 -3072 2370.850098 ) (-5120 -3072 -1684.849976 ) (-5120 -3868.959961 -1684.849976 ) 
4 243 249 (-5120 -1024 1587 ) (-5120 -1024 2370.850098 ) (-5805 -1024 2370.850098 ) (-5805 -1024 1587 ) 
4 243 248 (-5805 -1024 1587 ) (-5805 -1024 2370.850098 ) (-5805 0 2370.850098 ) (-5805 0 1587 ) 
4 244 250 (-5120 -1024 -1118 ) (-5120 -1024 1586 ) (-5805 -1024 1586 ) (-5805 -1024 -1118 ) 
4 244 248 (-5805 -1024 -1118 ) (-5805 -1024 1586 ) (-5805 0 1586 ) (-5805 0 -1118 ) 
4 244 246 (-5120 -1024 -1118 ) (-5485 -1024 -1118 ) (-5485 -943 -1118 ) (-5120 -943 -1118 ) 
4 244 247 (-5485 -1024 -1118 ) (-5805 -1024 -1118 ) (-5805 0 -1118 ) (-5485 0 -1118 ) 
4 245 246 (-5485 -943 -1198 ) (-5485 -943 -1684.849976 ) (-5120 -943 -1684.849976 ) (-5120 -943 -1198 ) 
4 245 247 (-5485 0 -1684.849976 ) (-5485 -943 -1684.849976 ) (-5485 -943 -1198 ) (-5485 0 -1198 ) 
4 246 250 (-5120 -1024 -1684.849976 ) (-5120 -1024 -1118 ) (-5485 -1024 -1118 ) (-5485 -1024 -1684.849976 ) 
4 246 247 (-5485 -943 -1684.849976 ) (-5485 -1024 -1684.849976 ) (-5485 -1024 -1118 ) (-5485 -943 -1118 ) 
4 247 250 (-5485 -1024 -1118 ) (-5805 -1024 -1118 ) (-5805 -1024 -1684.849976 ) (-5485 -1024 -1684.849976 ) 
4 247 248 (-5805 0 -1684.849976 ) (-5805 -1024 -1684.849976 ) (-5805 -1024 -1118 ) (-5805 0 -1118 ) 
4 248 251 (-5805 -1024 2370.850098 ) (-6143.740234 -1024 2370.850098 ) (-6143.740234 -1024 -1684.849976 ) (-5805 -1024 -1684.849976 ) 
4 249 252 (-5120 -2048 1587 ) (-5120 -2048 2370.850098 ) (-5805 -2048 2370.850098 ) (-5805 -2048 1587 ) 
4 249 251 (-5805 -2048 1587 ) (-5805 -2048 2370.850098 ) (-5805 -1024 2370.850098 ) (-5805 -1024 1587 ) 
4 250 253 (-5120 -2048 -1684.849976 ) (-5120 -2048 1586 ) (-5805 -2048 1586 ) (-5805 -2048 -1684.849976 ) 
4 250 251 (-5805 -1024 -1684.849976 ) (-5805 -2048 -1684.849976 ) (-5805 -2048 1586 ) (-5805 -1024 1586 ) 
4 251 255 (-5805 -2048 2370.850098 ) (-6143.740234 -2048 2370.850098 ) (-6143.740234 -2048 -1684.849976 ) (-5805 -2048 -1684.849976 ) 
4 252 255 (-5805 -2687 1587 ) (-5805 -2687 2370.850098 ) (-5805 -2048 2370.850098 ) (-5805 -2048 1587 ) 
4 252 254 (-5805 -2687 2370.850098 ) (-5805 -2687 1587 ) (-5120 -2687 1587 ) (-5120 -2687 2370.850098 ) 
4 253 255 (-5805 -2048 -1684.849976 ) (-5805 -2687 -1684.849976 ) (-5805 -2687 1586 ) (-5805 -2048 1586 ) 
4 253 254 (-5805 -2687 1586 ) (-5805 -2687 -1684.849976 ) (-5120 -2687 -1684.849976 ) (-5120 -2687 1586 ) 
4 254 256 (-5120 -3072 -1684.849976 ) (-5120 -3072 2370.850098 ) (-5805 -3072 2370.850098 ) (-5805 -3072 -1684.849976 ) 
4 254 255 (-5805 -2687 -1684.849976 ) (-5805 -3072 -1684.849976 ) (-5805 -3072 2370.850098 ) (-5805 -2687 2370.850098 ) 
4 255 256 (-5805 -3072 2370.850098 ) (-6143.740234 -3072 2370.850098 ) (-6143.740234 -3072 -1684.849976 ) (-5805 -3072 -1684.849976 ) 
